00:42:18.458 [main                     ] DEBUG Logger               - Configured Logger
00:42:18.474 [main                     ] DEBUG GameApplication      - Logging settings
Title: CupHead
Version: 0.0
Width: 1000
Height: 600
Fullscreen: false
Intro: false
Profiling: false
Single step:false
App Mode: DEVELOPER
Menu Key: ESCAPE
Stage Style: DECORATED
Scene Factory: class Views.BasicGameApp$1

00:42:18.814 [JavaFX Application Thread] DEBUG FXGLApplication      - Initializing FXGL
00:42:18.816 [JavaFX Application Thread] INFO  Engine               - FXGL-11.17 (16.07.2021 15.46) on WINDOWS (J:11.0.15 FX:17.0.1)
00:42:18.816 [JavaFX Application Thread] DEBUG Engine               - JRE Vendor Name: Amazon.com Inc.
00:42:18.816 [JavaFX Application Thread] DEBUG Engine               - Running on OS: Windows 10 version 10.0
00:42:18.816 [JavaFX Application Thread] DEBUG Engine               - Architecture: amd64
00:42:18.816 [JavaFX Application Thread] INFO  Engine               - Source code and latest versions at: https://github.com/AlmasB/FXGL
00:42:18.816 [JavaFX Application Thread] INFO  Engine               -              Join the FXGL chat at: https://gitter.im/AlmasB/FXGL
00:42:18.910 [JavaFX Application Thread] DEBUG PrimaryStageWindow   - Creating a JavaFX scene
00:42:18.961 [JavaFX Application Thread] DEBUG PrimaryStageWindow   - Target settings size: 1000.0 x 600.0
00:42:18.961 [JavaFX Application Thread] DEBUG PrimaryStageWindow   - Scaled scene size:    1000.0 x 600.0
00:42:18.961 [JavaFX Application Thread] DEBUG PrimaryStageWindow   - Scaled ratio: (1.0, 1.0)
00:42:18.962 [JavaFX Application Thread] DEBUG PrimaryStageWindow   - Set initial scene to FXGLStartupScene
00:42:18.969 [JavaFX Application Thread] DEBUG PrimaryStageWindow   - Opening main window
00:42:19.055 [JavaFX Application Thread] DEBUG PrimaryStageWindow   - Window border size: (14.4000244140625, 37.5999755859375)
00:42:19.055 [JavaFX Application Thread] DEBUG PrimaryStageWindow   - Scaled size: 1000.0 x 600.0
00:42:19.055 [JavaFX Application Thread] DEBUG PrimaryStageWindow   - Scaled ratio: (1.0, 1.0)
00:42:19.055 [JavaFX Application Thread] DEBUG PrimaryStageWindow   - Scene size: 1000.0 x 600.0
00:42:19.056 [JavaFX Application Thread] DEBUG PrimaryStageWindow   - Stage size: 1014.4000244140625 x 637.5999755859375
00:42:19.066 [FXGL Background Thread 1 ] DEBUG Engine               - Initializing environment variables
00:42:19.123 [FXGL Background Thread 1 ] DEBUG FXGLAssetLoaderServi - User app class for loading assets: class Views.BasicGameApp
00:42:19.124 [FXGL Background Thread 1 ] DEBUG GameApplicationServi - Applying CSS: fxgl_dark.css
00:42:19.125 [FXGL Background Thread 1 ] DEBUG FXGLAssetLoaderServi - Loading from file system: jar:file:/C:/Users/PARSA/.m2/repository/com/github/almasb/fxgl/11.17/fxgl-11.17.jar!/fxglassets/ui/css/fxgl_dark.css
00:42:19.162 [FXGL Background Thread 1 ] DEBUG GameApplicationServi - Initializing application scenes
00:42:19.207 [FXGL Background Thread 1 ] DEBUG GameWorld            - Game world initialized
00:42:19.265 [FXGL Background Thread 1 ] DEBUG PhysicsWorld         - Physics world initialized: appHeight=600, physics.ppm=50.0
00:42:19.265 [FXGL Background Thread 1 ] DEBUG PhysicsWorld         - Using strategy: BRUTE_FORCE
00:42:19.267 [FXGL Background Thread 1 ] DEBUG GameScene            - Game scene initialized: 1000x600
00:42:19.364 [FXGL Background Thread 1 ] DEBUG FXGL.DefaultMenu     - createMenuBodyGameMenu()
00:42:19.377 [FXGL Background Thread 1 ] DEBUG FXGL.DefaultMenu     - createOptionsMenu()
00:42:19.387 [FXGL Background Thread 1 ] DEBUG FXGLAssetLoaderServi - Loading from file system: jar:file:/C:/Users/PARSA/.m2/repository/com/github/almasb/fxgl/11.17/fxgl-11.17.jar!/fxglassets/textures/particles/smoke.png
00:42:19.452 [FXGL Background Thread 1 ] DEBUG FXGLAssetLoaderServi - Loading from file system: jar:file:/C:/Users/PARSA/.m2/repository/com/github/almasb/fxgl/11.17/fxgl-11.17.jar!/fxglassets/textures/particles/trace_horizontal.png
00:42:19.473 [FXGL Background Thread 1 ] DEBUG GameApplicationServi - Application scenes initialized
00:42:19.481 [FXGL Background Thread 1 ] DEBUG SystemBundleService  - Loading FXGL system data
00:42:19.485 [FXGL Background Thread 1 ] DEBUG FileSystemAccess     - Reading from: D:\UNIVERSITY\2\AP\tamrins\T3\CupHead\system\fxgl.bundle
00:42:19.490 [FXGL Background Thread 1 ] DEBUG SystemBundleService  - Bundle FXGL: {}
00:42:19.490 [FXGL Background Thread 1 ] DEBUG UpdaterService       - Checking for updates
00:42:19.520 [FXGL Background Thread 4 ] DEBUG FXGLApplication      - Loading fonts
00:42:19.520 [FXGL Background Thread 4 ] DEBUG FXGLAssetLoaderServi - Loading from file system: jar:file:/C:/Users/PARSA/.m2/repository/com/github/almasb/fxgl/11.17/fxgl-11.17.jar!/fxglassets/ui/fonts/VarelaRound-Regular.ttf
00:42:19.521 [FXGL Background Thread 1 ] DEBUG FXGLApplication      - Loading default localization
00:42:19.522 [FXGL Background Thread 1 ] DEBUG FXGLAssetLoaderServi - Loading from file system: jar:file:/C:/Users/PARSA/.m2/repository/com/github/almasb/fxgl/11.17/fxgl-11.17.jar!/fxglassets/languages/english.lang
00:42:19.536 [FXGL Background Thread 1 ] INFO  FXGLApplication      - FXGL initialization took: 0.472 sec
00:42:19.548 [JavaFX Application Thread] DEBUG Input                - Registered new binding: action0 - D
00:42:19.548 [JavaFX Application Thread] DEBUG Input                - Registered new binding: action1 - A
00:42:19.549 [JavaFX Application Thread] DEBUG Input                - Registered new binding: action2 - W
00:42:19.549 [JavaFX Application Thread] DEBUG Input                - Registered new binding: action3 - S
00:42:19.550 [JavaFX Application Thread] DEBUG Input                - Registered new binding: changeShootState - Tab
00:42:19.550 [JavaFX Application Thread] DEBUG Input                - Registered new binding: shoot - Space
00:42:19.550 [JavaFX Application Thread] DEBUG FXGLAssetLoaderServi - Loading from file system: jar:file:/C:/Users/PARSA/.m2/repository/com/github/almasb/fxgl/11.17/fxgl-11.17.jar!/fxglassets/textures/fxgl_icon.png
00:42:19.566 [JavaFX Application Thread] DEBUG FXGLAssetLoaderServi - Loading from file system: jar:file:/C:/Users/PARSA/.m2/repository/com/github/almasb/fxgl/11.17/fxgl-11.17.jar!/fxglassets/textures/fxgl_default_cursor.png
00:42:19.570 [JavaFX Application Thread] DEBUG Input                - Registered new binding: Screenshot - CTRL+8
00:42:19.571 [JavaFX Application Thread] DEBUG Input                - Registered new binding: Dev Options - 1
00:42:19.572 [JavaFX Application Thread] DEBUG Input                - Registered new binding: Dev Console - 2
00:42:19.573 [JavaFX Application Thread] DEBUG Input                - Registered new binding: System info dump - CTRL+9
00:42:19.573 [JavaFX Application Thread] DEBUG Input                - Registered new binding: Restart - CTRL+R
00:42:19.574 [JavaFX Application Thread] DEBUG Input                - Registered new binding: Toggle Debug Camera - CTRL+C
00:42:19.579 [JavaFX Application Thread] DEBUG LoopRunner           - Starting loop
00:42:19.594 [JavaFX Application Thread] DEBUG LoopRunner           - Initializing JavaFX AnimationTimerLoop
00:42:19.600 [JavaFX Application Thread] DEBUG Input                - Clearing active input actions
00:42:19.610 [JavaFX Application Thread] DEBUG GameApplicationServi - Removing overlay from FXGLStartupScene and adding to FXGLMainMenuDummyScene
00:42:19.617 [JavaFX Application Thread] DEBUG PrimaryStageWindow   - FXGLStartupScene -> FXGLMainMenuDummyScene
00:42:19.618 [JavaFX Application Thread] DEBUG PrimaryStageWindow   - Push state: CupHeadMainMenu
00:42:19.618 [JavaFX Application Thread] DEBUG FXGLAssetLoaderServi - Loading from file system: file:/D:/UNIVERSITY/2/AP/tamrins/T3/CupHead/target/classes/assets/music/menuMusic.wav
00:42:19.757 [JavaFX Application Thread] DEBUG AudioPlayer          - Playing music com.almasb.fxgl.audio.Music@7c57ad67
00:42:19.757 [JavaFX Application Thread] DEBUG Input                - Clearing active input actions
00:42:19.761 [JavaFX Application Thread] DEBUG GameApplicationServi - Removing overlay from FXGLMainMenuDummyScene and adding to CupHeadMainMenu
00:42:19.761 [JavaFX Application Thread] DEBUG PrimaryStageWindow   - FXGLMainMenuDummyScene -> CupHeadMainMenu
00:42:19.951 [FXGL Background Thread 4 ] DEBUG FXGLAssetLoaderServi - Loading from file system: jar:file:/C:/Users/PARSA/.m2/repository/com/github/almasb/fxgl/11.17/fxgl-11.17.jar!/fxglassets/ui/fonts/Abel-Regular.ttf
00:42:19.958 [FXGL Background Thread 4 ] DEBUG FXGLAssetLoaderServi - Loading from file system: jar:file:/C:/Users/PARSA/.m2/repository/com/github/almasb/fxgl/11.17/fxgl-11.17.jar!/fxglassets/ui/fonts/lucida_console.ttf
00:42:19.970 [FXGL Background Thread 4 ] DEBUG FXGLAssetLoaderServi - Loading from file system: jar:file:/C:/Users/PARSA/.m2/repository/com/github/almasb/fxgl/11.17/fxgl-11.17.jar!/fxglassets/ui/fonts/Courier-Prime.ttf
00:42:19.980 [JavaFX Application Thread] DEBUG FXGLApplication      - Registering font factories with UI factory
00:42:20.619 [FXGL Background Thread 2 ] INFO  UpdaterService       - Your current version:  11.17
00:42:20.620 [FXGL Background Thread 2 ] INFO  UpdaterService       - Latest stable version: 17.1
00:42:20.854 [JavaFX Application Thread] DEBUG Menu                 - fireNewGame()
00:42:20.854 [JavaFX Application Thread] DEBUG GameApplicationServi - Starting new game
00:42:20.854 [JavaFX Application Thread] DEBUG AudioPlayer          - Stopping music com.almasb.fxgl.audio.Music@7c57ad67
00:42:20.855 [JavaFX Application Thread] DEBUG PrimaryStageWindow   - Pop state: CupHeadMainMenu
00:42:20.855 [JavaFX Application Thread] DEBUG Input                - Clearing active input actions
00:42:20.856 [JavaFX Application Thread] DEBUG GameApplicationServi - Removing overlay from CupHeadMainMenu and adding to FXGLMainMenuDummyScene
00:42:20.857 [JavaFX Application Thread] DEBUG PrimaryStageWindow   - FXGLMainMenuDummyScene <- CupHeadMainMenu
00:42:20.857 [JavaFX Application Thread] DEBUG Input                - Clearing active input actions
00:42:20.862 [JavaFX Application Thread] DEBUG GameApplicationServi - Removing overlay from FXGLMainMenuDummyScene and adding to FXGLLoadingScene
00:42:20.863 [JavaFX Application Thread] DEBUG PrimaryStageWindow   - FXGLMainMenuDummyScene -> FXGLLoadingScene
00:42:20.863 [JavaFX Application Thread] DEBUG GameApplicationServi - Clearing previous game
00:42:20.863 [JavaFX Application Thread] DEBUG GameScene            - Clearing game scene
00:42:20.863 [JavaFX Application Thread] DEBUG GameWorld            - Clearing game world
00:42:20.863 [JavaFX Application Thread] DEBUG PhysicsWorld         - Clearing physics world
00:42:20.865 [FXGL Background Thread 2 ] DEBUG FXGLApplication      - Initializing game
00:42:20.868 [FXGL Background Thread 2 ] DEBUG FXGLAssetLoaderServi - Loading from file system: file:/D:/UNIVERSITY/2/AP/tamrins/T3/CupHead/target/classes/assets/textures/img.png
00:42:20.898 [FXGL Background Thread 2 ] DEBUG FXGLAssetLoaderServi - Loading from file system: file:/D:/UNIVERSITY/2/AP/tamrins/T3/CupHead/target/classes/assets/music/background.mp3
00:42:20.903 [FXGL Background Thread 2 ] DEBUG AudioPlayer          - Playing music com.almasb.fxgl.audio.Music@30e8cdac
00:42:20.939 [FXGL Background Thread 2 ] DEBUG FXGLAssetLoaderServi - Loading from file system: file:/D:/UNIVERSITY/2/AP/tamrins/T3/CupHead/target/classes/assets/textures/bossFly1.png
00:42:20.967 [FXGL Background Thread 2 ] DEBUG FXGLAssetLoaderServi - Loading from file system: file:/D:/UNIVERSITY/2/AP/tamrins/T3/CupHead/target/classes/assets/textures/red.png
00:42:20.972 [FXGL Background Thread 2 ] DEBUG FXGLAssetLoaderServi - Loading from file system: file:/D:/UNIVERSITY/2/AP/tamrins/T3/CupHead/target/classes/assets/textures/bulletIcon.png
00:42:20.991 [JavaFX Application Thread] DEBUG LoopRunner           - Stopping loop
00:42:20.993 [JavaFX Application Thread] FATAL FXGLApplication      - Uncaught Exception:
java.lang.RuntimeException: Initialization failed
	at com.almasb.fxgl.app.FXGLApplication$InitAppTask.failed(FXGLApplication.kt:343)
	at javafx.concurrent.Task.setState(Task.java:710)
	at javafx.concurrent.Task$TaskCallable.lambda$call$2(Task.java:1456)
	at com.sun.javafx.application.PlatformImpl.lambda$runLater$10(PlatformImpl.java:457)
	at java.base/java.security.AccessController.doPrivileged(Native Method)
	at com.sun.javafx.application.PlatformImpl.lambda$runLater$11(PlatformImpl.java:456)
	at com.sun.glass.ui.InvokeLaterDispatcher$Future.run(InvokeLaterDispatcher.java:96)
	at com.sun.glass.ui.win.WinApplication._runLoop(Native Method)
	at com.sun.glass.ui.win.WinApplication.lambda$runLoop$3(WinApplication.java:184)
	at java.base/java.lang.Thread.run(Thread.java:829)
Caused by: java.lang.ClassCastException: class javafx.beans.property.SimpleIntegerProperty cannot be cast to class javafx.beans.property.StringProperty (javafx.beans.property.SimpleIntegerProperty and javafx.beans.property.StringProperty are in unnamed module of loader 'app')
	at com.almasb.fxgl.core.collection.PropertyMap.stringProperty(PropertyMap.kt:166)
	at Views.BasicGameApp.initUI(BasicGameApp.java:430)
	at com.almasb.fxgl.app.FXGLApplication$InitAppTask.call(FXGLApplication.kt:321)
	at com.almasb.fxgl.app.FXGLApplication$InitAppTask.call(FXGLApplication.kt:311)
	at javafx.concurrent.Task$TaskCallable.call(Task.java:1426)
	at java.base/java.util.concurrent.FutureTask.run(FutureTask.java:264)
	at java.base/java.util.concurrent.Executors$RunnableAdapter.call(Executors.java:515)
	at java.base/java.util.concurrent.FutureTask.run(FutureTask.java:264)
	at java.base/java.util.concurrent.ThreadPoolExecutor.runWorker(ThreadPoolExecutor.java:1128)
	at java.base/java.util.concurrent.ThreadPoolExecutor$Worker.run(ThreadPoolExecutor.java:628)
	... 1 more

00:42:20.993 [JavaFX Application Thread] FATAL FXGLApplication      - Application will now exit
00:42:20.995 [JavaFX Application Thread] DEBUG PrimaryStageWindow   - Push state: ErrorSubScene
00:42:20.996 [JavaFX Application Thread] DEBUG Input                - Clearing active input actions
00:42:20.996 [JavaFX Application Thread] DEBUG GameApplicationServi - Removing overlay from FXGLLoadingScene and adding to ErrorSubScene
00:42:20.998 [JavaFX Application Thread] DEBUG PrimaryStageWindow   - FXGLLoadingScene -> ErrorSubScene
00:42:22.520 [FXGL Background Thread 3 ] DEBUG Engine               - Logging environment variables
00:42:22.520 [FXGL Background Thread 3 ] DEBUG Engine               - achievements: []
00:42:22.520 [FXGL Background Thread 3 ] DEBUG Engine               - actualHeight: 600.0
00:42:22.520 [FXGL Background Thread 3 ] DEBUG Engine               - actualHeightProperty: ReadOnlyDoubleProperty [value: 600.0]
00:42:22.520 [FXGL Background Thread 3 ] DEBUG Engine               - actualWidth: 1000.0
00:42:22.520 [FXGL Background Thread 3 ] DEBUG Engine               - actualWidthProperty: ReadOnlyDoubleProperty [value: 1000.0]
00:42:22.520 [FXGL Background Thread 3 ] DEBUG Engine               - appIcon: fxgl_icon.png
00:42:22.520 [FXGL Background Thread 3 ] DEBUG Engine               - applicationMode: DEVELOPER
00:42:22.520 [FXGL Background Thread 3 ] DEBUG Engine               - cSSList: [fxgl_dark.css]
00:42:22.520 [FXGL Background Thread 3 ] DEBUG Engine               - collisionDetectionStrategy: BRUTE_FORCE
00:42:22.521 [FXGL Background Thread 3 ] DEBUG Engine               - configClass: Optional.empty
00:42:22.521 [FXGL Background Thread 3 ] DEBUG Engine               - credits: []
00:42:22.521 [FXGL Background Thread 3 ] DEBUG Engine               - defaultCursor: CursorInfo(imageName=fxgl_default_cursor.png, hotspotX=7.0, hotspotY=6.0)
00:42:22.521 [FXGL Background Thread 3 ] DEBUG Engine               - devBBoxColorProperty: ObjectProperty [value: 0xff0000ff]
00:42:22.521 [FXGL Background Thread 3 ] DEBUG Engine               - devEnableDebugCameraProperty: BooleanProperty [value: false]
00:42:22.521 [FXGL Background Thread 3 ] DEBUG Engine               - devSensorColorProperty: ObjectProperty [value: 0xffff00ff]
00:42:22.521 [FXGL Background Thread 3 ] DEBUG Engine               - devShowBBoxProperty: BooleanProperty [value: false]
00:42:22.521 [FXGL Background Thread 3 ] DEBUG Engine               - devShowPositionProperty: BooleanProperty [value: false]
00:42:22.521 [FXGL Background Thread 3 ] DEBUG Engine               - enabledMenuItems: []
00:42:22.521 [FXGL Background Thread 3 ] DEBUG Engine               - engineServices: [class com.almasb.fxgl.app.services.FXGLAssetLoaderService, class com.almasb.fxgl.app.FXGLApplication$GameApplicationService, class com.almasb.fxgl.app.services.FXGLDialogService, class com.almasb.fxgl.app.services.IOTaskExecutorService, class com.almasb.fxgl.io.FileSystemService, class com.almasb.fxgl.localization.LocalizationService, class com.almasb.fxgl.app.services.SystemBundleService, class com.almasb.fxgl.profile.SaveLoadService, class com.almasb.fxgl.ui.FXGLUIFactoryServiceProvider, class com.almasb.fxgl.ui.FXGLDialogFactoryServiceProvider, class com.almasb.fxgl.audio.AudioPlayer, class com.almasb.fxgl.notification.impl.NotificationServiceProvider, class com.almasb.fxgl.achievement.AchievementService, class com.almasb.fxgl.cutscene.CutsceneService, class com.almasb.fxgl.minigames.MiniGameService, class com.almasb.fxgl.net.NetService, class com.almasb.fxgl.app.services.UpdaterService, class com.almasb.fxgl.dev.DevService]
00:42:22.521 [FXGL Background Thread 3 ] DEBUG Engine               - fontGame: Abel-Regular.ttf
00:42:22.521 [FXGL Background Thread 3 ] DEBUG Engine               - fontMono: lucida_console.ttf
00:42:22.521 [FXGL Background Thread 3 ] DEBUG Engine               - fontText: Courier-Prime.ttf
00:42:22.521 [FXGL Background Thread 3 ] DEBUG Engine               - fontUI: VarelaRound-Regular.ttf
00:42:22.521 [FXGL Background Thread 3 ] DEBUG Engine               - fullScreen: BooleanProperty [value: false]
00:42:22.521 [FXGL Background Thread 3 ] DEBUG Engine               - gameDifficulty: MEDIUM
00:42:22.521 [FXGL Background Thread 3 ] DEBUG Engine               - gameDifficultyProperty: ObjectProperty [value: MEDIUM]
00:42:22.521 [FXGL Background Thread 3 ] DEBUG Engine               - globalMusicVolume: 0.5
00:42:22.521 [FXGL Background Thread 3 ] DEBUG Engine               - globalMusicVolumeProperty: DoubleProperty [value: 80.0]
00:42:22.521 [FXGL Background Thread 3 ] DEBUG Engine               - globalSoundVolume: 0.5
00:42:22.521 [FXGL Background Thread 3 ] DEBUG Engine               - globalSoundVolumeProperty: DoubleProperty [value: 0.5]
00:42:22.521 [FXGL Background Thread 3 ] DEBUG Engine               - height: 600
00:42:22.522 [FXGL Background Thread 3 ] DEBUG Engine               - is3D: false
00:42:22.522 [FXGL Background Thread 3 ] DEBUG Engine               - isAndroid: false
00:42:22.522 [FXGL Background Thread 3 ] DEBUG Engine               - isBrowser: false
00:42:22.522 [FXGL Background Thread 3 ] DEBUG Engine               - isClickFeedbackEnabled: false
00:42:22.522 [FXGL Background Thread 3 ] DEBUG Engine               - isCloseConfirmation: false
00:42:22.522 [FXGL Background Thread 3 ] DEBUG Engine               - isDesktop: true
00:42:22.522 [FXGL Background Thread 3 ] DEBUG Engine               - isDeveloperMenuEnabled: true
00:42:22.522 [FXGL Background Thread 3 ] DEBUG Engine               - isEntityPreloadEnabled: true
00:42:22.522 [FXGL Background Thread 3 ] DEBUG Engine               - isExperimentalTiledLargeMap: false
00:42:22.522 [FXGL Background Thread 3 ] DEBUG Engine               - isFileSystemWriteAllowed: true
00:42:22.522 [FXGL Background Thread 3 ] DEBUG Engine               - isFullScreenAllowed: false
00:42:22.522 [FXGL Background Thread 3 ] DEBUG Engine               - isFullScreenFromStart: false
00:42:22.522 [FXGL Background Thread 3 ] DEBUG Engine               - isGameMenuEnabled: true
00:42:22.522 [FXGL Background Thread 3 ] DEBUG Engine               - isIOS: false
00:42:22.522 [FXGL Background Thread 3 ] DEBUG Engine               - isIntroEnabled: false
00:42:22.522 [FXGL Background Thread 3 ] DEBUG Engine               - isLinux: false
00:42:22.522 [FXGL Background Thread 3 ] DEBUG Engine               - isMac: false
00:42:22.522 [FXGL Background Thread 3 ] DEBUG Engine               - isMainMenuEnabled: true
00:42:22.522 [FXGL Background Thread 3 ] DEBUG Engine               - isManualResizeEnabled: false
00:42:22.522 [FXGL Background Thread 3 ] DEBUG Engine               - isMobile: false
00:42:22.522 [FXGL Background Thread 3 ] DEBUG Engine               - isNative: false
00:42:22.522 [FXGL Background Thread 3 ] DEBUG Engine               - isPauseMusicWhenMinimized: true
00:42:22.522 [FXGL Background Thread 3 ] DEBUG Engine               - isPreserveResizeRatio: false
00:42:22.522 [FXGL Background Thread 3 ] DEBUG Engine               - isProfilingEnabled: false
00:42:22.522 [FXGL Background Thread 3 ] DEBUG Engine               - isScaleAffectedOnResize: true
00:42:22.522 [FXGL Background Thread 3 ] DEBUG Engine               - isSingleStep: false
00:42:22.522 [FXGL Background Thread 3 ] DEBUG Engine               - isUserProfileEnabled: true
00:42:22.522 [FXGL Background Thread 3 ] DEBUG Engine               - isWindows: true
00:42:22.523 [FXGL Background Thread 3 ] DEBUG Engine               - language: ObjectProperty [value: ENGLISH]
00:42:22.523 [FXGL Background Thread 3 ] DEBUG Engine               - menuKey: ESCAPE
00:42:22.523 [FXGL Background Thread 3 ] DEBUG Engine               - mouseSensitivity: 0.2
00:42:22.523 [FXGL Background Thread 3 ] DEBUG Engine               - notificationViewClass: class com.almasb.fxgl.notification.view.XboxNotificationView
00:42:22.523 [FXGL Background Thread 3 ] DEBUG Engine               - pixelsPerMeter: 50.0
00:42:22.523 [FXGL Background Thread 3 ] DEBUG Engine               - platform: WINDOWS
00:42:22.523 [FXGL Background Thread 3 ] DEBUG Engine               - prefHeightProperty: ReadOnlyDoubleProperty [value: 600.0]
00:42:22.523 [FXGL Background Thread 3 ] DEBUG Engine               - prefWidthProperty: ReadOnlyDoubleProperty [value: 1000.0]
00:42:22.523 [FXGL Background Thread 3 ] DEBUG Engine               - profileDir: profiles/
00:42:22.523 [FXGL Background Thread 3 ] DEBUG Engine               - profileName: StringProperty [value: DEFAULT]
00:42:22.523 [FXGL Background Thread 3 ] DEBUG Engine               - randomSeed: -1
00:42:22.523 [FXGL Background Thread 3 ] DEBUG Engine               - runtimeInfo: RuntimeInfo(platform=WINDOWS, version=11.17, build=16.07.2021 15.46)
00:42:22.523 [FXGL Background Thread 3 ] DEBUG Engine               - saveFileExt: sav
00:42:22.523 [FXGL Background Thread 3 ] DEBUG Engine               - scaledHeightProp$fxgl: DoubleProperty [bound, value: 600.0]
00:42:22.523 [FXGL Background Thread 3 ] DEBUG Engine               - scaledWidthProp$fxgl: DoubleProperty [bound, value: 1000.0]
00:42:22.523 [FXGL Background Thread 3 ] DEBUG Engine               - sceneFactory: Views.BasicGameApp$1@6de228a8
00:42:22.523 [FXGL Background Thread 3 ] DEBUG Engine               - secondsIn24h: 60
00:42:22.523 [FXGL Background Thread 3 ] DEBUG Engine               - soundMenuBack: menu/back.wav
00:42:22.523 [FXGL Background Thread 3 ] DEBUG Engine               - soundMenuPress: menu/press.wav
00:42:22.523 [FXGL Background Thread 3 ] DEBUG Engine               - soundMenuSelect: menu/select.wav
00:42:22.523 [FXGL Background Thread 3 ] DEBUG Engine               - soundNotification: core/notification.wav
00:42:22.523 [FXGL Background Thread 3 ] DEBUG Engine               - stageStyle: DECORATED
00:42:22.523 [FXGL Background Thread 3 ] DEBUG Engine               - supportedLanguages: [ENGLISH, FRENCH, GERMAN, HUNGARIAN, RUSSIAN]
00:42:22.523 [FXGL Background Thread 3 ] DEBUG Engine               - ticksPerSecond: -1
00:42:22.523 [FXGL Background Thread 3 ] DEBUG Engine               - title: CupHead
00:42:22.523 [FXGL Background Thread 3 ] DEBUG Engine               - urlGithub: https://github.com/AlmasB/FXGL
00:42:22.523 [FXGL Background Thread 3 ] DEBUG Engine               - urlLeaderboard: http://fxgl-top.herokuapp.com/
00:42:22.524 [FXGL Background Thread 3 ] DEBUG Engine               - urlPOM: https://raw.githubusercontent.com/AlmasB/FXGL/release/README.md
00:42:22.524 [FXGL Background Thread 3 ] DEBUG Engine               - userAppClass: class Views.BasicGameApp
00:42:22.524 [FXGL Background Thread 3 ] DEBUG Engine               - version: 0.0
00:42:22.524 [FXGL Background Thread 3 ] DEBUG Engine               - versionCheckDays: 7
00:42:22.524 [FXGL Background Thread 3 ] DEBUG Engine               - width: 1000
00:42:22.524 [FXGL Background Thread 3 ] DEBUG Engine               - Logging services
00:42:22.524 [FXGL Background Thread 3 ] DEBUG Engine               - class com.almasb.fxgl.app.services.FXGLAssetLoaderService
00:42:22.524 [FXGL Background Thread 3 ] DEBUG Engine               - class com.almasb.fxgl.app.FXGLApplication$GameApplicationService
00:42:22.524 [FXGL Background Thread 3 ] DEBUG Engine               - class com.almasb.fxgl.app.services.FXGLDialogService
00:42:22.524 [FXGL Background Thread 3 ] DEBUG Engine               - class com.almasb.fxgl.app.services.IOTaskExecutorService
00:42:22.524 [FXGL Background Thread 3 ] DEBUG Engine               - class com.almasb.fxgl.io.FileSystemService
00:42:22.524 [FXGL Background Thread 3 ] DEBUG Engine               - class com.almasb.fxgl.localization.LocalizationService
00:42:22.524 [FXGL Background Thread 3 ] DEBUG Engine               - class com.almasb.fxgl.app.services.SystemBundleService
00:42:22.524 [FXGL Background Thread 3 ] DEBUG Engine               - class com.almasb.fxgl.profile.SaveLoadService
00:42:22.524 [FXGL Background Thread 3 ] DEBUG Engine               - class com.almasb.fxgl.ui.FXGLUIFactoryServiceProvider
00:42:22.524 [FXGL Background Thread 3 ] DEBUG Engine               - class com.almasb.fxgl.ui.FXGLDialogFactoryServiceProvider
00:42:22.524 [FXGL Background Thread 3 ] DEBUG Engine               - class com.almasb.fxgl.audio.AudioPlayer
00:42:22.524 [FXGL Background Thread 3 ] DEBUG Engine               - class com.almasb.fxgl.notification.impl.NotificationServiceProvider
00:42:22.524 [FXGL Background Thread 3 ] DEBUG Engine               - class com.almasb.fxgl.achievement.AchievementService
00:42:22.524 [FXGL Background Thread 3 ] DEBUG Engine               - class com.almasb.fxgl.cutscene.CutsceneService
00:42:22.524 [FXGL Background Thread 3 ] DEBUG Engine               - class com.almasb.fxgl.minigames.MiniGameService
00:42:22.524 [FXGL Background Thread 3 ] DEBUG Engine               - class com.almasb.fxgl.net.NetService
00:42:22.525 [FXGL Background Thread 3 ] DEBUG Engine               - class com.almasb.fxgl.app.services.UpdaterService
00:42:22.525 [FXGL Background Thread 3 ] DEBUG Engine               - class com.almasb.fxgl.dev.DevService
00:42:39.583 [JavaFX Application Thread] DEBUG FXGLApplication      - Exiting FXGL
00:42:39.583 [JavaFX Application Thread] DEBUG Async                - Shutting down background threads
00:42:39.583 [JavaFX Application Thread] DEBUG PrimaryStageWindow   - Closing main window
00:42:39.595 [JavaFX Application Thread] DEBUG Logger               - Closing Logger
