00:46:09.402 [main                     ] DEBUG Logger               - Configured Logger
00:46:09.418 [main                     ] DEBUG GameApplication      - Logging settings
Title: CupHead
Version: 0.0
Width: 1000
Height: 600
Fullscreen: false
Intro: false
Profiling: false
Single step:false
App Mode: DEVELOPER
Menu Key: ESCAPE
Stage Style: DECORATED
Scene Factory: class Views.BasicGameApp$1

00:46:09.751 [JavaFX Application Thread] DEBUG FXGLApplication      - Initializing FXGL
00:46:09.752 [JavaFX Application Thread] INFO  Engine               - FXGL-11.17 (16.07.2021 15.46) on WINDOWS (J:11.0.15 FX:17.0.1)
00:46:09.753 [JavaFX Application Thread] DEBUG Engine               - JRE Vendor Name: Amazon.com Inc.
00:46:09.753 [JavaFX Application Thread] DEBUG Engine               - Running on OS: Windows 10 version 10.0
00:46:09.753 [JavaFX Application Thread] DEBUG Engine               - Architecture: amd64
00:46:09.753 [JavaFX Application Thread] INFO  Engine               - Source code and latest versions at: https://github.com/AlmasB/FXGL
00:46:09.753 [JavaFX Application Thread] INFO  Engine               -              Join the FXGL chat at: https://gitter.im/AlmasB/FXGL
00:46:09.851 [JavaFX Application Thread] DEBUG PrimaryStageWindow   - Creating a JavaFX scene
00:46:09.899 [JavaFX Application Thread] DEBUG PrimaryStageWindow   - Target settings size: 1000.0 x 600.0
00:46:09.899 [JavaFX Application Thread] DEBUG PrimaryStageWindow   - Scaled scene size:    1000.0 x 600.0
00:46:09.900 [JavaFX Application Thread] DEBUG PrimaryStageWindow   - Scaled ratio: (1.0, 1.0)
00:46:09.900 [JavaFX Application Thread] DEBUG PrimaryStageWindow   - Set initial scene to FXGLStartupScene
00:46:09.908 [JavaFX Application Thread] DEBUG PrimaryStageWindow   - Opening main window
00:46:09.997 [JavaFX Application Thread] DEBUG PrimaryStageWindow   - Window border size: (14.4000244140625, 37.5999755859375)
00:46:09.997 [JavaFX Application Thread] DEBUG PrimaryStageWindow   - Scaled size: 1000.0 x 600.0
00:46:09.997 [JavaFX Application Thread] DEBUG PrimaryStageWindow   - Scaled ratio: (1.0, 1.0)
00:46:09.997 [JavaFX Application Thread] DEBUG PrimaryStageWindow   - Scene size: 1000.0 x 600.0
00:46:09.997 [JavaFX Application Thread] DEBUG PrimaryStageWindow   - Stage size: 1014.4000244140625 x 637.5999755859375
00:46:10.005 [FXGL Background Thread 1 ] DEBUG Engine               - Initializing environment variables
00:46:10.061 [FXGL Background Thread 1 ] DEBUG FXGLAssetLoaderServi - User app class for loading assets: class Views.BasicGameApp
00:46:10.061 [FXGL Background Thread 1 ] DEBUG GameApplicationServi - Applying CSS: fxgl_dark.css
00:46:10.062 [FXGL Background Thread 1 ] DEBUG FXGLAssetLoaderServi - Loading from file system: jar:file:/C:/Users/PARSA/.m2/repository/com/github/almasb/fxgl/11.17/fxgl-11.17.jar!/fxglassets/ui/css/fxgl_dark.css
00:46:10.097 [FXGL Background Thread 1 ] DEBUG GameApplicationServi - Initializing application scenes
00:46:10.140 [FXGL Background Thread 1 ] DEBUG GameWorld            - Game world initialized
00:46:10.190 [FXGL Background Thread 1 ] DEBUG PhysicsWorld         - Physics world initialized: appHeight=600, physics.ppm=50.0
00:46:10.190 [FXGL Background Thread 1 ] DEBUG PhysicsWorld         - Using strategy: BRUTE_FORCE
00:46:10.193 [FXGL Background Thread 1 ] DEBUG GameScene            - Game scene initialized: 1000x600
00:46:10.292 [FXGL Background Thread 1 ] DEBUG FXGL.DefaultMenu     - createMenuBodyGameMenu()
00:46:10.305 [FXGL Background Thread 1 ] DEBUG FXGL.DefaultMenu     - createOptionsMenu()
00:46:10.314 [FXGL Background Thread 1 ] DEBUG FXGLAssetLoaderServi - Loading from file system: jar:file:/C:/Users/PARSA/.m2/repository/com/github/almasb/fxgl/11.17/fxgl-11.17.jar!/fxglassets/textures/particles/smoke.png
00:46:10.387 [FXGL Background Thread 1 ] DEBUG FXGLAssetLoaderServi - Loading from file system: jar:file:/C:/Users/PARSA/.m2/repository/com/github/almasb/fxgl/11.17/fxgl-11.17.jar!/fxglassets/textures/particles/trace_horizontal.png
00:46:10.437 [FXGL Background Thread 1 ] DEBUG GameApplicationServi - Application scenes initialized
00:46:10.445 [FXGL Background Thread 1 ] DEBUG SystemBundleService  - Loading FXGL system data
00:46:10.449 [FXGL Background Thread 1 ] DEBUG FileSystemAccess     - Reading from: D:\UNIVERSITY\2\AP\tamrins\T3\CupHead\system\fxgl.bundle
00:46:10.453 [FXGL Background Thread 1 ] DEBUG SystemBundleService  - Bundle FXGL: {}
00:46:10.454 [FXGL Background Thread 1 ] DEBUG UpdaterService       - Checking for updates
00:46:10.483 [FXGL Background Thread 4 ] DEBUG FXGLApplication      - Loading fonts
00:46:10.483 [FXGL Background Thread 4 ] DEBUG FXGLAssetLoaderServi - Loading from file system: jar:file:/C:/Users/PARSA/.m2/repository/com/github/almasb/fxgl/11.17/fxgl-11.17.jar!/fxglassets/ui/fonts/VarelaRound-Regular.ttf
00:46:10.483 [FXGL Background Thread 1 ] DEBUG FXGLApplication      - Loading default localization
00:46:10.485 [FXGL Background Thread 1 ] DEBUG FXGLAssetLoaderServi - Loading from file system: jar:file:/C:/Users/PARSA/.m2/repository/com/github/almasb/fxgl/11.17/fxgl-11.17.jar!/fxglassets/languages/english.lang
00:46:10.499 [FXGL Background Thread 1 ] INFO  FXGLApplication      - FXGL initialization took: 0.494 sec
00:46:10.510 [JavaFX Application Thread] DEBUG Input                - Registered new binding: action0 - D
00:46:10.510 [JavaFX Application Thread] DEBUG Input                - Registered new binding: action1 - A
00:46:10.511 [JavaFX Application Thread] DEBUG Input                - Registered new binding: action2 - W
00:46:10.512 [JavaFX Application Thread] DEBUG Input                - Registered new binding: action3 - S
00:46:10.512 [JavaFX Application Thread] DEBUG Input                - Registered new binding: changeShootState - Tab
00:46:10.512 [JavaFX Application Thread] DEBUG Input                - Registered new binding: shoot - Space
00:46:10.513 [JavaFX Application Thread] DEBUG FXGLAssetLoaderServi - Loading from file system: jar:file:/C:/Users/PARSA/.m2/repository/com/github/almasb/fxgl/11.17/fxgl-11.17.jar!/fxglassets/textures/fxgl_icon.png
00:46:10.535 [JavaFX Application Thread] DEBUG FXGLAssetLoaderServi - Loading from file system: jar:file:/C:/Users/PARSA/.m2/repository/com/github/almasb/fxgl/11.17/fxgl-11.17.jar!/fxglassets/textures/fxgl_default_cursor.png
00:46:10.539 [JavaFX Application Thread] DEBUG Input                - Registered new binding: Screenshot - CTRL+8
00:46:10.540 [JavaFX Application Thread] DEBUG Input                - Registered new binding: Dev Options - 1
00:46:10.541 [JavaFX Application Thread] DEBUG Input                - Registered new binding: Dev Console - 2
00:46:10.541 [JavaFX Application Thread] DEBUG Input                - Registered new binding: System info dump - CTRL+9
00:46:10.541 [JavaFX Application Thread] DEBUG Input                - Registered new binding: Restart - CTRL+R
00:46:10.543 [JavaFX Application Thread] DEBUG Input                - Registered new binding: Toggle Debug Camera - CTRL+C
00:46:10.547 [JavaFX Application Thread] DEBUG LoopRunner           - Starting loop
00:46:10.561 [JavaFX Application Thread] DEBUG LoopRunner           - Initializing JavaFX AnimationTimerLoop
00:46:10.565 [JavaFX Application Thread] DEBUG Input                - Clearing active input actions
00:46:10.575 [JavaFX Application Thread] DEBUG GameApplicationServi - Removing overlay from FXGLStartupScene and adding to FXGLMainMenuDummyScene
00:46:10.581 [JavaFX Application Thread] DEBUG PrimaryStageWindow   - FXGLStartupScene -> FXGLMainMenuDummyScene
00:46:10.582 [JavaFX Application Thread] DEBUG PrimaryStageWindow   - Push state: CupHeadMainMenu
00:46:10.582 [JavaFX Application Thread] DEBUG FXGLAssetLoaderServi - Loading from file system: file:/D:/UNIVERSITY/2/AP/tamrins/T3/CupHead/target/classes/assets/music/menuMusic.wav
00:46:10.707 [JavaFX Application Thread] DEBUG AudioPlayer          - Playing music com.almasb.fxgl.audio.Music@7d3715b0
00:46:10.708 [JavaFX Application Thread] DEBUG Input                - Clearing active input actions
00:46:10.712 [JavaFX Application Thread] DEBUG GameApplicationServi - Removing overlay from FXGLMainMenuDummyScene and adding to CupHeadMainMenu
00:46:10.713 [JavaFX Application Thread] DEBUG PrimaryStageWindow   - FXGLMainMenuDummyScene -> CupHeadMainMenu
00:46:10.906 [FXGL Background Thread 4 ] DEBUG FXGLAssetLoaderServi - Loading from file system: jar:file:/C:/Users/PARSA/.m2/repository/com/github/almasb/fxgl/11.17/fxgl-11.17.jar!/fxglassets/ui/fonts/Abel-Regular.ttf
00:46:10.913 [FXGL Background Thread 4 ] DEBUG FXGLAssetLoaderServi - Loading from file system: jar:file:/C:/Users/PARSA/.m2/repository/com/github/almasb/fxgl/11.17/fxgl-11.17.jar!/fxglassets/ui/fonts/lucida_console.ttf
00:46:10.924 [FXGL Background Thread 4 ] DEBUG FXGLAssetLoaderServi - Loading from file system: jar:file:/C:/Users/PARSA/.m2/repository/com/github/almasb/fxgl/11.17/fxgl-11.17.jar!/fxglassets/ui/fonts/Courier-Prime.ttf
00:46:10.936 [JavaFX Application Thread] DEBUG FXGLApplication      - Registering font factories with UI factory
00:46:11.423 [FXGL Background Thread 2 ] INFO  UpdaterService       - Your current version:  11.17
00:46:11.423 [JavaFX Application Thread] DEBUG Menu                 - fireNewGame()
00:46:11.423 [JavaFX Application Thread] DEBUG GameApplicationServi - Starting new game
00:46:11.423 [FXGL Background Thread 2 ] INFO  UpdaterService       - Latest stable version: 17.1
00:46:11.423 [JavaFX Application Thread] DEBUG AudioPlayer          - Stopping music com.almasb.fxgl.audio.Music@7d3715b0
00:46:11.425 [JavaFX Application Thread] DEBUG PrimaryStageWindow   - Pop state: CupHeadMainMenu
00:46:11.425 [JavaFX Application Thread] DEBUG Input                - Clearing active input actions
00:46:11.426 [JavaFX Application Thread] DEBUG GameApplicationServi - Removing overlay from CupHeadMainMenu and adding to FXGLMainMenuDummyScene
00:46:11.428 [JavaFX Application Thread] DEBUG PrimaryStageWindow   - FXGLMainMenuDummyScene <- CupHeadMainMenu
00:46:11.428 [JavaFX Application Thread] DEBUG Input                - Clearing active input actions
00:46:11.433 [JavaFX Application Thread] DEBUG GameApplicationServi - Removing overlay from FXGLMainMenuDummyScene and adding to FXGLLoadingScene
00:46:11.434 [JavaFX Application Thread] DEBUG PrimaryStageWindow   - FXGLMainMenuDummyScene -> FXGLLoadingScene
00:46:11.434 [JavaFX Application Thread] DEBUG GameApplicationServi - Clearing previous game
00:46:11.434 [JavaFX Application Thread] DEBUG GameScene            - Clearing game scene
00:46:11.434 [JavaFX Application Thread] DEBUG GameWorld            - Clearing game world
00:46:11.434 [JavaFX Application Thread] DEBUG PhysicsWorld         - Clearing physics world
00:46:11.435 [FXGL Background Thread 2 ] DEBUG FXGLApplication      - Initializing game
00:46:11.438 [FXGL Background Thread 2 ] DEBUG FXGLAssetLoaderServi - Loading from file system: file:/D:/UNIVERSITY/2/AP/tamrins/T3/CupHead/target/classes/assets/textures/img.png
00:46:11.465 [FXGL Background Thread 2 ] DEBUG FXGLAssetLoaderServi - Loading from file system: file:/D:/UNIVERSITY/2/AP/tamrins/T3/CupHead/target/classes/assets/music/background.mp3
00:46:11.471 [FXGL Background Thread 2 ] DEBUG AudioPlayer          - Playing music com.almasb.fxgl.audio.Music@6aae1cd2
00:46:11.499 [FXGL Background Thread 2 ] DEBUG FXGLAssetLoaderServi - Loading from file system: file:/D:/UNIVERSITY/2/AP/tamrins/T3/CupHead/target/classes/assets/textures/bossFly1.png
00:46:11.528 [FXGL Background Thread 2 ] DEBUG FXGLAssetLoaderServi - Loading from file system: file:/D:/UNIVERSITY/2/AP/tamrins/T3/CupHead/target/classes/assets/textures/red.png
00:46:11.533 [FXGL Background Thread 2 ] DEBUG FXGLAssetLoaderServi - Loading from file system: file:/D:/UNIVERSITY/2/AP/tamrins/T3/CupHead/target/classes/assets/textures/bulletIcon.png
00:46:11.554 [FXGL Background Thread 2 ] INFO  FXGLApplication      - Game initialization took: 0.118 sec
00:46:11.555 [JavaFX Application Thread] DEBUG Input                - Clearing active input actions
00:46:11.560 [JavaFX Application Thread] DEBUG GameApplicationServi - Removing overlay from FXGLLoadingScene and adding to GameScene
00:46:11.563 [JavaFX Application Thread] DEBUG PrimaryStageWindow   - FXGLLoadingScene -> GameScene
00:46:11.619 [JavaFX Application Thread] DEBUG PrimaryStageWindow   - Push state: DialogSubScene
00:46:11.619 [JavaFX Application Thread] DEBUG Input                - Clearing active input actions
00:46:11.621 [JavaFX Application Thread] DEBUG GameApplicationServi - Removing overlay from GameScene and adding to DialogSubScene
00:46:11.621 [JavaFX Application Thread] DEBUG PrimaryStageWindow   - GameScene -> DialogSubScene
00:46:12.799 [JavaFX Application Thread] DEBUG GameApplicationServi - Starting new game
00:46:12.799 [JavaFX Application Thread] DEBUG PrimaryStageWindow   - Pop state: DialogSubScene
00:46:12.799 [JavaFX Application Thread] DEBUG Input                - Clearing active input actions
00:46:12.800 [JavaFX Application Thread] DEBUG GameApplicationServi - Removing overlay from DialogSubScene and adding to GameScene
00:46:12.801 [JavaFX Application Thread] DEBUG PrimaryStageWindow   - GameScene <- DialogSubScene
00:46:12.801 [JavaFX Application Thread] DEBUG Input                - Clearing active input actions
00:46:12.804 [JavaFX Application Thread] DEBUG GameApplicationServi - Removing overlay from GameScene and adding to FXGLLoadingScene
00:46:12.804 [JavaFX Application Thread] DEBUG PrimaryStageWindow   - GameScene -> FXGLLoadingScene
00:46:12.804 [JavaFX Application Thread] DEBUG GameApplicationServi - Clearing previous game
00:46:12.804 [JavaFX Application Thread] DEBUG GameScene            - Clearing game scene
00:46:12.804 [JavaFX Application Thread] DEBUG GameWorld            - Clearing game world
00:46:12.805 [JavaFX Application Thread] DEBUG PhysicsWorld         - Clearing physics world
00:46:12.806 [FXGL Background Thread 2 ] DEBUG FXGLApplication      - Initializing game
00:46:12.806 [FXGL Background Thread 2 ] DEBUG AudioPlayer          - Playing music com.almasb.fxgl.audio.Music@6aae1cd2
00:46:12.811 [FXGL Background Thread 2 ] INFO  FXGLApplication      - Game initialization took: 0.006 sec
00:46:12.820 [JavaFX Application Thread] DEBUG Input                - Clearing active input actions
00:46:12.823 [JavaFX Application Thread] DEBUG GameApplicationServi - Removing overlay from FXGLLoadingScene and adding to GameScene
00:46:12.824 [JavaFX Application Thread] DEBUG PrimaryStageWindow   - FXGLLoadingScene -> GameScene
00:46:13.482 [FXGL Background Thread 3 ] DEBUG Engine               - Logging environment variables
00:46:13.482 [FXGL Background Thread 3 ] DEBUG Engine               - achievements: []
00:46:13.483 [FXGL Background Thread 3 ] DEBUG Engine               - actualHeight: 600.0
00:46:13.483 [FXGL Background Thread 3 ] DEBUG Engine               - actualHeightProperty: ReadOnlyDoubleProperty [value: 600.0]
00:46:13.483 [FXGL Background Thread 3 ] DEBUG Engine               - actualWidth: 1000.0
00:46:13.483 [FXGL Background Thread 3 ] DEBUG Engine               - actualWidthProperty: ReadOnlyDoubleProperty [value: 1000.0]
00:46:13.483 [FXGL Background Thread 3 ] DEBUG Engine               - appIcon: fxgl_icon.png
00:46:13.483 [FXGL Background Thread 3 ] DEBUG Engine               - applicationMode: DEVELOPER
00:46:13.483 [FXGL Background Thread 3 ] DEBUG Engine               - cSSList: [fxgl_dark.css]
00:46:13.483 [FXGL Background Thread 3 ] DEBUG Engine               - collisionDetectionStrategy: BRUTE_FORCE
00:46:13.483 [FXGL Background Thread 3 ] DEBUG Engine               - configClass: Optional.empty
00:46:13.483 [FXGL Background Thread 3 ] DEBUG Engine               - credits: []
00:46:13.483 [FXGL Background Thread 3 ] DEBUG Engine               - defaultCursor: CursorInfo(imageName=fxgl_default_cursor.png, hotspotX=7.0, hotspotY=6.0)
00:46:13.484 [FXGL Background Thread 3 ] DEBUG Engine               - devBBoxColorProperty: ObjectProperty [value: 0xff0000ff]
00:46:13.484 [FXGL Background Thread 3 ] DEBUG Engine               - devEnableDebugCameraProperty: BooleanProperty [value: false]
00:46:13.484 [FXGL Background Thread 3 ] DEBUG Engine               - devSensorColorProperty: ObjectProperty [value: 0xffff00ff]
00:46:13.484 [FXGL Background Thread 3 ] DEBUG Engine               - devShowBBoxProperty: BooleanProperty [value: false]
00:46:13.484 [FXGL Background Thread 3 ] DEBUG Engine               - devShowPositionProperty: BooleanProperty [value: false]
00:46:13.484 [FXGL Background Thread 3 ] DEBUG Engine               - enabledMenuItems: []
00:46:13.484 [FXGL Background Thread 3 ] DEBUG Engine               - engineServices: [class com.almasb.fxgl.app.services.FXGLAssetLoaderService, class com.almasb.fxgl.app.FXGLApplication$GameApplicationService, class com.almasb.fxgl.app.services.FXGLDialogService, class com.almasb.fxgl.app.services.IOTaskExecutorService, class com.almasb.fxgl.io.FileSystemService, class com.almasb.fxgl.localization.LocalizationService, class com.almasb.fxgl.app.services.SystemBundleService, class com.almasb.fxgl.profile.SaveLoadService, class com.almasb.fxgl.ui.FXGLUIFactoryServiceProvider, class com.almasb.fxgl.ui.FXGLDialogFactoryServiceProvider, class com.almasb.fxgl.audio.AudioPlayer, class com.almasb.fxgl.notification.impl.NotificationServiceProvider, class com.almasb.fxgl.achievement.AchievementService, class com.almasb.fxgl.cutscene.CutsceneService, class com.almasb.fxgl.minigames.MiniGameService, class com.almasb.fxgl.net.NetService, class com.almasb.fxgl.app.services.UpdaterService, class com.almasb.fxgl.dev.DevService]
00:46:13.484 [FXGL Background Thread 3 ] DEBUG Engine               - fontGame: Abel-Regular.ttf
00:46:13.484 [FXGL Background Thread 3 ] DEBUG Engine               - fontMono: lucida_console.ttf
00:46:13.484 [FXGL Background Thread 3 ] DEBUG Engine               - fontText: Courier-Prime.ttf
00:46:13.484 [FXGL Background Thread 3 ] DEBUG Engine               - fontUI: VarelaRound-Regular.ttf
00:46:13.484 [FXGL Background Thread 3 ] DEBUG Engine               - fullScreen: BooleanProperty [value: false]
00:46:13.484 [FXGL Background Thread 3 ] DEBUG Engine               - gameDifficulty: MEDIUM
00:46:13.484 [FXGL Background Thread 3 ] DEBUG Engine               - gameDifficultyProperty: ObjectProperty [value: MEDIUM]
00:46:13.484 [FXGL Background Thread 3 ] DEBUG Engine               - globalMusicVolume: 0.5
00:46:13.484 [FXGL Background Thread 3 ] DEBUG Engine               - globalMusicVolumeProperty: DoubleProperty [value: 80.0]
00:46:13.484 [FXGL Background Thread 3 ] DEBUG Engine               - globalSoundVolume: 0.5
00:46:13.484 [FXGL Background Thread 3 ] DEBUG Engine               - globalSoundVolumeProperty: DoubleProperty [value: 0.5]
00:46:13.484 [FXGL Background Thread 3 ] DEBUG Engine               - height: 600
00:46:13.484 [FXGL Background Thread 3 ] DEBUG Engine               - is3D: false
00:46:13.485 [FXGL Background Thread 3 ] DEBUG Engine               - isAndroid: false
00:46:13.485 [FXGL Background Thread 3 ] DEBUG Engine               - isBrowser: false
00:46:13.485 [FXGL Background Thread 3 ] DEBUG Engine               - isClickFeedbackEnabled: false
00:46:13.485 [FXGL Background Thread 3 ] DEBUG Engine               - isCloseConfirmation: false
00:46:13.485 [FXGL Background Thread 3 ] DEBUG Engine               - isDesktop: true
00:46:13.485 [FXGL Background Thread 3 ] DEBUG Engine               - isDeveloperMenuEnabled: true
00:46:13.485 [FXGL Background Thread 3 ] DEBUG Engine               - isEntityPreloadEnabled: true
00:46:13.485 [FXGL Background Thread 3 ] DEBUG Engine               - isExperimentalTiledLargeMap: false
00:46:13.485 [FXGL Background Thread 3 ] DEBUG Engine               - isFileSystemWriteAllowed: true
00:46:13.485 [FXGL Background Thread 3 ] DEBUG Engine               - isFullScreenAllowed: false
00:46:13.485 [FXGL Background Thread 3 ] DEBUG Engine               - isFullScreenFromStart: false
00:46:13.485 [FXGL Background Thread 3 ] DEBUG Engine               - isGameMenuEnabled: true
00:46:13.485 [FXGL Background Thread 3 ] DEBUG Engine               - isIOS: false
00:46:13.485 [FXGL Background Thread 3 ] DEBUG Engine               - isIntroEnabled: false
00:46:13.485 [FXGL Background Thread 3 ] DEBUG Engine               - isLinux: false
00:46:13.485 [FXGL Background Thread 3 ] DEBUG Engine               - isMac: false
00:46:13.485 [FXGL Background Thread 3 ] DEBUG Engine               - isMainMenuEnabled: true
00:46:13.485 [FXGL Background Thread 3 ] DEBUG Engine               - isManualResizeEnabled: false
00:46:13.485 [FXGL Background Thread 3 ] DEBUG Engine               - isMobile: false
00:46:13.485 [FXGL Background Thread 3 ] DEBUG Engine               - isNative: false
00:46:13.485 [FXGL Background Thread 3 ] DEBUG Engine               - isPauseMusicWhenMinimized: true
00:46:13.485 [FXGL Background Thread 3 ] DEBUG Engine               - isPreserveResizeRatio: false
00:46:13.485 [FXGL Background Thread 3 ] DEBUG Engine               - isProfilingEnabled: false
00:46:13.485 [FXGL Background Thread 3 ] DEBUG Engine               - isScaleAffectedOnResize: true
00:46:13.485 [FXGL Background Thread 3 ] DEBUG Engine               - isSingleStep: false
00:46:13.485 [FXGL Background Thread 3 ] DEBUG Engine               - isUserProfileEnabled: true
00:46:13.485 [FXGL Background Thread 3 ] DEBUG Engine               - isWindows: true
00:46:13.485 [FXGL Background Thread 3 ] DEBUG Engine               - language: ObjectProperty [value: ENGLISH]
00:46:13.485 [FXGL Background Thread 3 ] DEBUG Engine               - menuKey: ESCAPE
00:46:13.485 [FXGL Background Thread 3 ] DEBUG Engine               - mouseSensitivity: 0.2
00:46:13.485 [FXGL Background Thread 3 ] DEBUG Engine               - notificationViewClass: class com.almasb.fxgl.notification.view.XboxNotificationView
00:46:13.486 [FXGL Background Thread 3 ] DEBUG Engine               - pixelsPerMeter: 50.0
00:46:13.486 [FXGL Background Thread 3 ] DEBUG Engine               - platform: WINDOWS
00:46:13.486 [FXGL Background Thread 3 ] DEBUG Engine               - prefHeightProperty: ReadOnlyDoubleProperty [value: 600.0]
00:46:13.486 [FXGL Background Thread 3 ] DEBUG Engine               - prefWidthProperty: ReadOnlyDoubleProperty [value: 1000.0]
00:46:13.486 [FXGL Background Thread 3 ] DEBUG Engine               - profileDir: profiles/
00:46:13.486 [FXGL Background Thread 3 ] DEBUG Engine               - profileName: StringProperty [value: DEFAULT]
00:46:13.486 [FXGL Background Thread 3 ] DEBUG Engine               - randomSeed: -1
00:46:13.486 [FXGL Background Thread 3 ] DEBUG Engine               - runtimeInfo: RuntimeInfo(platform=WINDOWS, version=11.17, build=16.07.2021 15.46)
00:46:13.486 [FXGL Background Thread 3 ] DEBUG Engine               - saveFileExt: sav
00:46:13.486 [FXGL Background Thread 3 ] DEBUG Engine               - scaledHeightProp$fxgl: DoubleProperty [bound, value: 600.0]
00:46:13.486 [FXGL Background Thread 3 ] DEBUG Engine               - scaledWidthProp$fxgl: DoubleProperty [bound, value: 1000.0]
00:46:13.486 [FXGL Background Thread 3 ] DEBUG Engine               - sceneFactory: Views.BasicGameApp$1@10289955
00:46:13.486 [FXGL Background Thread 3 ] DEBUG Engine               - secondsIn24h: 60
00:46:13.486 [FXGL Background Thread 3 ] DEBUG Engine               - soundMenuBack: menu/back.wav
00:46:13.486 [FXGL Background Thread 3 ] DEBUG Engine               - soundMenuPress: menu/press.wav
00:46:13.486 [FXGL Background Thread 3 ] DEBUG Engine               - soundMenuSelect: menu/select.wav
00:46:13.486 [FXGL Background Thread 3 ] DEBUG Engine               - soundNotification: core/notification.wav
00:46:13.486 [FXGL Background Thread 3 ] DEBUG Engine               - stageStyle: DECORATED
00:46:13.486 [FXGL Background Thread 3 ] DEBUG Engine               - supportedLanguages: [ENGLISH, FRENCH, GERMAN, HUNGARIAN, RUSSIAN]
00:46:13.486 [FXGL Background Thread 3 ] DEBUG Engine               - ticksPerSecond: -1
00:46:13.486 [FXGL Background Thread 3 ] DEBUG Engine               - title: CupHead
00:46:13.486 [FXGL Background Thread 3 ] DEBUG Engine               - urlGithub: https://github.com/AlmasB/FXGL
00:46:13.486 [FXGL Background Thread 3 ] DEBUG Engine               - urlLeaderboard: http://fxgl-top.herokuapp.com/
00:46:13.486 [FXGL Background Thread 3 ] DEBUG Engine               - urlPOM: https://raw.githubusercontent.com/AlmasB/FXGL/release/README.md
00:46:13.486 [FXGL Background Thread 3 ] DEBUG Engine               - userAppClass: class Views.BasicGameApp
00:46:13.486 [FXGL Background Thread 3 ] DEBUG Engine               - version: 0.0
00:46:13.486 [FXGL Background Thread 3 ] DEBUG Engine               - versionCheckDays: 7
00:46:13.486 [FXGL Background Thread 3 ] DEBUG Engine               - width: 1000
00:46:13.486 [FXGL Background Thread 3 ] DEBUG Engine               - Logging services
00:46:13.487 [FXGL Background Thread 3 ] DEBUG Engine               - class com.almasb.fxgl.app.services.FXGLAssetLoaderService
00:46:13.487 [FXGL Background Thread 3 ] DEBUG Engine               - class com.almasb.fxgl.app.FXGLApplication$GameApplicationService
00:46:13.487 [FXGL Background Thread 3 ] DEBUG Engine               - class com.almasb.fxgl.app.services.FXGLDialogService
00:46:13.487 [FXGL Background Thread 3 ] DEBUG Engine               - class com.almasb.fxgl.app.services.IOTaskExecutorService
00:46:13.487 [FXGL Background Thread 3 ] DEBUG Engine               - class com.almasb.fxgl.io.FileSystemService
00:46:13.487 [FXGL Background Thread 3 ] DEBUG Engine               - class com.almasb.fxgl.localization.LocalizationService
00:46:13.487 [FXGL Background Thread 3 ] DEBUG Engine               - class com.almasb.fxgl.app.services.SystemBundleService
00:46:13.487 [FXGL Background Thread 3 ] DEBUG Engine               - class com.almasb.fxgl.profile.SaveLoadService
00:46:13.487 [FXGL Background Thread 3 ] DEBUG Engine               - class com.almasb.fxgl.ui.FXGLUIFactoryServiceProvider
00:46:13.487 [FXGL Background Thread 3 ] DEBUG Engine               - class com.almasb.fxgl.ui.FXGLDialogFactoryServiceProvider
00:46:13.487 [FXGL Background Thread 3 ] DEBUG Engine               - class com.almasb.fxgl.audio.AudioPlayer
00:46:13.487 [FXGL Background Thread 3 ] DEBUG Engine               - class com.almasb.fxgl.notification.impl.NotificationServiceProvider
00:46:13.487 [FXGL Background Thread 3 ] DEBUG Engine               - class com.almasb.fxgl.achievement.AchievementService
00:46:13.487 [FXGL Background Thread 3 ] DEBUG Engine               - class com.almasb.fxgl.cutscene.CutsceneService
00:46:13.487 [FXGL Background Thread 3 ] DEBUG Engine               - class com.almasb.fxgl.minigames.MiniGameService
00:46:13.487 [FXGL Background Thread 3 ] DEBUG Engine               - class com.almasb.fxgl.net.NetService
00:46:13.487 [FXGL Background Thread 3 ] DEBUG Engine               - class com.almasb.fxgl.app.services.UpdaterService
00:46:13.487 [FXGL Background Thread 3 ] DEBUG Engine               - class com.almasb.fxgl.dev.DevService
00:46:13.686 [JavaFX Application Thread] DEBUG FXGLAssetLoaderServi - Loading from file system: file:/D:/UNIVERSITY/2/AP/tamrins/T3/CupHead/target/classes/assets/textures/bullet.png
00:46:13.688 [JavaFX Application Thread] DEBUG FXGLAssetLoaderServi - Loading from file system: file:/D:/UNIVERSITY/2/AP/tamrins/T3/CupHead/target/classes/assets/sounds/bullet.wav
00:46:14.204 [JavaFX Application Thread] DEBUG FXGLAssetLoaderServi - Loading from file system: file:/D:/UNIVERSITY/2/AP/tamrins/T3/CupHead/target/classes/assets/sounds/collision.wav
00:46:14.366 [JavaFX Application Thread] DEBUG FXGLAssetLoaderServi - Loading from file system: file:/D:/UNIVERSITY/2/AP/tamrins/T3/CupHead/target/classes/assets/textures/miniFly.png
00:46:15.390 [JavaFX Application Thread] DEBUG FXGLAssetLoaderServi - Loading from file system: file:/D:/UNIVERSITY/2/AP/tamrins/T3/CupHead/target/classes/assets/textures/egg.png
00:46:15.393 [JavaFX Application Thread] DEBUG FXGLAssetLoaderServi - Loading from file system: file:/D:/UNIVERSITY/2/AP/tamrins/T3/CupHead/target/classes/assets/sounds/egg.wav
00:46:19.576 [JavaFX Application Thread] DEBUG PrimaryStageWindow   - Push state: FXGLDefaultMenu
00:46:19.580 [JavaFX Application Thread] DEBUG Input                - Clearing active input actions
00:46:19.580 [JavaFX Application Thread] DEBUG GameApplicationServi - Removing overlay from GameScene and adding to FXGLDefaultMenu
00:46:19.582 [JavaFX Application Thread] DEBUG PrimaryStageWindow   - GameScene -> FXGLDefaultMenu
00:46:20.231 [JavaFX Application Thread] DEBUG PrimaryStageWindow   - Pop state: FXGLDefaultMenu
00:46:20.232 [JavaFX Application Thread] DEBUG Input                - Clearing active input actions
00:46:20.232 [JavaFX Application Thread] DEBUG GameApplicationServi - Removing overlay from FXGLDefaultMenu and adding to GameScene
00:46:20.233 [JavaFX Application Thread] DEBUG PrimaryStageWindow   - GameScene <- FXGLDefaultMenu
00:46:20.558 [JavaFX Application Thread] DEBUG AudioPlayer          - Pausing music com.almasb.fxgl.audio.Music@7d3715b0
00:46:20.558 [JavaFX Application Thread] DEBUG AudioPlayer          - Pausing music com.almasb.fxgl.audio.Music@6aae1cd2
00:46:20.559 [JavaFX Application Thread] DEBUG FXGLAssetLoaderServi - Loading from file system: file:/D:/UNIVERSITY/2/AP/tamrins/T3/CupHead/target/classes/assets/sounds/gameOver.wav
00:46:20.561 [JavaFX Application Thread] DEBUG FXGLAssetLoaderServi - Loading from file system: file:/D:/UNIVERSITY/2/AP/tamrins/T3/CupHead/target/classes/assets/textures/bossEnd.png
00:46:20.571 [JavaFX Application Thread] DEBUG PrimaryStageWindow   - Push state: DialogSubScene
00:46:20.571 [JavaFX Application Thread] DEBUG Input                - Clearing active input actions
00:46:20.572 [JavaFX Application Thread] DEBUG GameApplicationServi - Removing overlay from GameScene and adding to DialogSubScene
00:46:20.573 [JavaFX Application Thread] DEBUG PrimaryStageWindow   - GameScene -> DialogSubScene
00:46:22.015 [JavaFX Application Thread] DEBUG GameApplicationServi - Starting new game
00:46:22.015 [JavaFX Application Thread] DEBUG PrimaryStageWindow   - Pop state: DialogSubScene
00:46:22.015 [JavaFX Application Thread] DEBUG Input                - Clearing active input actions
00:46:22.015 [JavaFX Application Thread] DEBUG GameApplicationServi - Removing overlay from DialogSubScene and adding to GameScene
00:46:22.016 [JavaFX Application Thread] DEBUG PrimaryStageWindow   - GameScene <- DialogSubScene
00:46:22.016 [JavaFX Application Thread] DEBUG Input                - Clearing active input actions
00:46:22.021 [JavaFX Application Thread] DEBUG GameApplicationServi - Removing overlay from GameScene and adding to FXGLLoadingScene
00:46:22.022 [JavaFX Application Thread] DEBUG PrimaryStageWindow   - GameScene -> FXGLLoadingScene
00:46:22.022 [JavaFX Application Thread] DEBUG GameApplicationServi - Clearing previous game
00:46:22.022 [JavaFX Application Thread] DEBUG GameScene            - Clearing game scene
00:46:22.022 [JavaFX Application Thread] DEBUG GameWorld            - Clearing game world
00:46:22.022 [JavaFX Application Thread] DEBUG PhysicsWorld         - Clearing physics world
00:46:22.023 [FXGL Background Thread 2 ] DEBUG FXGLApplication      - Initializing game
00:46:22.023 [FXGL Background Thread 2 ] DEBUG AudioPlayer          - Playing music com.almasb.fxgl.audio.Music@6aae1cd2
00:46:22.028 [FXGL Background Thread 2 ] INFO  FXGLApplication      - Game initialization took: 0.005 sec
00:46:22.036 [JavaFX Application Thread] DEBUG Input                - Clearing active input actions
00:46:22.041 [JavaFX Application Thread] DEBUG GameApplicationServi - Removing overlay from FXGLLoadingScene and adding to GameScene
00:46:22.043 [JavaFX Application Thread] DEBUG PrimaryStageWindow   - FXGLLoadingScene -> GameScene
00:46:36.271 [JavaFX Application Thread] DEBUG AudioPlayer          - Pausing music com.almasb.fxgl.audio.Music@7d3715b0
00:46:36.271 [JavaFX Application Thread] DEBUG AudioPlayer          - Pausing music com.almasb.fxgl.audio.Music@6aae1cd2
00:46:36.273 [JavaFX Application Thread] DEBUG PrimaryStageWindow   - Push state: DialogSubScene
00:46:36.273 [JavaFX Application Thread] DEBUG Input                - Clearing active input actions
00:46:36.274 [JavaFX Application Thread] DEBUG GameApplicationServi - Removing overlay from GameScene and adding to DialogSubScene
00:46:36.274 [JavaFX Application Thread] DEBUG PrimaryStageWindow   - GameScene -> DialogSubScene
00:46:38.526 [JavaFX Application Thread] DEBUG GameApplicationServi - Starting new game
00:46:38.526 [JavaFX Application Thread] DEBUG PrimaryStageWindow   - Pop state: DialogSubScene
00:46:38.526 [JavaFX Application Thread] DEBUG Input                - Clearing active input actions
00:46:38.527 [JavaFX Application Thread] DEBUG GameApplicationServi - Removing overlay from DialogSubScene and adding to GameScene
00:46:38.527 [JavaFX Application Thread] DEBUG PrimaryStageWindow   - GameScene <- DialogSubScene
00:46:38.527 [JavaFX Application Thread] DEBUG Input                - Clearing active input actions
00:46:38.532 [JavaFX Application Thread] DEBUG GameApplicationServi - Removing overlay from GameScene and adding to FXGLLoadingScene
00:46:38.532 [JavaFX Application Thread] DEBUG PrimaryStageWindow   - GameScene -> FXGLLoadingScene
00:46:38.532 [JavaFX Application Thread] DEBUG GameApplicationServi - Clearing previous game
00:46:38.532 [JavaFX Application Thread] DEBUG GameScene            - Clearing game scene
00:46:38.532 [JavaFX Application Thread] DEBUG GameWorld            - Clearing game world
00:46:38.533 [JavaFX Application Thread] DEBUG PhysicsWorld         - Clearing physics world
00:46:38.533 [FXGL Background Thread 2 ] DEBUG FXGLApplication      - Initializing game
00:46:38.533 [FXGL Background Thread 2 ] DEBUG AudioPlayer          - Playing music com.almasb.fxgl.audio.Music@6aae1cd2
00:46:38.536 [FXGL Background Thread 2 ] INFO  FXGLApplication      - Game initialization took: 0.003 sec
00:46:38.546 [JavaFX Application Thread] DEBUG Input                - Clearing active input actions
00:46:38.551 [JavaFX Application Thread] DEBUG GameApplicationServi - Removing overlay from FXGLLoadingScene and adding to GameScene
00:46:38.552 [JavaFX Application Thread] DEBUG PrimaryStageWindow   - FXGLLoadingScene -> GameScene
00:46:46.903 [JavaFX Application Thread] DEBUG AudioPlayer          - Pausing music com.almasb.fxgl.audio.Music@7d3715b0
00:46:46.903 [JavaFX Application Thread] DEBUG AudioPlayer          - Pausing music com.almasb.fxgl.audio.Music@6aae1cd2
00:46:46.904 [JavaFX Application Thread] DEBUG PrimaryStageWindow   - Push state: DialogSubScene
00:46:46.904 [JavaFX Application Thread] DEBUG Input                - Clearing active input actions
00:46:46.905 [JavaFX Application Thread] DEBUG GameApplicationServi - Removing overlay from GameScene and adding to DialogSubScene
00:46:46.905 [JavaFX Application Thread] DEBUG PrimaryStageWindow   - GameScene -> DialogSubScene
00:46:48.469 [JavaFX Application Thread] DEBUG PrimaryStageWindow   - Pop state: DialogSubScene
00:46:48.469 [JavaFX Application Thread] DEBUG Input                - Clearing active input actions
00:46:48.470 [JavaFX Application Thread] DEBUG GameApplicationServi - Removing overlay from DialogSubScene and adding to GameScene
00:46:48.470 [JavaFX Application Thread] DEBUG PrimaryStageWindow   - GameScene <- DialogSubScene
00:46:48.470 [JavaFX Application Thread] DEBUG Input                - Clearing active input actions
00:46:48.472 [JavaFX Application Thread] DEBUG GameApplicationServi - Removing overlay from GameScene and adding to FXGLMainMenuDummyScene
00:46:48.472 [JavaFX Application Thread] DEBUG PrimaryStageWindow   - GameScene -> FXGLMainMenuDummyScene
00:46:48.473 [JavaFX Application Thread] DEBUG PrimaryStageWindow   - Push state: CupHeadMainMenu
00:46:48.571 [JavaFX Application Thread] DEBUG AudioPlayer          - Stopping music com.almasb.fxgl.audio.Music@7d3715b0
00:46:48.572 [JavaFX Application Thread] DEBUG AudioPlayer          - Stopping music com.almasb.fxgl.audio.Music@6aae1cd2
00:46:48.573 [JavaFX Application Thread] DEBUG AudioPlayer          - Playing music com.almasb.fxgl.audio.Music@7d3715b0
00:46:48.573 [JavaFX Application Thread] DEBUG Input                - Clearing active input actions
00:46:48.574 [JavaFX Application Thread] DEBUG GameApplicationServi - Removing overlay from FXGLMainMenuDummyScene and adding to CupHeadMainMenu
00:46:48.577 [JavaFX Application Thread] DEBUG PrimaryStageWindow   - FXGLMainMenuDummyScene -> CupHeadMainMenu
00:46:51.141 [JavaFX Application Thread] DEBUG Menu                 - fireNewGame()
00:46:51.141 [JavaFX Application Thread] DEBUG GameApplicationServi - Starting new game
00:46:51.141 [JavaFX Application Thread] DEBUG AudioPlayer          - Stopping music com.almasb.fxgl.audio.Music@7d3715b0
00:46:51.143 [JavaFX Application Thread] DEBUG AudioPlayer          - Stopping music com.almasb.fxgl.audio.Music@6aae1cd2
00:46:51.143 [JavaFX Application Thread] DEBUG PrimaryStageWindow   - Pop state: CupHeadMainMenu
00:46:51.143 [JavaFX Application Thread] DEBUG Input                - Clearing active input actions
00:46:51.143 [JavaFX Application Thread] DEBUG GameApplicationServi - Removing overlay from CupHeadMainMenu and adding to FXGLMainMenuDummyScene
00:46:51.144 [JavaFX Application Thread] DEBUG PrimaryStageWindow   - FXGLMainMenuDummyScene <- CupHeadMainMenu
00:46:51.144 [JavaFX Application Thread] DEBUG Input                - Clearing active input actions
00:46:51.145 [JavaFX Application Thread] DEBUG GameApplicationServi - Removing overlay from FXGLMainMenuDummyScene and adding to FXGLLoadingScene
00:46:51.145 [JavaFX Application Thread] DEBUG PrimaryStageWindow   - FXGLMainMenuDummyScene -> FXGLLoadingScene
00:46:51.145 [JavaFX Application Thread] DEBUG GameApplicationServi - Clearing previous game
00:46:51.145 [JavaFX Application Thread] DEBUG GameScene            - Clearing game scene
00:46:51.145 [JavaFX Application Thread] DEBUG GameWorld            - Clearing game world
00:46:51.146 [JavaFX Application Thread] DEBUG PhysicsWorld         - Clearing physics world
00:46:51.146 [FXGL Background Thread 2 ] DEBUG FXGLApplication      - Initializing game
00:46:51.146 [FXGL Background Thread 2 ] DEBUG AudioPlayer          - Playing music com.almasb.fxgl.audio.Music@6aae1cd2
00:46:51.149 [FXGL Background Thread 2 ] INFO  FXGLApplication      - Game initialization took: 0.003 sec
00:46:51.160 [JavaFX Application Thread] DEBUG Input                - Clearing active input actions
00:46:51.162 [JavaFX Application Thread] DEBUG GameApplicationServi - Removing overlay from FXGLLoadingScene and adding to GameScene
00:46:51.163 [JavaFX Application Thread] DEBUG PrimaryStageWindow   - FXGLLoadingScene -> GameScene
00:47:06.910 [JavaFX Application Thread] DEBUG AudioPlayer          - Pausing music com.almasb.fxgl.audio.Music@7d3715b0
00:47:06.910 [JavaFX Application Thread] DEBUG AudioPlayer          - Pausing music com.almasb.fxgl.audio.Music@6aae1cd2
00:47:06.911 [JavaFX Application Thread] DEBUG PrimaryStageWindow   - Push state: DialogSubScene
00:47:06.911 [JavaFX Application Thread] DEBUG Input                - Clearing active input actions
00:47:06.912 [JavaFX Application Thread] DEBUG GameApplicationServi - Removing overlay from GameScene and adding to DialogSubScene
00:47:06.912 [JavaFX Application Thread] DEBUG PrimaryStageWindow   - GameScene -> DialogSubScene
00:47:10.236 [JavaFX Application Thread] DEBUG LoopRunner           - Stopping loop
00:47:10.238 [JavaFX Application Thread] FATAL FXGLApplication      - Uncaught Exception:
java.lang.IllegalArgumentException: Children: duplicate children added: parent = Group@675109d6
	at javafx.scene.Parent$3.onProposedChange(Parent.java:561)
	at com.sun.javafx.collections.VetoableListDecorator.add(VetoableListDecorator.java:205)
	at com.almasb.fxgl.app.scene.GameScene.addUINode(GameScene.kt:256)
	at com.almasb.fxgl.dev.Console.open(Console.kt:52)
	at com.almasb.fxgl.dev.DevService.openConsole(DevService.kt:66)
	at com.almasb.fxgl.app.SystemActions$devConsole$1.onActionBegin(SystemActions.kt:64)
	at com.almasb.fxgl.input.UserAction.begin$fxgl_core(UserAction.kt:37)
	at com.almasb.fxgl.input.Input.handlePressed(Input.kt:350)
	at com.almasb.fxgl.input.Input.onKeyEvent(Input.kt:291)
	at com.almasb.fxgl.app.PrimaryStageWindow$1.invoke(MainWindow.kt:288)
	at com.almasb.fxgl.app.PrimaryStageWindow$1.invoke(MainWindow.kt:287)
	at com.almasb.fxgl.app.MainWindow.addKeyHandler$lambda-1(MainWindow.kt:216)
	at com.sun.javafx.event.CompositeEventHandler$NormalEventHandlerRecord.handleBubblingEvent(CompositeEventHandler.java:247)
	at com.sun.javafx.event.CompositeEventHandler.dispatchBubblingEvent(CompositeEventHandler.java:80)
	at com.sun.javafx.event.EventHandlerManager.dispatchBubblingEvent(EventHandlerManager.java:234)
	at com.sun.javafx.event.EventHandlerManager.dispatchBubblingEvent(EventHandlerManager.java:191)
	at com.sun.javafx.event.CompositeEventDispatcher.dispatchBubblingEvent(CompositeEventDispatcher.java:59)
	at com.sun.javafx.event.BasicEventDispatcher.dispatchEvent(BasicEventDispatcher.java:58)
	at com.sun.javafx.event.EventDispatchChainImpl.dispatchEvent(EventDispatchChainImpl.java:114)
	at com.sun.javafx.event.BasicEventDispatcher.dispatchEvent(BasicEventDispatcher.java:56)
	at com.sun.javafx.event.EventDispatchChainImpl.dispatchEvent(EventDispatchChainImpl.java:114)
	at com.sun.javafx.event.EventUtil.fireEventImpl(EventUtil.java:74)
	at com.sun.javafx.event.EventUtil.fireEvent(EventUtil.java:54)
	at javafx.event.Event.fireEvent(Event.java:198)
	at javafx.scene.Scene$KeyHandler.process(Scene.java:4105)
	at javafx.scene.Scene.processKeyEvent(Scene.java:2156)
	at javafx.scene.Scene$ScenePeerListener.keyEvent(Scene.java:2630)
	at com.sun.javafx.tk.quantum.GlassViewEventHandler$KeyEventNotification.run(GlassViewEventHandler.java:218)
	at com.sun.javafx.tk.quantum.GlassViewEventHandler$KeyEventNotification.run(GlassViewEventHandler.java:150)
	at java.base/java.security.AccessController.doPrivileged(Native Method)
	at com.sun.javafx.tk.quantum.GlassViewEventHandler.lambda$handleKeyEvent$1(GlassViewEventHandler.java:250)
	at com.sun.javafx.tk.quantum.QuantumToolkit.runWithoutRenderLock(QuantumToolkit.java:424)
	at com.sun.javafx.tk.quantum.GlassViewEventHandler.handleKeyEvent(GlassViewEventHandler.java:249)
	at com.sun.glass.ui.View.handleKeyEvent(View.java:548)
	at com.sun.glass.ui.View.notifyKey(View.java:972)
	at com.sun.glass.ui.win.WinApplication._runLoop(Native Method)
	at com.sun.glass.ui.win.WinApplication.lambda$runLoop$3(WinApplication.java:184)
	at java.base/java.lang.Thread.run(Thread.java:829)

00:47:10.238 [JavaFX Application Thread] FATAL FXGLApplication      - Application will now exit
00:47:10.242 [JavaFX Application Thread] DEBUG PrimaryStageWindow   - Push state: ErrorSubScene
00:47:10.242 [JavaFX Application Thread] DEBUG Input                - Clearing active input actions
00:47:10.242 [JavaFX Application Thread] DEBUG GameApplicationServi - Removing overlay from DialogSubScene and adding to ErrorSubScene
00:47:10.242 [JavaFX Application Thread] DEBUG PrimaryStageWindow   - DialogSubScene -> ErrorSubScene
00:47:11.661 [JavaFX Application Thread] DEBUG FXGLApplication      - Exiting FXGL
00:47:11.661 [JavaFX Application Thread] DEBUG Async                - Shutting down background threads
00:47:11.661 [JavaFX Application Thread] DEBUG PrimaryStageWindow   - Closing main window
00:47:11.670 [JavaFX Application Thread] DEBUG Logger               - Closing Logger
