00:32:22.395 [main                     ] DEBUG Logger               - Configured Logger
00:32:22.410 [main                     ] DEBUG GameApplication      - Logging settings
Title: CupHead
Version: 0.0
Width: 1000
Height: 600
Fullscreen: false
Intro: false
Profiling: false
Single step:false
App Mode: DEVELOPER
Menu Key: ESCAPE
Stage Style: DECORATED
Scene Factory: class Views.BasicGameApp$1

00:32:22.737 [JavaFX Application Thread] DEBUG FXGLApplication      - Initializing FXGL
00:32:22.739 [JavaFX Application Thread] INFO  Engine               - FXGL-11.17 (16.07.2021 15.46) on WINDOWS (J:11.0.15 FX:17.0.1)
00:32:22.739 [JavaFX Application Thread] DEBUG Engine               - JRE Vendor Name: Amazon.com Inc.
00:32:22.739 [JavaFX Application Thread] DEBUG Engine               - Running on OS: Windows 10 version 10.0
00:32:22.739 [JavaFX Application Thread] DEBUG Engine               - Architecture: amd64
00:32:22.739 [JavaFX Application Thread] INFO  Engine               - Source code and latest versions at: https://github.com/AlmasB/FXGL
00:32:22.739 [JavaFX Application Thread] INFO  Engine               -              Join the FXGL chat at: https://gitter.im/AlmasB/FXGL
00:32:22.841 [JavaFX Application Thread] DEBUG PrimaryStageWindow   - Creating a JavaFX scene
00:32:22.893 [JavaFX Application Thread] DEBUG PrimaryStageWindow   - Target settings size: 1000.0 x 600.0
00:32:22.893 [JavaFX Application Thread] DEBUG PrimaryStageWindow   - Scaled scene size:    1000.0 x 600.0
00:32:22.894 [JavaFX Application Thread] DEBUG PrimaryStageWindow   - Scaled ratio: (1.0, 1.0)
00:32:22.895 [JavaFX Application Thread] DEBUG PrimaryStageWindow   - Set initial scene to FXGLStartupScene
00:32:22.902 [JavaFX Application Thread] DEBUG PrimaryStageWindow   - Opening main window
00:32:22.990 [JavaFX Application Thread] DEBUG PrimaryStageWindow   - Window border size: (14.4000244140625, 37.5999755859375)
00:32:22.990 [JavaFX Application Thread] DEBUG PrimaryStageWindow   - Scaled size: 1000.0 x 600.0
00:32:22.990 [JavaFX Application Thread] DEBUG PrimaryStageWindow   - Scaled ratio: (1.0, 1.0)
00:32:22.990 [JavaFX Application Thread] DEBUG PrimaryStageWindow   - Scene size: 1000.0 x 600.0
00:32:22.991 [JavaFX Application Thread] DEBUG PrimaryStageWindow   - Stage size: 1014.4000244140625 x 637.5999755859375
00:32:22.998 [FXGL Background Thread 1 ] DEBUG Engine               - Initializing environment variables
00:32:23.053 [FXGL Background Thread 1 ] DEBUG FXGLAssetLoaderServi - User app class for loading assets: class Views.BasicGameApp
00:32:23.054 [FXGL Background Thread 1 ] DEBUG GameApplicationServi - Applying CSS: fxgl_dark.css
00:32:23.054 [FXGL Background Thread 1 ] DEBUG FXGLAssetLoaderServi - Loading from file system: jar:file:/C:/Users/PARSA/.m2/repository/com/github/almasb/fxgl/11.17/fxgl-11.17.jar!/fxglassets/ui/css/fxgl_dark.css
00:32:23.091 [FXGL Background Thread 1 ] DEBUG GameApplicationServi - Initializing application scenes
00:32:23.133 [FXGL Background Thread 1 ] DEBUG GameWorld            - Game world initialized
00:32:23.187 [FXGL Background Thread 1 ] DEBUG PhysicsWorld         - Physics world initialized: appHeight=600, physics.ppm=50.0
00:32:23.188 [FXGL Background Thread 1 ] DEBUG PhysicsWorld         - Using strategy: BRUTE_FORCE
00:32:23.191 [FXGL Background Thread 1 ] DEBUG GameScene            - Game scene initialized: 1000x600
00:32:23.289 [FXGL Background Thread 1 ] DEBUG FXGL.DefaultMenu     - createMenuBodyGameMenu()
00:32:23.300 [FXGL Background Thread 1 ] DEBUG FXGL.DefaultMenu     - createOptionsMenu()
00:32:23.310 [FXGL Background Thread 1 ] DEBUG FXGLAssetLoaderServi - Loading from file system: jar:file:/C:/Users/PARSA/.m2/repository/com/github/almasb/fxgl/11.17/fxgl-11.17.jar!/fxglassets/textures/particles/smoke.png
00:32:23.380 [FXGL Background Thread 1 ] DEBUG FXGLAssetLoaderServi - Loading from file system: jar:file:/C:/Users/PARSA/.m2/repository/com/github/almasb/fxgl/11.17/fxgl-11.17.jar!/fxglassets/textures/particles/trace_horizontal.png
00:32:23.398 [FXGL Background Thread 1 ] DEBUG GameApplicationServi - Application scenes initialized
00:32:23.406 [FXGL Background Thread 1 ] DEBUG SystemBundleService  - Loading FXGL system data
00:32:23.409 [FXGL Background Thread 1 ] DEBUG FileSystemAccess     - Reading from: D:\UNIVERSITY\2\AP\tamrins\T3\CupHead\system\fxgl.bundle
00:32:23.414 [FXGL Background Thread 1 ] DEBUG SystemBundleService  - Bundle FXGL: {}
00:32:23.414 [FXGL Background Thread 1 ] DEBUG UpdaterService       - Checking for updates
00:32:23.440 [FXGL Background Thread 4 ] DEBUG FXGLApplication      - Loading fonts
00:32:23.441 [FXGL Background Thread 4 ] DEBUG FXGLAssetLoaderServi - Loading from file system: jar:file:/C:/Users/PARSA/.m2/repository/com/github/almasb/fxgl/11.17/fxgl-11.17.jar!/fxglassets/ui/fonts/VarelaRound-Regular.ttf
00:32:23.441 [FXGL Background Thread 1 ] DEBUG FXGLApplication      - Loading default localization
00:32:23.442 [FXGL Background Thread 1 ] DEBUG FXGLAssetLoaderServi - Loading from file system: jar:file:/C:/Users/PARSA/.m2/repository/com/github/almasb/fxgl/11.17/fxgl-11.17.jar!/fxglassets/languages/english.lang
00:32:23.459 [FXGL Background Thread 1 ] INFO  FXGLApplication      - FXGL initialization took: 0.461 sec
00:32:23.469 [JavaFX Application Thread] DEBUG Input                - Registered new binding: action0 - D
00:32:23.470 [JavaFX Application Thread] DEBUG Input                - Registered new binding: action1 - A
00:32:23.470 [JavaFX Application Thread] DEBUG Input                - Registered new binding: action2 - W
00:32:23.471 [JavaFX Application Thread] DEBUG Input                - Registered new binding: action3 - S
00:32:23.471 [JavaFX Application Thread] DEBUG Input                - Registered new binding: changeShootState - Tab
00:32:23.471 [JavaFX Application Thread] DEBUG Input                - Registered new binding: shoot - Space
00:32:23.472 [JavaFX Application Thread] DEBUG FXGLAssetLoaderServi - Loading from file system: jar:file:/C:/Users/PARSA/.m2/repository/com/github/almasb/fxgl/11.17/fxgl-11.17.jar!/fxglassets/textures/fxgl_icon.png
00:32:23.490 [JavaFX Application Thread] DEBUG FXGLAssetLoaderServi - Loading from file system: jar:file:/C:/Users/PARSA/.m2/repository/com/github/almasb/fxgl/11.17/fxgl-11.17.jar!/fxglassets/textures/fxgl_default_cursor.png
00:32:23.494 [JavaFX Application Thread] DEBUG Input                - Registered new binding: Screenshot - CTRL+8
00:32:23.495 [JavaFX Application Thread] DEBUG Input                - Registered new binding: Dev Options - 1
00:32:23.496 [JavaFX Application Thread] DEBUG Input                - Registered new binding: Dev Console - 2
00:32:23.497 [JavaFX Application Thread] DEBUG Input                - Registered new binding: System info dump - CTRL+9
00:32:23.498 [JavaFX Application Thread] DEBUG Input                - Registered new binding: Restart - CTRL+R
00:32:23.500 [JavaFX Application Thread] DEBUG Input                - Registered new binding: Toggle Debug Camera - CTRL+C
00:32:23.506 [JavaFX Application Thread] DEBUG LoopRunner           - Starting loop
00:32:23.519 [JavaFX Application Thread] DEBUG LoopRunner           - Initializing JavaFX AnimationTimerLoop
00:32:23.523 [JavaFX Application Thread] DEBUG Input                - Clearing active input actions
00:32:23.533 [JavaFX Application Thread] DEBUG GameApplicationServi - Removing overlay from FXGLStartupScene and adding to FXGLMainMenuDummyScene
00:32:23.542 [JavaFX Application Thread] DEBUG PrimaryStageWindow   - FXGLStartupScene -> FXGLMainMenuDummyScene
00:32:23.543 [JavaFX Application Thread] DEBUG PrimaryStageWindow   - Push state: CupHeadMainMenu
00:32:23.543 [JavaFX Application Thread] DEBUG FXGLAssetLoaderServi - Loading from file system: file:/D:/UNIVERSITY/2/AP/tamrins/T3/CupHead/target/classes/assets/music/menuMusic.wav
00:32:23.687 [JavaFX Application Thread] DEBUG AudioPlayer          - Playing music com.almasb.fxgl.audio.Music@6c1be2bc
00:32:23.687 [JavaFX Application Thread] DEBUG Input                - Clearing active input actions
00:32:23.691 [JavaFX Application Thread] DEBUG GameApplicationServi - Removing overlay from FXGLMainMenuDummyScene and adding to CupHeadMainMenu
00:32:23.691 [JavaFX Application Thread] DEBUG PrimaryStageWindow   - FXGLMainMenuDummyScene -> CupHeadMainMenu
00:32:23.875 [FXGL Background Thread 4 ] DEBUG FXGLAssetLoaderServi - Loading from file system: jar:file:/C:/Users/PARSA/.m2/repository/com/github/almasb/fxgl/11.17/fxgl-11.17.jar!/fxglassets/ui/fonts/Abel-Regular.ttf
00:32:23.888 [FXGL Background Thread 4 ] DEBUG FXGLAssetLoaderServi - Loading from file system: jar:file:/C:/Users/PARSA/.m2/repository/com/github/almasb/fxgl/11.17/fxgl-11.17.jar!/fxglassets/ui/fonts/lucida_console.ttf
00:32:23.898 [FXGL Background Thread 4 ] DEBUG FXGLAssetLoaderServi - Loading from file system: jar:file:/C:/Users/PARSA/.m2/repository/com/github/almasb/fxgl/11.17/fxgl-11.17.jar!/fxglassets/ui/fonts/Courier-Prime.ttf
00:32:23.910 [JavaFX Application Thread] DEBUG FXGLApplication      - Registering font factories with UI factory
00:32:24.389 [FXGL Background Thread 2 ] INFO  UpdaterService       - Your current version:  11.17
00:32:24.390 [FXGL Background Thread 2 ] INFO  UpdaterService       - Latest stable version: 17.1
00:32:24.448 [JavaFX Application Thread] DEBUG Menu                 - fireNewGame()
00:32:24.448 [JavaFX Application Thread] DEBUG GameApplicationServi - Starting new game
00:32:24.448 [JavaFX Application Thread] DEBUG AudioPlayer          - Stopping music com.almasb.fxgl.audio.Music@6c1be2bc
00:32:24.482 [JavaFX Application Thread] DEBUG PrimaryStageWindow   - Pop state: CupHeadMainMenu
00:32:24.483 [JavaFX Application Thread] DEBUG Input                - Clearing active input actions
00:32:24.484 [JavaFX Application Thread] DEBUG GameApplicationServi - Removing overlay from CupHeadMainMenu and adding to FXGLMainMenuDummyScene
00:32:24.486 [JavaFX Application Thread] DEBUG PrimaryStageWindow   - FXGLMainMenuDummyScene <- CupHeadMainMenu
00:32:24.486 [JavaFX Application Thread] DEBUG Input                - Clearing active input actions
00:32:24.491 [JavaFX Application Thread] DEBUG GameApplicationServi - Removing overlay from FXGLMainMenuDummyScene and adding to FXGLLoadingScene
00:32:24.491 [JavaFX Application Thread] DEBUG PrimaryStageWindow   - FXGLMainMenuDummyScene -> FXGLLoadingScene
00:32:24.492 [JavaFX Application Thread] DEBUG GameApplicationServi - Clearing previous game
00:32:24.492 [JavaFX Application Thread] DEBUG GameScene            - Clearing game scene
00:32:24.492 [JavaFX Application Thread] DEBUG GameWorld            - Clearing game world
00:32:24.492 [JavaFX Application Thread] DEBUG PhysicsWorld         - Clearing physics world
00:32:24.494 [FXGL Background Thread 2 ] DEBUG FXGLApplication      - Initializing game
00:32:24.499 [FXGL Background Thread 2 ] DEBUG FXGLAssetLoaderServi - Loading from file system: file:/D:/UNIVERSITY/2/AP/tamrins/T3/CupHead/target/classes/assets/textures/img.png
00:32:24.528 [FXGL Background Thread 2 ] DEBUG FXGLAssetLoaderServi - Loading from file system: file:/D:/UNIVERSITY/2/AP/tamrins/T3/CupHead/target/classes/assets/music/background.mp3
00:32:24.534 [FXGL Background Thread 2 ] DEBUG AudioPlayer          - Playing music com.almasb.fxgl.audio.Music@1edd8d29
00:32:24.570 [FXGL Background Thread 2 ] DEBUG FXGLAssetLoaderServi - Loading from file system: file:/D:/UNIVERSITY/2/AP/tamrins/T3/CupHead/target/classes/assets/textures/bossFly1.png
00:32:24.601 [FXGL Background Thread 2 ] DEBUG FXGLAssetLoaderServi - Loading from file system: file:/D:/UNIVERSITY/2/AP/tamrins/T3/CupHead/target/classes/assets/textures/red.png
00:32:24.605 [FXGL Background Thread 2 ] DEBUG FXGLAssetLoaderServi - Loading from file system: file:/D:/UNIVERSITY/2/AP/tamrins/T3/CupHead/target/classes/assets/textures/bulletIcon.png
00:32:24.629 [FXGL Background Thread 2 ] INFO  FXGLApplication      - Game initialization took: 0.135 sec
00:32:24.630 [JavaFX Application Thread] DEBUG Input                - Clearing active input actions
00:32:24.635 [JavaFX Application Thread] DEBUG GameApplicationServi - Removing overlay from FXGLLoadingScene and adding to GameScene
00:32:24.637 [JavaFX Application Thread] DEBUG PrimaryStageWindow   - FXGLLoadingScene -> GameScene
00:32:24.685 [JavaFX Application Thread] DEBUG PrimaryStageWindow   - Push state: DialogSubScene
00:32:24.685 [JavaFX Application Thread] DEBUG Input                - Clearing active input actions
00:32:24.687 [JavaFX Application Thread] DEBUG GameApplicationServi - Removing overlay from GameScene and adding to DialogSubScene
00:32:24.688 [JavaFX Application Thread] DEBUG PrimaryStageWindow   - GameScene -> DialogSubScene
00:32:25.615 [JavaFX Application Thread] DEBUG GameApplicationServi - Starting new game
00:32:25.615 [JavaFX Application Thread] DEBUG PrimaryStageWindow   - Pop state: DialogSubScene
00:32:25.615 [JavaFX Application Thread] DEBUG Input                - Clearing active input actions
00:32:25.616 [JavaFX Application Thread] DEBUG GameApplicationServi - Removing overlay from DialogSubScene and adding to GameScene
00:32:25.616 [JavaFX Application Thread] DEBUG PrimaryStageWindow   - GameScene <- DialogSubScene
00:32:25.616 [JavaFX Application Thread] DEBUG Input                - Clearing active input actions
00:32:25.619 [JavaFX Application Thread] DEBUG GameApplicationServi - Removing overlay from GameScene and adding to FXGLLoadingScene
00:32:25.620 [JavaFX Application Thread] DEBUG PrimaryStageWindow   - GameScene -> FXGLLoadingScene
00:32:25.620 [JavaFX Application Thread] DEBUG GameApplicationServi - Clearing previous game
00:32:25.620 [JavaFX Application Thread] DEBUG GameScene            - Clearing game scene
00:32:25.620 [JavaFX Application Thread] DEBUG GameWorld            - Clearing game world
00:32:25.621 [JavaFX Application Thread] DEBUG PhysicsWorld         - Clearing physics world
00:32:25.621 [FXGL Background Thread 2 ] DEBUG FXGLApplication      - Initializing game
00:32:25.622 [FXGL Background Thread 2 ] DEBUG AudioPlayer          - Playing music com.almasb.fxgl.audio.Music@1edd8d29
00:32:25.627 [FXGL Background Thread 2 ] INFO  FXGLApplication      - Game initialization took: 0.005 sec
00:32:25.636 [JavaFX Application Thread] DEBUG Input                - Clearing active input actions
00:32:25.639 [JavaFX Application Thread] DEBUG GameApplicationServi - Removing overlay from FXGLLoadingScene and adding to GameScene
00:32:25.640 [JavaFX Application Thread] DEBUG PrimaryStageWindow   - FXGLLoadingScene -> GameScene
00:32:25.884 [JavaFX Application Thread] DEBUG FXGLAssetLoaderServi - Loading from file system: file:/D:/UNIVERSITY/2/AP/tamrins/T3/CupHead/target/classes/assets/textures/bullet.png
00:32:25.886 [JavaFX Application Thread] DEBUG FXGLAssetLoaderServi - Loading from file system: file:/D:/UNIVERSITY/2/AP/tamrins/T3/CupHead/target/classes/assets/sounds/bullet.wav
00:32:26.421 [JavaFX Application Thread] DEBUG FXGLAssetLoaderServi - Loading from file system: file:/D:/UNIVERSITY/2/AP/tamrins/T3/CupHead/target/classes/assets/sounds/collision.wav
00:32:26.440 [FXGL Background Thread 3 ] DEBUG Engine               - Logging environment variables
00:32:26.440 [FXGL Background Thread 3 ] DEBUG Engine               - achievements: []
00:32:26.440 [FXGL Background Thread 3 ] DEBUG Engine               - actualHeight: 600.0
00:32:26.440 [FXGL Background Thread 3 ] DEBUG Engine               - actualHeightProperty: ReadOnlyDoubleProperty [value: 600.0]
00:32:26.440 [FXGL Background Thread 3 ] DEBUG Engine               - actualWidth: 1000.0
00:32:26.440 [FXGL Background Thread 3 ] DEBUG Engine               - actualWidthProperty: ReadOnlyDoubleProperty [value: 1000.0]
00:32:26.442 [FXGL Background Thread 3 ] DEBUG Engine               - appIcon: fxgl_icon.png
00:32:26.442 [FXGL Background Thread 3 ] DEBUG Engine               - applicationMode: DEVELOPER
00:32:26.442 [FXGL Background Thread 3 ] DEBUG Engine               - cSSList: [fxgl_dark.css]
00:32:26.442 [FXGL Background Thread 3 ] DEBUG Engine               - collisionDetectionStrategy: BRUTE_FORCE
00:32:26.442 [FXGL Background Thread 3 ] DEBUG Engine               - configClass: Optional.empty
00:32:26.442 [FXGL Background Thread 3 ] DEBUG Engine               - credits: []
00:32:26.442 [FXGL Background Thread 3 ] DEBUG Engine               - defaultCursor: CursorInfo(imageName=fxgl_default_cursor.png, hotspotX=7.0, hotspotY=6.0)
00:32:26.442 [FXGL Background Thread 3 ] DEBUG Engine               - devBBoxColorProperty: ObjectProperty [value: 0xff0000ff]
00:32:26.442 [FXGL Background Thread 3 ] DEBUG Engine               - devEnableDebugCameraProperty: BooleanProperty [value: false]
00:32:26.442 [FXGL Background Thread 3 ] DEBUG Engine               - devSensorColorProperty: ObjectProperty [value: 0xffff00ff]
00:32:26.442 [FXGL Background Thread 3 ] DEBUG Engine               - devShowBBoxProperty: BooleanProperty [value: false]
00:32:26.443 [FXGL Background Thread 3 ] DEBUG Engine               - devShowPositionProperty: BooleanProperty [value: false]
00:32:26.443 [FXGL Background Thread 3 ] DEBUG Engine               - enabledMenuItems: []
00:32:26.443 [FXGL Background Thread 3 ] DEBUG Engine               - engineServices: [class com.almasb.fxgl.app.services.FXGLAssetLoaderService, class com.almasb.fxgl.app.FXGLApplication$GameApplicationService, class com.almasb.fxgl.app.services.FXGLDialogService, class com.almasb.fxgl.app.services.IOTaskExecutorService, class com.almasb.fxgl.io.FileSystemService, class com.almasb.fxgl.localization.LocalizationService, class com.almasb.fxgl.app.services.SystemBundleService, class com.almasb.fxgl.profile.SaveLoadService, class com.almasb.fxgl.ui.FXGLUIFactoryServiceProvider, class com.almasb.fxgl.ui.FXGLDialogFactoryServiceProvider, class com.almasb.fxgl.audio.AudioPlayer, class com.almasb.fxgl.notification.impl.NotificationServiceProvider, class com.almasb.fxgl.achievement.AchievementService, class com.almasb.fxgl.cutscene.CutsceneService, class com.almasb.fxgl.minigames.MiniGameService, class com.almasb.fxgl.net.NetService, class com.almasb.fxgl.app.services.UpdaterService, class com.almasb.fxgl.dev.DevService]
00:32:26.443 [FXGL Background Thread 3 ] DEBUG Engine               - fontGame: Abel-Regular.ttf
00:32:26.443 [FXGL Background Thread 3 ] DEBUG Engine               - fontMono: lucida_console.ttf
00:32:26.443 [FXGL Background Thread 3 ] DEBUG Engine               - fontText: Courier-Prime.ttf
00:32:26.443 [FXGL Background Thread 3 ] DEBUG Engine               - fontUI: VarelaRound-Regular.ttf
00:32:26.443 [FXGL Background Thread 3 ] DEBUG Engine               - fullScreen: BooleanProperty [value: false]
00:32:26.443 [FXGL Background Thread 3 ] DEBUG Engine               - gameDifficulty: MEDIUM
00:32:26.443 [FXGL Background Thread 3 ] DEBUG Engine               - gameDifficultyProperty: ObjectProperty [value: MEDIUM]
00:32:26.443 [FXGL Background Thread 3 ] DEBUG Engine               - globalMusicVolume: 0.5
00:32:26.443 [FXGL Background Thread 3 ] DEBUG Engine               - globalMusicVolumeProperty: DoubleProperty [value: 80.0]
00:32:26.443 [FXGL Background Thread 3 ] DEBUG Engine               - globalSoundVolume: 0.5
00:32:26.443 [FXGL Background Thread 3 ] DEBUG Engine               - globalSoundVolumeProperty: DoubleProperty [value: 0.5]
00:32:26.443 [FXGL Background Thread 3 ] DEBUG Engine               - height: 600
00:32:26.443 [FXGL Background Thread 3 ] DEBUG Engine               - is3D: false
00:32:26.443 [FXGL Background Thread 3 ] DEBUG Engine               - isAndroid: false
00:32:26.443 [FXGL Background Thread 3 ] DEBUG Engine               - isBrowser: false
00:32:26.443 [FXGL Background Thread 3 ] DEBUG Engine               - isClickFeedbackEnabled: false
00:32:26.443 [FXGL Background Thread 3 ] DEBUG Engine               - isCloseConfirmation: false
00:32:26.443 [FXGL Background Thread 3 ] DEBUG Engine               - isDesktop: true
00:32:26.443 [FXGL Background Thread 3 ] DEBUG Engine               - isDeveloperMenuEnabled: true
00:32:26.443 [FXGL Background Thread 3 ] DEBUG Engine               - isEntityPreloadEnabled: true
00:32:26.443 [FXGL Background Thread 3 ] DEBUG Engine               - isExperimentalTiledLargeMap: false
00:32:26.443 [FXGL Background Thread 3 ] DEBUG Engine               - isFileSystemWriteAllowed: true
00:32:26.443 [FXGL Background Thread 3 ] DEBUG Engine               - isFullScreenAllowed: false
00:32:26.443 [FXGL Background Thread 3 ] DEBUG Engine               - isFullScreenFromStart: false
00:32:26.443 [FXGL Background Thread 3 ] DEBUG Engine               - isGameMenuEnabled: true
00:32:26.443 [FXGL Background Thread 3 ] DEBUG Engine               - isIOS: false
00:32:26.443 [FXGL Background Thread 3 ] DEBUG Engine               - isIntroEnabled: false
00:32:26.443 [FXGL Background Thread 3 ] DEBUG Engine               - isLinux: false
00:32:26.443 [FXGL Background Thread 3 ] DEBUG Engine               - isMac: false
00:32:26.444 [FXGL Background Thread 3 ] DEBUG Engine               - isMainMenuEnabled: true
00:32:26.444 [FXGL Background Thread 3 ] DEBUG Engine               - isManualResizeEnabled: false
00:32:26.444 [FXGL Background Thread 3 ] DEBUG Engine               - isMobile: false
00:32:26.444 [FXGL Background Thread 3 ] DEBUG Engine               - isNative: false
00:32:26.444 [FXGL Background Thread 3 ] DEBUG Engine               - isPauseMusicWhenMinimized: true
00:32:26.444 [FXGL Background Thread 3 ] DEBUG Engine               - isPreserveResizeRatio: false
00:32:26.444 [FXGL Background Thread 3 ] DEBUG Engine               - isProfilingEnabled: false
00:32:26.444 [FXGL Background Thread 3 ] DEBUG Engine               - isScaleAffectedOnResize: true
00:32:26.444 [FXGL Background Thread 3 ] DEBUG Engine               - isSingleStep: false
00:32:26.444 [FXGL Background Thread 3 ] DEBUG Engine               - isUserProfileEnabled: true
00:32:26.444 [FXGL Background Thread 3 ] DEBUG Engine               - isWindows: true
00:32:26.444 [FXGL Background Thread 3 ] DEBUG Engine               - language: ObjectProperty [value: ENGLISH]
00:32:26.444 [FXGL Background Thread 3 ] DEBUG Engine               - menuKey: ESCAPE
00:32:26.444 [FXGL Background Thread 3 ] DEBUG Engine               - mouseSensitivity: 0.2
00:32:26.444 [FXGL Background Thread 3 ] DEBUG Engine               - notificationViewClass: class com.almasb.fxgl.notification.view.XboxNotificationView
00:32:26.444 [FXGL Background Thread 3 ] DEBUG Engine               - pixelsPerMeter: 50.0
00:32:26.444 [FXGL Background Thread 3 ] DEBUG Engine               - platform: WINDOWS
00:32:26.444 [FXGL Background Thread 3 ] DEBUG Engine               - prefHeightProperty: ReadOnlyDoubleProperty [value: 600.0]
00:32:26.444 [FXGL Background Thread 3 ] DEBUG Engine               - prefWidthProperty: ReadOnlyDoubleProperty [value: 1000.0]
00:32:26.444 [FXGL Background Thread 3 ] DEBUG Engine               - profileDir: profiles/
00:32:26.444 [FXGL Background Thread 3 ] DEBUG Engine               - profileName: StringProperty [value: DEFAULT]
00:32:26.444 [FXGL Background Thread 3 ] DEBUG Engine               - randomSeed: -1
00:32:26.444 [FXGL Background Thread 3 ] DEBUG Engine               - runtimeInfo: RuntimeInfo(platform=WINDOWS, version=11.17, build=16.07.2021 15.46)
00:32:26.444 [FXGL Background Thread 3 ] DEBUG Engine               - saveFileExt: sav
00:32:26.445 [FXGL Background Thread 3 ] DEBUG Engine               - scaledHeightProp$fxgl: DoubleProperty [bound, value: 600.0]
00:32:26.445 [FXGL Background Thread 3 ] DEBUG Engine               - scaledWidthProp$fxgl: DoubleProperty [bound, value: 1000.0]
00:32:26.445 [FXGL Background Thread 3 ] DEBUG Engine               - sceneFactory: Views.BasicGameApp$1@124e4571
00:32:26.445 [FXGL Background Thread 3 ] DEBUG Engine               - secondsIn24h: 60
00:32:26.445 [FXGL Background Thread 3 ] DEBUG Engine               - soundMenuBack: menu/back.wav
00:32:26.445 [FXGL Background Thread 3 ] DEBUG Engine               - soundMenuPress: menu/press.wav
00:32:26.445 [FXGL Background Thread 3 ] DEBUG Engine               - soundMenuSelect: menu/select.wav
00:32:26.445 [FXGL Background Thread 3 ] DEBUG Engine               - soundNotification: core/notification.wav
00:32:26.445 [FXGL Background Thread 3 ] DEBUG Engine               - stageStyle: DECORATED
00:32:26.445 [FXGL Background Thread 3 ] DEBUG Engine               - supportedLanguages: [ENGLISH, FRENCH, GERMAN, HUNGARIAN, RUSSIAN]
00:32:26.445 [FXGL Background Thread 3 ] DEBUG Engine               - ticksPerSecond: -1
00:32:26.445 [FXGL Background Thread 3 ] DEBUG Engine               - title: CupHead
00:32:26.445 [FXGL Background Thread 3 ] DEBUG Engine               - urlGithub: https://github.com/AlmasB/FXGL
00:32:26.445 [FXGL Background Thread 3 ] DEBUG Engine               - urlLeaderboard: http://fxgl-top.herokuapp.com/
00:32:26.445 [FXGL Background Thread 3 ] DEBUG Engine               - urlPOM: https://raw.githubusercontent.com/AlmasB/FXGL/release/README.md
00:32:26.445 [FXGL Background Thread 3 ] DEBUG Engine               - userAppClass: class Views.BasicGameApp
00:32:26.445 [FXGL Background Thread 3 ] DEBUG Engine               - version: 0.0
00:32:26.445 [FXGL Background Thread 3 ] DEBUG Engine               - versionCheckDays: 7
00:32:26.445 [FXGL Background Thread 3 ] DEBUG Engine               - width: 1000
00:32:26.445 [FXGL Background Thread 3 ] DEBUG Engine               - Logging services
00:32:26.445 [FXGL Background Thread 3 ] DEBUG Engine               - class com.almasb.fxgl.app.services.FXGLAssetLoaderService
00:32:26.445 [FXGL Background Thread 3 ] DEBUG Engine               - class com.almasb.fxgl.app.FXGLApplication$GameApplicationService
00:32:26.445 [FXGL Background Thread 3 ] DEBUG Engine               - class com.almasb.fxgl.app.services.FXGLDialogService
00:32:26.445 [FXGL Background Thread 3 ] DEBUG Engine               - class com.almasb.fxgl.app.services.IOTaskExecutorService
00:32:26.445 [FXGL Background Thread 3 ] DEBUG Engine               - class com.almasb.fxgl.io.FileSystemService
00:32:26.445 [FXGL Background Thread 3 ] DEBUG Engine               - class com.almasb.fxgl.localization.LocalizationService
00:32:26.445 [FXGL Background Thread 3 ] DEBUG Engine               - class com.almasb.fxgl.app.services.SystemBundleService
00:32:26.445 [FXGL Background Thread 3 ] DEBUG Engine               - class com.almasb.fxgl.profile.SaveLoadService
00:32:26.445 [FXGL Background Thread 3 ] DEBUG Engine               - class com.almasb.fxgl.ui.FXGLUIFactoryServiceProvider
00:32:26.445 [FXGL Background Thread 3 ] DEBUG Engine               - class com.almasb.fxgl.ui.FXGLDialogFactoryServiceProvider
00:32:26.446 [FXGL Background Thread 3 ] DEBUG Engine               - class com.almasb.fxgl.audio.AudioPlayer
00:32:26.446 [FXGL Background Thread 3 ] DEBUG Engine               - class com.almasb.fxgl.notification.impl.NotificationServiceProvider
00:32:26.446 [FXGL Background Thread 3 ] DEBUG Engine               - class com.almasb.fxgl.achievement.AchievementService
00:32:26.446 [FXGL Background Thread 3 ] DEBUG Engine               - class com.almasb.fxgl.cutscene.CutsceneService
00:32:26.446 [FXGL Background Thread 3 ] DEBUG Engine               - class com.almasb.fxgl.minigames.MiniGameService
00:32:26.446 [FXGL Background Thread 3 ] DEBUG Engine               - class com.almasb.fxgl.net.NetService
00:32:26.446 [FXGL Background Thread 3 ] DEBUG Engine               - class com.almasb.fxgl.app.services.UpdaterService
00:32:26.446 [FXGL Background Thread 3 ] DEBUG Engine               - class com.almasb.fxgl.dev.DevService
00:32:26.543 [JavaFX Application Thread] DEBUG FXGLAssetLoaderServi - Loading from file system: file:/D:/UNIVERSITY/2/AP/tamrins/T3/CupHead/target/classes/assets/textures/boss2.png
00:32:27.223 [JavaFX Application Thread] DEBUG FXGLAssetLoaderServi - Loading from file system: file:/D:/UNIVERSITY/2/AP/tamrins/T3/CupHead/target/classes/assets/textures/miniFly.png
00:32:28.207 [JavaFX Application Thread] DEBUG FXGLAssetLoaderServi - Loading from file system: file:/D:/UNIVERSITY/2/AP/tamrins/T3/CupHead/target/classes/assets/textures/egg.png
00:32:28.209 [JavaFX Application Thread] DEBUG FXGLAssetLoaderServi - Loading from file system: file:/D:/UNIVERSITY/2/AP/tamrins/T3/CupHead/target/classes/assets/sounds/egg.wav
00:32:37.397 [JavaFX Application Thread] DEBUG FXGLApplication      - Exiting FXGL
00:32:37.397 [JavaFX Application Thread] DEBUG LoopRunner           - Stopping loop
00:32:37.397 [JavaFX Application Thread] DEBUG SystemBundleService  - Saving FXGL system data
00:32:37.399 [JavaFX Application Thread] DEBUG FileSystemAccess     - Writing to: D:\UNIVERSITY\2\AP\tamrins\T3\CupHead\system\fxgl.bundle
00:32:37.401 [JavaFX Application Thread] DEBUG Async                - Shutting down background threads
00:32:37.401 [JavaFX Application Thread] DEBUG PrimaryStageWindow   - Closing main window
00:32:37.415 [JavaFX Application Thread] DEBUG Logger               - Closing Logger
