00:44:17.934 [main                     ] DEBUG Logger               - Configured Logger
00:44:17.951 [main                     ] DEBUG GameApplication      - Logging settings
Title: CupHead
Version: 0.0
Width: 1000
Height: 600
Fullscreen: false
Intro: false
Profiling: false
Single step:false
App Mode: DEVELOPER
Menu Key: ESCAPE
Stage Style: DECORATED
Scene Factory: class Views.BasicGameApp$1

00:44:18.286 [JavaFX Application Thread] DEBUG FXGLApplication      - Initializing FXGL
00:44:18.288 [JavaFX Application Thread] INFO  Engine               - FXGL-11.17 (16.07.2021 15.46) on WINDOWS (J:11.0.15 FX:17.0.1)
00:44:18.288 [JavaFX Application Thread] DEBUG Engine               - JRE Vendor Name: Amazon.com Inc.
00:44:18.288 [JavaFX Application Thread] DEBUG Engine               - Running on OS: Windows 10 version 10.0
00:44:18.288 [JavaFX Application Thread] DEBUG Engine               - Architecture: amd64
00:44:18.288 [JavaFX Application Thread] INFO  Engine               - Source code and latest versions at: https://github.com/AlmasB/FXGL
00:44:18.288 [JavaFX Application Thread] INFO  Engine               -              Join the FXGL chat at: https://gitter.im/AlmasB/FXGL
00:44:18.383 [JavaFX Application Thread] DEBUG PrimaryStageWindow   - Creating a JavaFX scene
00:44:18.438 [JavaFX Application Thread] DEBUG PrimaryStageWindow   - Target settings size: 1000.0 x 600.0
00:44:18.438 [JavaFX Application Thread] DEBUG PrimaryStageWindow   - Scaled scene size:    1000.0 x 600.0
00:44:18.438 [JavaFX Application Thread] DEBUG PrimaryStageWindow   - Scaled ratio: (1.0, 1.0)
00:44:18.440 [JavaFX Application Thread] DEBUG PrimaryStageWindow   - Set initial scene to FXGLStartupScene
00:44:18.447 [JavaFX Application Thread] DEBUG PrimaryStageWindow   - Opening main window
00:44:18.531 [JavaFX Application Thread] DEBUG PrimaryStageWindow   - Window border size: (14.4000244140625, 37.5999755859375)
00:44:18.531 [JavaFX Application Thread] DEBUG PrimaryStageWindow   - Scaled size: 1000.0 x 600.0
00:44:18.531 [JavaFX Application Thread] DEBUG PrimaryStageWindow   - Scaled ratio: (1.0, 1.0)
00:44:18.531 [JavaFX Application Thread] DEBUG PrimaryStageWindow   - Scene size: 1000.0 x 600.0
00:44:18.531 [JavaFX Application Thread] DEBUG PrimaryStageWindow   - Stage size: 1014.4000244140625 x 637.5999755859375
00:44:18.538 [FXGL Background Thread 1 ] DEBUG Engine               - Initializing environment variables
00:44:18.597 [FXGL Background Thread 1 ] DEBUG FXGLAssetLoaderServi - User app class for loading assets: class Views.BasicGameApp
00:44:18.597 [FXGL Background Thread 1 ] DEBUG GameApplicationServi - Applying CSS: fxgl_dark.css
00:44:18.597 [FXGL Background Thread 1 ] DEBUG FXGLAssetLoaderServi - Loading from file system: jar:file:/C:/Users/PARSA/.m2/repository/com/github/almasb/fxgl/11.17/fxgl-11.17.jar!/fxglassets/ui/css/fxgl_dark.css
00:44:18.635 [FXGL Background Thread 1 ] DEBUG GameApplicationServi - Initializing application scenes
00:44:18.678 [FXGL Background Thread 1 ] DEBUG GameWorld            - Game world initialized
00:44:18.739 [FXGL Background Thread 1 ] DEBUG PhysicsWorld         - Physics world initialized: appHeight=600, physics.ppm=50.0
00:44:18.739 [FXGL Background Thread 1 ] DEBUG PhysicsWorld         - Using strategy: BRUTE_FORCE
00:44:18.742 [FXGL Background Thread 1 ] DEBUG GameScene            - Game scene initialized: 1000x600
00:44:18.832 [FXGL Background Thread 1 ] DEBUG FXGL.DefaultMenu     - createMenuBodyGameMenu()
00:44:18.845 [FXGL Background Thread 1 ] DEBUG FXGL.DefaultMenu     - createOptionsMenu()
00:44:18.854 [FXGL Background Thread 1 ] DEBUG FXGLAssetLoaderServi - Loading from file system: jar:file:/C:/Users/PARSA/.m2/repository/com/github/almasb/fxgl/11.17/fxgl-11.17.jar!/fxglassets/textures/particles/smoke.png
00:44:18.920 [FXGL Background Thread 1 ] DEBUG FXGLAssetLoaderServi - Loading from file system: jar:file:/C:/Users/PARSA/.m2/repository/com/github/almasb/fxgl/11.17/fxgl-11.17.jar!/fxglassets/textures/particles/trace_horizontal.png
00:44:18.941 [FXGL Background Thread 1 ] DEBUG GameApplicationServi - Application scenes initialized
00:44:18.949 [FXGL Background Thread 1 ] DEBUG SystemBundleService  - Loading FXGL system data
00:44:18.952 [FXGL Background Thread 1 ] DEBUG FileSystemAccess     - Reading from: D:\UNIVERSITY\2\AP\tamrins\T3\CupHead\system\fxgl.bundle
00:44:18.957 [FXGL Background Thread 1 ] DEBUG SystemBundleService  - Bundle FXGL: {}
00:44:18.957 [FXGL Background Thread 1 ] DEBUG UpdaterService       - Checking for updates
00:44:18.986 [FXGL Background Thread 4 ] DEBUG FXGLApplication      - Loading fonts
00:44:18.987 [FXGL Background Thread 4 ] DEBUG FXGLAssetLoaderServi - Loading from file system: jar:file:/C:/Users/PARSA/.m2/repository/com/github/almasb/fxgl/11.17/fxgl-11.17.jar!/fxglassets/ui/fonts/VarelaRound-Regular.ttf
00:44:18.987 [FXGL Background Thread 1 ] DEBUG FXGLApplication      - Loading default localization
00:44:18.988 [FXGL Background Thread 1 ] DEBUG FXGLAssetLoaderServi - Loading from file system: jar:file:/C:/Users/PARSA/.m2/repository/com/github/almasb/fxgl/11.17/fxgl-11.17.jar!/fxglassets/languages/english.lang
00:44:19.003 [FXGL Background Thread 1 ] INFO  FXGLApplication      - FXGL initialization took: 0.465 sec
00:44:19.020 [JavaFX Application Thread] DEBUG Input                - Registered new binding: action0 - D
00:44:19.021 [JavaFX Application Thread] DEBUG Input                - Registered new binding: action1 - A
00:44:19.022 [JavaFX Application Thread] DEBUG Input                - Registered new binding: action2 - W
00:44:19.023 [JavaFX Application Thread] DEBUG Input                - Registered new binding: action3 - S
00:44:19.024 [JavaFX Application Thread] DEBUG Input                - Registered new binding: changeShootState - Tab
00:44:19.024 [JavaFX Application Thread] DEBUG Input                - Registered new binding: shoot - Space
00:44:19.024 [JavaFX Application Thread] DEBUG FXGLAssetLoaderServi - Loading from file system: jar:file:/C:/Users/PARSA/.m2/repository/com/github/almasb/fxgl/11.17/fxgl-11.17.jar!/fxglassets/textures/fxgl_icon.png
00:44:19.044 [JavaFX Application Thread] DEBUG FXGLAssetLoaderServi - Loading from file system: jar:file:/C:/Users/PARSA/.m2/repository/com/github/almasb/fxgl/11.17/fxgl-11.17.jar!/fxglassets/textures/fxgl_default_cursor.png
00:44:19.047 [JavaFX Application Thread] DEBUG Input                - Registered new binding: Screenshot - CTRL+8
00:44:19.048 [JavaFX Application Thread] DEBUG Input                - Registered new binding: Dev Options - 1
00:44:19.048 [JavaFX Application Thread] DEBUG Input                - Registered new binding: Dev Console - 2
00:44:19.049 [JavaFX Application Thread] DEBUG Input                - Registered new binding: System info dump - CTRL+9
00:44:19.049 [JavaFX Application Thread] DEBUG Input                - Registered new binding: Restart - CTRL+R
00:44:19.051 [JavaFX Application Thread] DEBUG Input                - Registered new binding: Toggle Debug Camera - CTRL+C
00:44:19.054 [JavaFX Application Thread] DEBUG LoopRunner           - Starting loop
00:44:19.069 [JavaFX Application Thread] DEBUG LoopRunner           - Initializing JavaFX AnimationTimerLoop
00:44:19.075 [JavaFX Application Thread] DEBUG Input                - Clearing active input actions
00:44:19.084 [JavaFX Application Thread] DEBUG GameApplicationServi - Removing overlay from FXGLStartupScene and adding to FXGLMainMenuDummyScene
00:44:19.093 [JavaFX Application Thread] DEBUG PrimaryStageWindow   - FXGLStartupScene -> FXGLMainMenuDummyScene
00:44:19.093 [JavaFX Application Thread] DEBUG PrimaryStageWindow   - Push state: CupHeadMainMenu
00:44:19.093 [JavaFX Application Thread] DEBUG FXGLAssetLoaderServi - Loading from file system: file:/D:/UNIVERSITY/2/AP/tamrins/T3/CupHead/target/classes/assets/music/menuMusic.wav
00:44:19.208 [JavaFX Application Thread] DEBUG AudioPlayer          - Playing music com.almasb.fxgl.audio.Music@5945f7de
00:44:19.208 [JavaFX Application Thread] DEBUG Input                - Clearing active input actions
00:44:19.211 [JavaFX Application Thread] DEBUG GameApplicationServi - Removing overlay from FXGLMainMenuDummyScene and adding to CupHeadMainMenu
00:44:19.212 [JavaFX Application Thread] DEBUG PrimaryStageWindow   - FXGLMainMenuDummyScene -> CupHeadMainMenu
00:44:19.405 [FXGL Background Thread 4 ] DEBUG FXGLAssetLoaderServi - Loading from file system: jar:file:/C:/Users/PARSA/.m2/repository/com/github/almasb/fxgl/11.17/fxgl-11.17.jar!/fxglassets/ui/fonts/Abel-Regular.ttf
00:44:19.418 [FXGL Background Thread 4 ] DEBUG FXGLAssetLoaderServi - Loading from file system: jar:file:/C:/Users/PARSA/.m2/repository/com/github/almasb/fxgl/11.17/fxgl-11.17.jar!/fxglassets/ui/fonts/lucida_console.ttf
00:44:19.431 [FXGL Background Thread 4 ] DEBUG FXGLAssetLoaderServi - Loading from file system: jar:file:/C:/Users/PARSA/.m2/repository/com/github/almasb/fxgl/11.17/fxgl-11.17.jar!/fxglassets/ui/fonts/Courier-Prime.ttf
00:44:19.441 [JavaFX Application Thread] DEBUG FXGLApplication      - Registering font factories with UI factory
00:44:19.974 [JavaFX Application Thread] DEBUG Menu                 - fireNewGame()
00:44:19.975 [JavaFX Application Thread] DEBUG GameApplicationServi - Starting new game
00:44:19.975 [JavaFX Application Thread] DEBUG AudioPlayer          - Stopping music com.almasb.fxgl.audio.Music@5945f7de
00:44:20.014 [JavaFX Application Thread] DEBUG PrimaryStageWindow   - Pop state: CupHeadMainMenu
00:44:20.015 [JavaFX Application Thread] DEBUG Input                - Clearing active input actions
00:44:20.016 [JavaFX Application Thread] DEBUG GameApplicationServi - Removing overlay from CupHeadMainMenu and adding to FXGLMainMenuDummyScene
00:44:20.018 [JavaFX Application Thread] DEBUG PrimaryStageWindow   - FXGLMainMenuDummyScene <- CupHeadMainMenu
00:44:20.019 [JavaFX Application Thread] DEBUG Input                - Clearing active input actions
00:44:20.025 [JavaFX Application Thread] DEBUG GameApplicationServi - Removing overlay from FXGLMainMenuDummyScene and adding to FXGLLoadingScene
00:44:20.026 [JavaFX Application Thread] DEBUG PrimaryStageWindow   - FXGLMainMenuDummyScene -> FXGLLoadingScene
00:44:20.026 [JavaFX Application Thread] DEBUG GameApplicationServi - Clearing previous game
00:44:20.026 [JavaFX Application Thread] DEBUG GameScene            - Clearing game scene
00:44:20.026 [JavaFX Application Thread] DEBUG GameWorld            - Clearing game world
00:44:20.026 [JavaFX Application Thread] DEBUG PhysicsWorld         - Clearing physics world
00:44:20.028 [FXGL Background Thread 4 ] DEBUG FXGLApplication      - Initializing game
00:44:20.030 [FXGL Background Thread 2 ] INFO  UpdaterService       - Your current version:  11.17
00:44:20.031 [FXGL Background Thread 2 ] INFO  UpdaterService       - Latest stable version: 17.1
00:44:20.031 [FXGL Background Thread 4 ] DEBUG FXGLAssetLoaderServi - Loading from file system: file:/D:/UNIVERSITY/2/AP/tamrins/T3/CupHead/target/classes/assets/textures/img.png
00:44:20.063 [FXGL Background Thread 4 ] DEBUG FXGLAssetLoaderServi - Loading from file system: file:/D:/UNIVERSITY/2/AP/tamrins/T3/CupHead/target/classes/assets/music/background.mp3
00:44:20.068 [FXGL Background Thread 4 ] DEBUG AudioPlayer          - Playing music com.almasb.fxgl.audio.Music@30bbbb03
00:44:20.103 [FXGL Background Thread 4 ] DEBUG FXGLAssetLoaderServi - Loading from file system: file:/D:/UNIVERSITY/2/AP/tamrins/T3/CupHead/target/classes/assets/textures/bossFly1.png
00:44:20.123 [FXGL Background Thread 4 ] DEBUG FXGLAssetLoaderServi - Loading from file system: file:/D:/UNIVERSITY/2/AP/tamrins/T3/CupHead/target/classes/assets/textures/red.png
00:44:20.128 [FXGL Background Thread 4 ] DEBUG FXGLAssetLoaderServi - Loading from file system: file:/D:/UNIVERSITY/2/AP/tamrins/T3/CupHead/target/classes/assets/textures/bulletIcon.png
00:44:20.155 [JavaFX Application Thread] DEBUG LoopRunner           - Stopping loop
00:44:20.156 [JavaFX Application Thread] FATAL FXGLApplication      - Uncaught Exception:
java.lang.RuntimeException: Initialization failed
	at com.almasb.fxgl.app.FXGLApplication$InitAppTask.failed(FXGLApplication.kt:343)
	at javafx.concurrent.Task.setState(Task.java:710)
	at javafx.concurrent.Task$TaskCallable.lambda$call$2(Task.java:1456)
	at com.sun.javafx.application.PlatformImpl.lambda$runLater$10(PlatformImpl.java:457)
	at java.base/java.security.AccessController.doPrivileged(Native Method)
	at com.sun.javafx.application.PlatformImpl.lambda$runLater$11(PlatformImpl.java:456)
	at com.sun.glass.ui.InvokeLaterDispatcher$Future.run(InvokeLaterDispatcher.java:96)
	at com.sun.glass.ui.win.WinApplication._runLoop(Native Method)
	at com.sun.glass.ui.win.WinApplication.lambda$runLoop$3(WinApplication.java:184)
	at java.base/java.lang.Thread.run(Thread.java:829)
Caused by: java.lang.IllegalArgumentException: Property score does not exist
	at com.almasb.fxgl.core.collection.PropertyMap.get(PropertyMap.kt:251)
	at com.almasb.fxgl.core.collection.PropertyMap.intProperty(PropertyMap.kt:162)
	at Views.BasicGameApp.initUI(BasicGameApp.java:428)
	at com.almasb.fxgl.app.FXGLApplication$InitAppTask.call(FXGLApplication.kt:321)
	at com.almasb.fxgl.app.FXGLApplication$InitAppTask.call(FXGLApplication.kt:311)
	at javafx.concurrent.Task$TaskCallable.call(Task.java:1426)
	at java.base/java.util.concurrent.FutureTask.run(FutureTask.java:264)
	at java.base/java.util.concurrent.Executors$RunnableAdapter.call(Executors.java:515)
	at java.base/java.util.concurrent.FutureTask.run(FutureTask.java:264)
	at java.base/java.util.concurrent.ThreadPoolExecutor.runWorker(ThreadPoolExecutor.java:1128)
	at java.base/java.util.concurrent.ThreadPoolExecutor$Worker.run(ThreadPoolExecutor.java:628)
	... 1 more

00:44:20.156 [JavaFX Application Thread] FATAL FXGLApplication      - Application will now exit
00:44:20.159 [JavaFX Application Thread] DEBUG PrimaryStageWindow   - Push state: ErrorSubScene
00:44:20.159 [JavaFX Application Thread] DEBUG Input                - Clearing active input actions
00:44:20.160 [JavaFX Application Thread] DEBUG GameApplicationServi - Removing overlay from FXGLLoadingScene and adding to ErrorSubScene
00:44:20.162 [JavaFX Application Thread] DEBUG PrimaryStageWindow   - FXGLLoadingScene -> ErrorSubScene
00:44:21.987 [FXGL Background Thread 3 ] DEBUG Engine               - Logging environment variables
00:44:21.988 [FXGL Background Thread 3 ] DEBUG Engine               - achievements: []
00:44:21.988 [FXGL Background Thread 3 ] DEBUG Engine               - actualHeight: 600.0
00:44:21.988 [FXGL Background Thread 3 ] DEBUG Engine               - actualHeightProperty: ReadOnlyDoubleProperty [value: 600.0]
00:44:21.988 [FXGL Background Thread 3 ] DEBUG Engine               - actualWidth: 1000.0
00:44:21.988 [FXGL Background Thread 3 ] DEBUG Engine               - actualWidthProperty: ReadOnlyDoubleProperty [value: 1000.0]
00:44:21.988 [FXGL Background Thread 3 ] DEBUG Engine               - appIcon: fxgl_icon.png
00:44:21.988 [FXGL Background Thread 3 ] DEBUG Engine               - applicationMode: DEVELOPER
00:44:21.988 [FXGL Background Thread 3 ] DEBUG Engine               - cSSList: [fxgl_dark.css]
00:44:21.988 [FXGL Background Thread 3 ] DEBUG Engine               - collisionDetectionStrategy: BRUTE_FORCE
00:44:21.988 [FXGL Background Thread 3 ] DEBUG Engine               - configClass: Optional.empty
00:44:21.988 [FXGL Background Thread 3 ] DEBUG Engine               - credits: []
00:44:21.988 [FXGL Background Thread 3 ] DEBUG Engine               - defaultCursor: CursorInfo(imageName=fxgl_default_cursor.png, hotspotX=7.0, hotspotY=6.0)
00:44:21.988 [FXGL Background Thread 3 ] DEBUG Engine               - devBBoxColorProperty: ObjectProperty [value: 0xff0000ff]
00:44:21.989 [FXGL Background Thread 3 ] DEBUG Engine               - devEnableDebugCameraProperty: BooleanProperty [value: false]
00:44:21.989 [FXGL Background Thread 3 ] DEBUG Engine               - devSensorColorProperty: ObjectProperty [value: 0xffff00ff]
00:44:21.989 [FXGL Background Thread 3 ] DEBUG Engine               - devShowBBoxProperty: BooleanProperty [value: false]
00:44:21.989 [FXGL Background Thread 3 ] DEBUG Engine               - devShowPositionProperty: BooleanProperty [value: false]
00:44:21.989 [FXGL Background Thread 3 ] DEBUG Engine               - enabledMenuItems: []
00:44:21.989 [FXGL Background Thread 3 ] DEBUG Engine               - engineServices: [class com.almasb.fxgl.app.services.FXGLAssetLoaderService, class com.almasb.fxgl.app.FXGLApplication$GameApplicationService, class com.almasb.fxgl.app.services.FXGLDialogService, class com.almasb.fxgl.app.services.IOTaskExecutorService, class com.almasb.fxgl.io.FileSystemService, class com.almasb.fxgl.localization.LocalizationService, class com.almasb.fxgl.app.services.SystemBundleService, class com.almasb.fxgl.profile.SaveLoadService, class com.almasb.fxgl.ui.FXGLUIFactoryServiceProvider, class com.almasb.fxgl.ui.FXGLDialogFactoryServiceProvider, class com.almasb.fxgl.audio.AudioPlayer, class com.almasb.fxgl.notification.impl.NotificationServiceProvider, class com.almasb.fxgl.achievement.AchievementService, class com.almasb.fxgl.cutscene.CutsceneService, class com.almasb.fxgl.minigames.MiniGameService, class com.almasb.fxgl.net.NetService, class com.almasb.fxgl.app.services.UpdaterService, class com.almasb.fxgl.dev.DevService]
00:44:21.989 [FXGL Background Thread 3 ] DEBUG Engine               - fontGame: Abel-Regular.ttf
00:44:21.989 [FXGL Background Thread 3 ] DEBUG Engine               - fontMono: lucida_console.ttf
00:44:21.989 [FXGL Background Thread 3 ] DEBUG Engine               - fontText: Courier-Prime.ttf
00:44:21.989 [FXGL Background Thread 3 ] DEBUG Engine               - fontUI: VarelaRound-Regular.ttf
00:44:21.989 [FXGL Background Thread 3 ] DEBUG Engine               - fullScreen: BooleanProperty [value: false]
00:44:21.989 [FXGL Background Thread 3 ] DEBUG Engine               - gameDifficulty: MEDIUM
00:44:21.989 [FXGL Background Thread 3 ] DEBUG Engine               - gameDifficultyProperty: ObjectProperty [value: MEDIUM]
00:44:21.989 [FXGL Background Thread 3 ] DEBUG Engine               - globalMusicVolume: 0.5
00:44:21.989 [FXGL Background Thread 3 ] DEBUG Engine               - globalMusicVolumeProperty: DoubleProperty [value: 80.0]
00:44:21.989 [FXGL Background Thread 3 ] DEBUG Engine               - globalSoundVolume: 0.5
00:44:21.989 [FXGL Background Thread 3 ] DEBUG Engine               - globalSoundVolumeProperty: DoubleProperty [value: 0.5]
00:44:21.989 [FXGL Background Thread 3 ] DEBUG Engine               - height: 600
00:44:21.989 [FXGL Background Thread 3 ] DEBUG Engine               - is3D: false
00:44:21.989 [FXGL Background Thread 3 ] DEBUG Engine               - isAndroid: false
00:44:21.989 [FXGL Background Thread 3 ] DEBUG Engine               - isBrowser: false
00:44:21.989 [FXGL Background Thread 3 ] DEBUG Engine               - isClickFeedbackEnabled: false
00:44:21.989 [FXGL Background Thread 3 ] DEBUG Engine               - isCloseConfirmation: false
00:44:21.989 [FXGL Background Thread 3 ] DEBUG Engine               - isDesktop: true
00:44:21.989 [FXGL Background Thread 3 ] DEBUG Engine               - isDeveloperMenuEnabled: true
00:44:21.990 [FXGL Background Thread 3 ] DEBUG Engine               - isEntityPreloadEnabled: true
00:44:21.990 [FXGL Background Thread 3 ] DEBUG Engine               - isExperimentalTiledLargeMap: false
00:44:21.990 [FXGL Background Thread 3 ] DEBUG Engine               - isFileSystemWriteAllowed: true
00:44:21.990 [FXGL Background Thread 3 ] DEBUG Engine               - isFullScreenAllowed: false
00:44:21.990 [FXGL Background Thread 3 ] DEBUG Engine               - isFullScreenFromStart: false
00:44:21.990 [FXGL Background Thread 3 ] DEBUG Engine               - isGameMenuEnabled: true
00:44:21.990 [FXGL Background Thread 3 ] DEBUG Engine               - isIOS: false
00:44:21.990 [FXGL Background Thread 3 ] DEBUG Engine               - isIntroEnabled: false
00:44:21.990 [FXGL Background Thread 3 ] DEBUG Engine               - isLinux: false
00:44:21.990 [FXGL Background Thread 3 ] DEBUG Engine               - isMac: false
00:44:21.990 [FXGL Background Thread 3 ] DEBUG Engine               - isMainMenuEnabled: true
00:44:21.990 [FXGL Background Thread 3 ] DEBUG Engine               - isManualResizeEnabled: false
00:44:21.990 [FXGL Background Thread 3 ] DEBUG Engine               - isMobile: false
00:44:21.990 [FXGL Background Thread 3 ] DEBUG Engine               - isNative: false
00:44:21.990 [FXGL Background Thread 3 ] DEBUG Engine               - isPauseMusicWhenMinimized: true
00:44:21.990 [FXGL Background Thread 3 ] DEBUG Engine               - isPreserveResizeRatio: false
00:44:21.990 [FXGL Background Thread 3 ] DEBUG Engine               - isProfilingEnabled: false
00:44:21.990 [FXGL Background Thread 3 ] DEBUG Engine               - isScaleAffectedOnResize: true
00:44:21.990 [FXGL Background Thread 3 ] DEBUG Engine               - isSingleStep: false
00:44:21.990 [FXGL Background Thread 3 ] DEBUG Engine               - isUserProfileEnabled: true
00:44:21.990 [FXGL Background Thread 3 ] DEBUG Engine               - isWindows: true
00:44:21.990 [FXGL Background Thread 3 ] DEBUG Engine               - language: ObjectProperty [value: ENGLISH]
00:44:21.990 [FXGL Background Thread 3 ] DEBUG Engine               - menuKey: ESCAPE
00:44:21.990 [FXGL Background Thread 3 ] DEBUG Engine               - mouseSensitivity: 0.2
00:44:21.990 [FXGL Background Thread 3 ] DEBUG Engine               - notificationViewClass: class com.almasb.fxgl.notification.view.XboxNotificationView
00:44:21.990 [FXGL Background Thread 3 ] DEBUG Engine               - pixelsPerMeter: 50.0
00:44:21.990 [FXGL Background Thread 3 ] DEBUG Engine               - platform: WINDOWS
00:44:21.990 [FXGL Background Thread 3 ] DEBUG Engine               - prefHeightProperty: ReadOnlyDoubleProperty [value: 600.0]
00:44:21.990 [FXGL Background Thread 3 ] DEBUG Engine               - prefWidthProperty: ReadOnlyDoubleProperty [value: 1000.0]
00:44:21.991 [FXGL Background Thread 3 ] DEBUG Engine               - profileDir: profiles/
00:44:21.991 [FXGL Background Thread 3 ] DEBUG Engine               - profileName: StringProperty [value: DEFAULT]
00:44:21.991 [FXGL Background Thread 3 ] DEBUG Engine               - randomSeed: -1
00:44:21.991 [FXGL Background Thread 3 ] DEBUG Engine               - runtimeInfo: RuntimeInfo(platform=WINDOWS, version=11.17, build=16.07.2021 15.46)
00:44:21.991 [FXGL Background Thread 3 ] DEBUG Engine               - saveFileExt: sav
00:44:21.991 [FXGL Background Thread 3 ] DEBUG Engine               - scaledHeightProp$fxgl: DoubleProperty [bound, value: 600.0]
00:44:21.991 [FXGL Background Thread 3 ] DEBUG Engine               - scaledWidthProp$fxgl: DoubleProperty [bound, value: 1000.0]
00:44:21.991 [FXGL Background Thread 3 ] DEBUG Engine               - sceneFactory: Views.BasicGameApp$1@2acb7589
00:44:21.991 [FXGL Background Thread 3 ] DEBUG Engine               - secondsIn24h: 60
00:44:21.991 [FXGL Background Thread 3 ] DEBUG Engine               - soundMenuBack: menu/back.wav
00:44:21.991 [FXGL Background Thread 3 ] DEBUG Engine               - soundMenuPress: menu/press.wav
00:44:21.991 [FXGL Background Thread 3 ] DEBUG Engine               - soundMenuSelect: menu/select.wav
00:44:21.991 [FXGL Background Thread 3 ] DEBUG Engine               - soundNotification: core/notification.wav
00:44:21.991 [FXGL Background Thread 3 ] DEBUG Engine               - stageStyle: DECORATED
00:44:21.991 [FXGL Background Thread 3 ] DEBUG Engine               - supportedLanguages: [ENGLISH, FRENCH, GERMAN, HUNGARIAN, RUSSIAN]
00:44:21.991 [FXGL Background Thread 3 ] DEBUG Engine               - ticksPerSecond: -1
00:44:21.991 [FXGL Background Thread 3 ] DEBUG Engine               - title: CupHead
00:44:21.991 [FXGL Background Thread 3 ] DEBUG Engine               - urlGithub: https://github.com/AlmasB/FXGL
00:44:21.991 [FXGL Background Thread 3 ] DEBUG Engine               - urlLeaderboard: http://fxgl-top.herokuapp.com/
00:44:21.991 [FXGL Background Thread 3 ] DEBUG Engine               - urlPOM: https://raw.githubusercontent.com/AlmasB/FXGL/release/README.md
00:44:21.991 [FXGL Background Thread 3 ] DEBUG Engine               - userAppClass: class Views.BasicGameApp
00:44:21.991 [FXGL Background Thread 3 ] DEBUG Engine               - version: 0.0
00:44:21.991 [FXGL Background Thread 3 ] DEBUG Engine               - versionCheckDays: 7
00:44:21.991 [FXGL Background Thread 3 ] DEBUG Engine               - width: 1000
00:44:21.991 [FXGL Background Thread 3 ] DEBUG Engine               - Logging services
00:44:21.991 [FXGL Background Thread 3 ] DEBUG Engine               - class com.almasb.fxgl.app.services.FXGLAssetLoaderService
00:44:21.991 [FXGL Background Thread 3 ] DEBUG Engine               - class com.almasb.fxgl.app.FXGLApplication$GameApplicationService
00:44:21.991 [FXGL Background Thread 3 ] DEBUG Engine               - class com.almasb.fxgl.app.services.FXGLDialogService
00:44:21.992 [FXGL Background Thread 3 ] DEBUG Engine               - class com.almasb.fxgl.app.services.IOTaskExecutorService
00:44:21.992 [FXGL Background Thread 3 ] DEBUG Engine               - class com.almasb.fxgl.io.FileSystemService
00:44:21.992 [FXGL Background Thread 3 ] DEBUG Engine               - class com.almasb.fxgl.localization.LocalizationService
00:44:21.992 [FXGL Background Thread 3 ] DEBUG Engine               - class com.almasb.fxgl.app.services.SystemBundleService
00:44:21.992 [FXGL Background Thread 3 ] DEBUG Engine               - class com.almasb.fxgl.profile.SaveLoadService
00:44:21.992 [FXGL Background Thread 3 ] DEBUG Engine               - class com.almasb.fxgl.ui.FXGLUIFactoryServiceProvider
00:44:21.992 [FXGL Background Thread 3 ] DEBUG Engine               - class com.almasb.fxgl.ui.FXGLDialogFactoryServiceProvider
00:44:21.992 [FXGL Background Thread 3 ] DEBUG Engine               - class com.almasb.fxgl.audio.AudioPlayer
00:44:21.992 [FXGL Background Thread 3 ] DEBUG Engine               - class com.almasb.fxgl.notification.impl.NotificationServiceProvider
00:44:21.992 [FXGL Background Thread 3 ] DEBUG Engine               - class com.almasb.fxgl.achievement.AchievementService
00:44:21.992 [FXGL Background Thread 3 ] DEBUG Engine               - class com.almasb.fxgl.cutscene.CutsceneService
00:44:21.992 [FXGL Background Thread 3 ] DEBUG Engine               - class com.almasb.fxgl.minigames.MiniGameService
00:44:21.992 [FXGL Background Thread 3 ] DEBUG Engine               - class com.almasb.fxgl.net.NetService
00:44:21.992 [FXGL Background Thread 3 ] DEBUG Engine               - class com.almasb.fxgl.app.services.UpdaterService
00:44:21.992 [FXGL Background Thread 3 ] DEBUG Engine               - class com.almasb.fxgl.dev.DevService
00:44:31.909 [JavaFX Application Thread] DEBUG FXGLApplication      - Exiting FXGL
00:44:31.909 [JavaFX Application Thread] DEBUG Async                - Shutting down background threads
00:44:31.910 [JavaFX Application Thread] DEBUG PrimaryStageWindow   - Closing main window
00:44:31.922 [JavaFX Application Thread] DEBUG Logger               - Closing Logger
