00:33:32.969 [main                     ] DEBUG Logger               - Configured Logger
00:33:32.986 [main                     ] DEBUG GameApplication      - Logging settings
Title: CupHead
Version: 0.0
Width: 1000
Height: 600
Fullscreen: false
Intro: false
Profiling: false
Single step:false
App Mode: DEVELOPER
Menu Key: ESCAPE
Stage Style: DECORATED
Scene Factory: class Views.BasicGameApp$1

00:33:33.328 [JavaFX Application Thread] DEBUG FXGLApplication      - Initializing FXGL
00:33:33.330 [JavaFX Application Thread] INFO  Engine               - FXGL-11.17 (16.07.2021 15.46) on WINDOWS (J:11.0.15 FX:17.0.1)
00:33:33.330 [JavaFX Application Thread] DEBUG Engine               - JRE Vendor Name: Amazon.com Inc.
00:33:33.330 [JavaFX Application Thread] DEBUG Engine               - Running on OS: Windows 10 version 10.0
00:33:33.330 [JavaFX Application Thread] DEBUG Engine               - Architecture: amd64
00:33:33.330 [JavaFX Application Thread] INFO  Engine               - Source code and latest versions at: https://github.com/AlmasB/FXGL
00:33:33.330 [JavaFX Application Thread] INFO  Engine               -              Join the FXGL chat at: https://gitter.im/AlmasB/FXGL
00:33:33.438 [JavaFX Application Thread] DEBUG PrimaryStageWindow   - Creating a JavaFX scene
00:33:33.491 [JavaFX Application Thread] DEBUG PrimaryStageWindow   - Target settings size: 1000.0 x 600.0
00:33:33.491 [JavaFX Application Thread] DEBUG PrimaryStageWindow   - Scaled scene size:    1000.0 x 600.0
00:33:33.491 [JavaFX Application Thread] DEBUG PrimaryStageWindow   - Scaled ratio: (1.0, 1.0)
00:33:33.492 [JavaFX Application Thread] DEBUG PrimaryStageWindow   - Set initial scene to FXGLStartupScene
00:33:33.499 [JavaFX Application Thread] DEBUG PrimaryStageWindow   - Opening main window
00:33:33.585 [JavaFX Application Thread] DEBUG PrimaryStageWindow   - Window border size: (14.4000244140625, 37.5999755859375)
00:33:33.585 [JavaFX Application Thread] DEBUG PrimaryStageWindow   - Scaled size: 1000.0 x 600.0
00:33:33.585 [JavaFX Application Thread] DEBUG PrimaryStageWindow   - Scaled ratio: (1.0, 1.0)
00:33:33.585 [JavaFX Application Thread] DEBUG PrimaryStageWindow   - Scene size: 1000.0 x 600.0
00:33:33.585 [JavaFX Application Thread] DEBUG PrimaryStageWindow   - Stage size: 1014.4000244140625 x 637.5999755859375
00:33:33.593 [FXGL Background Thread 1 ] DEBUG Engine               - Initializing environment variables
00:33:33.651 [FXGL Background Thread 1 ] DEBUG FXGLAssetLoaderServi - User app class for loading assets: class Views.BasicGameApp
00:33:33.651 [FXGL Background Thread 1 ] DEBUG GameApplicationServi - Applying CSS: fxgl_dark.css
00:33:33.652 [FXGL Background Thread 1 ] DEBUG FXGLAssetLoaderServi - Loading from file system: jar:file:/C:/Users/PARSA/.m2/repository/com/github/almasb/fxgl/11.17/fxgl-11.17.jar!/fxglassets/ui/css/fxgl_dark.css
00:33:33.688 [FXGL Background Thread 1 ] DEBUG GameApplicationServi - Initializing application scenes
00:33:33.734 [FXGL Background Thread 1 ] DEBUG GameWorld            - Game world initialized
00:33:33.792 [FXGL Background Thread 1 ] DEBUG PhysicsWorld         - Physics world initialized: appHeight=600, physics.ppm=50.0
00:33:33.793 [FXGL Background Thread 1 ] DEBUG PhysicsWorld         - Using strategy: BRUTE_FORCE
00:33:33.795 [FXGL Background Thread 1 ] DEBUG GameScene            - Game scene initialized: 1000x600
00:33:33.886 [FXGL Background Thread 1 ] DEBUG FXGL.DefaultMenu     - createMenuBodyGameMenu()
00:33:33.899 [FXGL Background Thread 1 ] DEBUG FXGL.DefaultMenu     - createOptionsMenu()
00:33:33.907 [FXGL Background Thread 1 ] DEBUG FXGLAssetLoaderServi - Loading from file system: jar:file:/C:/Users/PARSA/.m2/repository/com/github/almasb/fxgl/11.17/fxgl-11.17.jar!/fxglassets/textures/particles/smoke.png
00:33:33.980 [FXGL Background Thread 1 ] DEBUG FXGLAssetLoaderServi - Loading from file system: jar:file:/C:/Users/PARSA/.m2/repository/com/github/almasb/fxgl/11.17/fxgl-11.17.jar!/fxglassets/textures/particles/trace_horizontal.png
00:33:34.001 [FXGL Background Thread 1 ] DEBUG GameApplicationServi - Application scenes initialized
00:33:34.010 [FXGL Background Thread 1 ] DEBUG SystemBundleService  - Loading FXGL system data
00:33:34.014 [FXGL Background Thread 1 ] DEBUG FileSystemAccess     - Reading from: D:\UNIVERSITY\2\AP\tamrins\T3\CupHead\system\fxgl.bundle
00:33:34.019 [FXGL Background Thread 1 ] DEBUG SystemBundleService  - Bundle FXGL: {}
00:33:34.020 [FXGL Background Thread 1 ] DEBUG UpdaterService       - Checking for updates
00:33:34.050 [FXGL Background Thread 4 ] DEBUG FXGLApplication      - Loading fonts
00:33:34.051 [FXGL Background Thread 4 ] DEBUG FXGLAssetLoaderServi - Loading from file system: jar:file:/C:/Users/PARSA/.m2/repository/com/github/almasb/fxgl/11.17/fxgl-11.17.jar!/fxglassets/ui/fonts/VarelaRound-Regular.ttf
00:33:34.051 [FXGL Background Thread 1 ] DEBUG FXGLApplication      - Loading default localization
00:33:34.052 [FXGL Background Thread 1 ] DEBUG FXGLAssetLoaderServi - Loading from file system: jar:file:/C:/Users/PARSA/.m2/repository/com/github/almasb/fxgl/11.17/fxgl-11.17.jar!/fxglassets/languages/english.lang
00:33:34.070 [FXGL Background Thread 1 ] INFO  FXGLApplication      - FXGL initialization took: 0.477 sec
00:33:34.082 [JavaFX Application Thread] DEBUG Input                - Registered new binding: action0 - D
00:33:34.083 [JavaFX Application Thread] DEBUG Input                - Registered new binding: action1 - A
00:33:34.083 [JavaFX Application Thread] DEBUG Input                - Registered new binding: action2 - W
00:33:34.084 [JavaFX Application Thread] DEBUG Input                - Registered new binding: action3 - S
00:33:34.084 [JavaFX Application Thread] DEBUG Input                - Registered new binding: changeShootState - Tab
00:33:34.085 [JavaFX Application Thread] DEBUG Input                - Registered new binding: shoot - Space
00:33:34.085 [JavaFX Application Thread] DEBUG FXGLAssetLoaderServi - Loading from file system: jar:file:/C:/Users/PARSA/.m2/repository/com/github/almasb/fxgl/11.17/fxgl-11.17.jar!/fxglassets/textures/fxgl_icon.png
00:33:34.107 [JavaFX Application Thread] DEBUG FXGLAssetLoaderServi - Loading from file system: jar:file:/C:/Users/PARSA/.m2/repository/com/github/almasb/fxgl/11.17/fxgl-11.17.jar!/fxglassets/textures/fxgl_default_cursor.png
00:33:34.111 [JavaFX Application Thread] DEBUG Input                - Registered new binding: Screenshot - CTRL+8
00:33:34.112 [JavaFX Application Thread] DEBUG Input                - Registered new binding: Dev Options - 1
00:33:34.113 [JavaFX Application Thread] DEBUG Input                - Registered new binding: Dev Console - 2
00:33:34.114 [JavaFX Application Thread] DEBUG Input                - Registered new binding: System info dump - CTRL+9
00:33:34.115 [JavaFX Application Thread] DEBUG Input                - Registered new binding: Restart - CTRL+R
00:33:34.117 [JavaFX Application Thread] DEBUG Input                - Registered new binding: Toggle Debug Camera - CTRL+C
00:33:34.123 [JavaFX Application Thread] DEBUG LoopRunner           - Starting loop
00:33:34.137 [JavaFX Application Thread] DEBUG LoopRunner           - Initializing JavaFX AnimationTimerLoop
00:33:34.142 [JavaFX Application Thread] DEBUG Input                - Clearing active input actions
00:33:34.152 [JavaFX Application Thread] DEBUG GameApplicationServi - Removing overlay from FXGLStartupScene and adding to FXGLMainMenuDummyScene
00:33:34.162 [JavaFX Application Thread] DEBUG PrimaryStageWindow   - FXGLStartupScene -> FXGLMainMenuDummyScene
00:33:34.162 [JavaFX Application Thread] DEBUG PrimaryStageWindow   - Push state: CupHeadMainMenu
00:33:34.162 [JavaFX Application Thread] DEBUG FXGLAssetLoaderServi - Loading from file system: file:/D:/UNIVERSITY/2/AP/tamrins/T3/CupHead/target/classes/assets/music/menuMusic.wav
00:33:34.298 [JavaFX Application Thread] DEBUG AudioPlayer          - Playing music com.almasb.fxgl.audio.Music@47837c20
00:33:34.299 [JavaFX Application Thread] DEBUG Input                - Clearing active input actions
00:33:34.304 [JavaFX Application Thread] DEBUG GameApplicationServi - Removing overlay from FXGLMainMenuDummyScene and adding to CupHeadMainMenu
00:33:34.305 [JavaFX Application Thread] DEBUG PrimaryStageWindow   - FXGLMainMenuDummyScene -> CupHeadMainMenu
00:33:34.501 [FXGL Background Thread 4 ] DEBUG FXGLAssetLoaderServi - Loading from file system: jar:file:/C:/Users/PARSA/.m2/repository/com/github/almasb/fxgl/11.17/fxgl-11.17.jar!/fxglassets/ui/fonts/Abel-Regular.ttf
00:33:34.512 [FXGL Background Thread 4 ] DEBUG FXGLAssetLoaderServi - Loading from file system: jar:file:/C:/Users/PARSA/.m2/repository/com/github/almasb/fxgl/11.17/fxgl-11.17.jar!/fxglassets/ui/fonts/lucida_console.ttf
00:33:34.523 [FXGL Background Thread 4 ] DEBUG FXGLAssetLoaderServi - Loading from file system: jar:file:/C:/Users/PARSA/.m2/repository/com/github/almasb/fxgl/11.17/fxgl-11.17.jar!/fxglassets/ui/fonts/Courier-Prime.ttf
00:33:34.533 [JavaFX Application Thread] DEBUG FXGLApplication      - Registering font factories with UI factory
00:33:35.143 [JavaFX Application Thread] DEBUG Menu                 - fireNewGame()
00:33:35.143 [JavaFX Application Thread] DEBUG GameApplicationServi - Starting new game
00:33:35.143 [JavaFX Application Thread] DEBUG AudioPlayer          - Stopping music com.almasb.fxgl.audio.Music@47837c20
00:33:35.144 [JavaFX Application Thread] DEBUG PrimaryStageWindow   - Pop state: CupHeadMainMenu
00:33:35.144 [JavaFX Application Thread] DEBUG Input                - Clearing active input actions
00:33:35.145 [JavaFX Application Thread] DEBUG GameApplicationServi - Removing overlay from CupHeadMainMenu and adding to FXGLMainMenuDummyScene
00:33:35.146 [JavaFX Application Thread] DEBUG PrimaryStageWindow   - FXGLMainMenuDummyScene <- CupHeadMainMenu
00:33:35.146 [JavaFX Application Thread] DEBUG Input                - Clearing active input actions
00:33:35.152 [FXGL Background Thread 2 ] INFO  UpdaterService       - Your current version:  11.17
00:33:35.152 [FXGL Background Thread 2 ] INFO  UpdaterService       - Latest stable version: 17.1
00:33:35.153 [JavaFX Application Thread] DEBUG GameApplicationServi - Removing overlay from FXGLMainMenuDummyScene and adding to FXGLLoadingScene
00:33:35.154 [JavaFX Application Thread] DEBUG PrimaryStageWindow   - FXGLMainMenuDummyScene -> FXGLLoadingScene
00:33:35.154 [JavaFX Application Thread] DEBUG GameApplicationServi - Clearing previous game
00:33:35.154 [JavaFX Application Thread] DEBUG GameScene            - Clearing game scene
00:33:35.154 [JavaFX Application Thread] DEBUG GameWorld            - Clearing game world
00:33:35.154 [JavaFX Application Thread] DEBUG PhysicsWorld         - Clearing physics world
00:33:35.156 [FXGL Background Thread 2 ] DEBUG FXGLApplication      - Initializing game
00:33:35.159 [FXGL Background Thread 2 ] DEBUG FXGLAssetLoaderServi - Loading from file system: file:/D:/UNIVERSITY/2/AP/tamrins/T3/CupHead/target/classes/assets/textures/img.png
00:33:35.192 [FXGL Background Thread 2 ] DEBUG FXGLAssetLoaderServi - Loading from file system: file:/D:/UNIVERSITY/2/AP/tamrins/T3/CupHead/target/classes/assets/music/background.mp3
00:33:35.198 [FXGL Background Thread 2 ] DEBUG AudioPlayer          - Playing music com.almasb.fxgl.audio.Music@cdeee8a
00:33:35.233 [FXGL Background Thread 2 ] DEBUG FXGLAssetLoaderServi - Loading from file system: file:/D:/UNIVERSITY/2/AP/tamrins/T3/CupHead/target/classes/assets/textures/bossFly1.png
00:33:35.259 [FXGL Background Thread 2 ] DEBUG FXGLAssetLoaderServi - Loading from file system: file:/D:/UNIVERSITY/2/AP/tamrins/T3/CupHead/target/classes/assets/textures/red.png
00:33:35.264 [FXGL Background Thread 2 ] DEBUG FXGLAssetLoaderServi - Loading from file system: file:/D:/UNIVERSITY/2/AP/tamrins/T3/CupHead/target/classes/assets/textures/bulletIcon.png
00:33:35.287 [FXGL Background Thread 2 ] INFO  FXGLApplication      - Game initialization took: 0.131 sec
00:33:35.290 [JavaFX Application Thread] DEBUG Input                - Clearing active input actions
00:33:35.295 [JavaFX Application Thread] DEBUG GameApplicationServi - Removing overlay from FXGLLoadingScene and adding to GameScene
00:33:35.298 [JavaFX Application Thread] DEBUG PrimaryStageWindow   - FXGLLoadingScene -> GameScene
00:33:35.346 [JavaFX Application Thread] DEBUG PrimaryStageWindow   - Push state: DialogSubScene
00:33:35.346 [JavaFX Application Thread] DEBUG Input                - Clearing active input actions
00:33:35.348 [JavaFX Application Thread] DEBUG GameApplicationServi - Removing overlay from GameScene and adding to DialogSubScene
00:33:35.348 [JavaFX Application Thread] DEBUG PrimaryStageWindow   - GameScene -> DialogSubScene
00:33:36.399 [JavaFX Application Thread] DEBUG GameApplicationServi - Starting new game
00:33:36.399 [JavaFX Application Thread] DEBUG PrimaryStageWindow   - Pop state: DialogSubScene
00:33:36.399 [JavaFX Application Thread] DEBUG Input                - Clearing active input actions
00:33:36.400 [JavaFX Application Thread] DEBUG GameApplicationServi - Removing overlay from DialogSubScene and adding to GameScene
00:33:36.400 [JavaFX Application Thread] DEBUG PrimaryStageWindow   - GameScene <- DialogSubScene
00:33:36.401 [JavaFX Application Thread] DEBUG Input                - Clearing active input actions
00:33:36.404 [JavaFX Application Thread] DEBUG GameApplicationServi - Removing overlay from GameScene and adding to FXGLLoadingScene
00:33:36.404 [JavaFX Application Thread] DEBUG PrimaryStageWindow   - GameScene -> FXGLLoadingScene
00:33:36.404 [JavaFX Application Thread] DEBUG GameApplicationServi - Clearing previous game
00:33:36.404 [JavaFX Application Thread] DEBUG GameScene            - Clearing game scene
00:33:36.404 [JavaFX Application Thread] DEBUG GameWorld            - Clearing game world
00:33:36.405 [JavaFX Application Thread] DEBUG PhysicsWorld         - Clearing physics world
00:33:36.406 [FXGL Background Thread 2 ] DEBUG FXGLApplication      - Initializing game
00:33:36.406 [FXGL Background Thread 2 ] DEBUG AudioPlayer          - Playing music com.almasb.fxgl.audio.Music@cdeee8a
00:33:36.411 [FXGL Background Thread 2 ] INFO  FXGLApplication      - Game initialization took: 0.006 sec
00:33:36.420 [JavaFX Application Thread] DEBUG Input                - Clearing active input actions
00:33:36.424 [JavaFX Application Thread] DEBUG GameApplicationServi - Removing overlay from FXGLLoadingScene and adding to GameScene
00:33:36.425 [JavaFX Application Thread] DEBUG PrimaryStageWindow   - FXGLLoadingScene -> GameScene
00:33:36.644 [JavaFX Application Thread] DEBUG FXGLAssetLoaderServi - Loading from file system: file:/D:/UNIVERSITY/2/AP/tamrins/T3/CupHead/target/classes/assets/textures/bullet.png
00:33:36.646 [JavaFX Application Thread] DEBUG FXGLAssetLoaderServi - Loading from file system: file:/D:/UNIVERSITY/2/AP/tamrins/T3/CupHead/target/classes/assets/sounds/bullet.wav
00:33:37.048 [FXGL Background Thread 3 ] DEBUG Engine               - Logging environment variables
00:33:37.048 [FXGL Background Thread 3 ] DEBUG Engine               - achievements: []
00:33:37.048 [FXGL Background Thread 3 ] DEBUG Engine               - actualHeight: 600.0
00:33:37.048 [FXGL Background Thread 3 ] DEBUG Engine               - actualHeightProperty: ReadOnlyDoubleProperty [value: 600.0]
00:33:37.049 [FXGL Background Thread 3 ] DEBUG Engine               - actualWidth: 1000.0
00:33:37.049 [FXGL Background Thread 3 ] DEBUG Engine               - actualWidthProperty: ReadOnlyDoubleProperty [value: 1000.0]
00:33:37.049 [FXGL Background Thread 3 ] DEBUG Engine               - appIcon: fxgl_icon.png
00:33:37.049 [FXGL Background Thread 3 ] DEBUG Engine               - applicationMode: DEVELOPER
00:33:37.049 [FXGL Background Thread 3 ] DEBUG Engine               - cSSList: [fxgl_dark.css]
00:33:37.049 [FXGL Background Thread 3 ] DEBUG Engine               - collisionDetectionStrategy: BRUTE_FORCE
00:33:37.049 [FXGL Background Thread 3 ] DEBUG Engine               - configClass: Optional.empty
00:33:37.049 [FXGL Background Thread 3 ] DEBUG Engine               - credits: []
00:33:37.049 [FXGL Background Thread 3 ] DEBUG Engine               - defaultCursor: CursorInfo(imageName=fxgl_default_cursor.png, hotspotX=7.0, hotspotY=6.0)
00:33:37.049 [FXGL Background Thread 3 ] DEBUG Engine               - devBBoxColorProperty: ObjectProperty [value: 0xff0000ff]
00:33:37.049 [FXGL Background Thread 3 ] DEBUG Engine               - devEnableDebugCameraProperty: BooleanProperty [value: false]
00:33:37.050 [FXGL Background Thread 3 ] DEBUG Engine               - devSensorColorProperty: ObjectProperty [value: 0xffff00ff]
00:33:37.050 [FXGL Background Thread 3 ] DEBUG Engine               - devShowBBoxProperty: BooleanProperty [value: false]
00:33:37.050 [FXGL Background Thread 3 ] DEBUG Engine               - devShowPositionProperty: BooleanProperty [value: false]
00:33:37.050 [FXGL Background Thread 3 ] DEBUG Engine               - enabledMenuItems: []
00:33:37.050 [FXGL Background Thread 3 ] DEBUG Engine               - engineServices: [class com.almasb.fxgl.app.services.FXGLAssetLoaderService, class com.almasb.fxgl.app.FXGLApplication$GameApplicationService, class com.almasb.fxgl.app.services.FXGLDialogService, class com.almasb.fxgl.app.services.IOTaskExecutorService, class com.almasb.fxgl.io.FileSystemService, class com.almasb.fxgl.localization.LocalizationService, class com.almasb.fxgl.app.services.SystemBundleService, class com.almasb.fxgl.profile.SaveLoadService, class com.almasb.fxgl.ui.FXGLUIFactoryServiceProvider, class com.almasb.fxgl.ui.FXGLDialogFactoryServiceProvider, class com.almasb.fxgl.audio.AudioPlayer, class com.almasb.fxgl.notification.impl.NotificationServiceProvider, class com.almasb.fxgl.achievement.AchievementService, class com.almasb.fxgl.cutscene.CutsceneService, class com.almasb.fxgl.minigames.MiniGameService, class com.almasb.fxgl.net.NetService, class com.almasb.fxgl.app.services.UpdaterService, class com.almasb.fxgl.dev.DevService]
00:33:37.050 [FXGL Background Thread 3 ] DEBUG Engine               - fontGame: Abel-Regular.ttf
00:33:37.050 [FXGL Background Thread 3 ] DEBUG Engine               - fontMono: lucida_console.ttf
00:33:37.050 [FXGL Background Thread 3 ] DEBUG Engine               - fontText: Courier-Prime.ttf
00:33:37.050 [FXGL Background Thread 3 ] DEBUG Engine               - fontUI: VarelaRound-Regular.ttf
00:33:37.050 [FXGL Background Thread 3 ] DEBUG Engine               - fullScreen: BooleanProperty [value: false]
00:33:37.050 [FXGL Background Thread 3 ] DEBUG Engine               - gameDifficulty: MEDIUM
00:33:37.050 [FXGL Background Thread 3 ] DEBUG Engine               - gameDifficultyProperty: ObjectProperty [value: MEDIUM]
00:33:37.050 [FXGL Background Thread 3 ] DEBUG Engine               - globalMusicVolume: 0.5
00:33:37.050 [FXGL Background Thread 3 ] DEBUG Engine               - globalMusicVolumeProperty: DoubleProperty [value: 80.0]
00:33:37.050 [FXGL Background Thread 3 ] DEBUG Engine               - globalSoundVolume: 0.5
00:33:37.050 [FXGL Background Thread 3 ] DEBUG Engine               - globalSoundVolumeProperty: DoubleProperty [value: 0.5]
00:33:37.050 [FXGL Background Thread 3 ] DEBUG Engine               - height: 600
00:33:37.051 [FXGL Background Thread 3 ] DEBUG Engine               - is3D: false
00:33:37.051 [FXGL Background Thread 3 ] DEBUG Engine               - isAndroid: false
00:33:37.051 [FXGL Background Thread 3 ] DEBUG Engine               - isBrowser: false
00:33:37.051 [FXGL Background Thread 3 ] DEBUG Engine               - isClickFeedbackEnabled: false
00:33:37.051 [FXGL Background Thread 3 ] DEBUG Engine               - isCloseConfirmation: false
00:33:37.051 [FXGL Background Thread 3 ] DEBUG Engine               - isDesktop: true
00:33:37.051 [FXGL Background Thread 3 ] DEBUG Engine               - isDeveloperMenuEnabled: true
00:33:37.051 [FXGL Background Thread 3 ] DEBUG Engine               - isEntityPreloadEnabled: true
00:33:37.051 [FXGL Background Thread 3 ] DEBUG Engine               - isExperimentalTiledLargeMap: false
00:33:37.051 [FXGL Background Thread 3 ] DEBUG Engine               - isFileSystemWriteAllowed: true
00:33:37.051 [FXGL Background Thread 3 ] DEBUG Engine               - isFullScreenAllowed: false
00:33:37.051 [FXGL Background Thread 3 ] DEBUG Engine               - isFullScreenFromStart: false
00:33:37.051 [FXGL Background Thread 3 ] DEBUG Engine               - isGameMenuEnabled: true
00:33:37.051 [FXGL Background Thread 3 ] DEBUG Engine               - isIOS: false
00:33:37.051 [FXGL Background Thread 3 ] DEBUG Engine               - isIntroEnabled: false
00:33:37.051 [FXGL Background Thread 3 ] DEBUG Engine               - isLinux: false
00:33:37.051 [FXGL Background Thread 3 ] DEBUG Engine               - isMac: false
00:33:37.051 [FXGL Background Thread 3 ] DEBUG Engine               - isMainMenuEnabled: true
00:33:37.052 [FXGL Background Thread 3 ] DEBUG Engine               - isManualResizeEnabled: false
00:33:37.052 [FXGL Background Thread 3 ] DEBUG Engine               - isMobile: false
00:33:37.052 [FXGL Background Thread 3 ] DEBUG Engine               - isNative: false
00:33:37.052 [FXGL Background Thread 3 ] DEBUG Engine               - isPauseMusicWhenMinimized: true
00:33:37.052 [FXGL Background Thread 3 ] DEBUG Engine               - isPreserveResizeRatio: false
00:33:37.052 [FXGL Background Thread 3 ] DEBUG Engine               - isProfilingEnabled: false
00:33:37.052 [FXGL Background Thread 3 ] DEBUG Engine               - isScaleAffectedOnResize: true
00:33:37.052 [FXGL Background Thread 3 ] DEBUG Engine               - isSingleStep: false
00:33:37.052 [FXGL Background Thread 3 ] DEBUG Engine               - isUserProfileEnabled: true
00:33:37.052 [FXGL Background Thread 3 ] DEBUG Engine               - isWindows: true
00:33:37.052 [FXGL Background Thread 3 ] DEBUG Engine               - language: ObjectProperty [value: ENGLISH]
00:33:37.052 [FXGL Background Thread 3 ] DEBUG Engine               - menuKey: ESCAPE
00:33:37.052 [FXGL Background Thread 3 ] DEBUG Engine               - mouseSensitivity: 0.2
00:33:37.052 [FXGL Background Thread 3 ] DEBUG Engine               - notificationViewClass: class com.almasb.fxgl.notification.view.XboxNotificationView
00:33:37.052 [FXGL Background Thread 3 ] DEBUG Engine               - pixelsPerMeter: 50.0
00:33:37.052 [FXGL Background Thread 3 ] DEBUG Engine               - platform: WINDOWS
00:33:37.052 [FXGL Background Thread 3 ] DEBUG Engine               - prefHeightProperty: ReadOnlyDoubleProperty [value: 600.0]
00:33:37.052 [FXGL Background Thread 3 ] DEBUG Engine               - prefWidthProperty: ReadOnlyDoubleProperty [value: 1000.0]
00:33:37.052 [FXGL Background Thread 3 ] DEBUG Engine               - profileDir: profiles/
00:33:37.052 [FXGL Background Thread 3 ] DEBUG Engine               - profileName: StringProperty [value: DEFAULT]
00:33:37.053 [FXGL Background Thread 3 ] DEBUG Engine               - randomSeed: -1
00:33:37.053 [FXGL Background Thread 3 ] DEBUG Engine               - runtimeInfo: RuntimeInfo(platform=WINDOWS, version=11.17, build=16.07.2021 15.46)
00:33:37.053 [FXGL Background Thread 3 ] DEBUG Engine               - saveFileExt: sav
00:33:37.053 [FXGL Background Thread 3 ] DEBUG Engine               - scaledHeightProp$fxgl: DoubleProperty [bound, value: 600.0]
00:33:37.053 [FXGL Background Thread 3 ] DEBUG Engine               - scaledWidthProp$fxgl: DoubleProperty [bound, value: 1000.0]
00:33:37.053 [FXGL Background Thread 3 ] DEBUG Engine               - sceneFactory: Views.BasicGameApp$1@2a760293
00:33:37.053 [FXGL Background Thread 3 ] DEBUG Engine               - secondsIn24h: 60
00:33:37.053 [FXGL Background Thread 3 ] DEBUG Engine               - soundMenuBack: menu/back.wav
00:33:37.053 [FXGL Background Thread 3 ] DEBUG Engine               - soundMenuPress: menu/press.wav
00:33:37.053 [FXGL Background Thread 3 ] DEBUG Engine               - soundMenuSelect: menu/select.wav
00:33:37.053 [FXGL Background Thread 3 ] DEBUG Engine               - soundNotification: core/notification.wav
00:33:37.053 [FXGL Background Thread 3 ] DEBUG Engine               - stageStyle: DECORATED
00:33:37.053 [FXGL Background Thread 3 ] DEBUG Engine               - supportedLanguages: [ENGLISH, FRENCH, GERMAN, HUNGARIAN, RUSSIAN]
00:33:37.053 [FXGL Background Thread 3 ] DEBUG Engine               - ticksPerSecond: -1
00:33:37.053 [FXGL Background Thread 3 ] DEBUG Engine               - title: CupHead
00:33:37.053 [FXGL Background Thread 3 ] DEBUG Engine               - urlGithub: https://github.com/AlmasB/FXGL
00:33:37.053 [FXGL Background Thread 3 ] DEBUG Engine               - urlLeaderboard: http://fxgl-top.herokuapp.com/
00:33:37.053 [FXGL Background Thread 3 ] DEBUG Engine               - urlPOM: https://raw.githubusercontent.com/AlmasB/FXGL/release/README.md
00:33:37.053 [FXGL Background Thread 3 ] DEBUG Engine               - userAppClass: class Views.BasicGameApp
00:33:37.053 [FXGL Background Thread 3 ] DEBUG Engine               - version: 0.0
00:33:37.053 [FXGL Background Thread 3 ] DEBUG Engine               - versionCheckDays: 7
00:33:37.054 [FXGL Background Thread 3 ] DEBUG Engine               - width: 1000
00:33:37.054 [FXGL Background Thread 3 ] DEBUG Engine               - Logging services
00:33:37.054 [FXGL Background Thread 3 ] DEBUG Engine               - class com.almasb.fxgl.app.services.FXGLAssetLoaderService
00:33:37.054 [FXGL Background Thread 3 ] DEBUG Engine               - class com.almasb.fxgl.app.FXGLApplication$GameApplicationService
00:33:37.054 [FXGL Background Thread 3 ] DEBUG Engine               - class com.almasb.fxgl.app.services.FXGLDialogService
00:33:37.054 [FXGL Background Thread 3 ] DEBUG Engine               - class com.almasb.fxgl.app.services.IOTaskExecutorService
00:33:37.054 [FXGL Background Thread 3 ] DEBUG Engine               - class com.almasb.fxgl.io.FileSystemService
00:33:37.054 [FXGL Background Thread 3 ] DEBUG Engine               - class com.almasb.fxgl.localization.LocalizationService
00:33:37.054 [FXGL Background Thread 3 ] DEBUG Engine               - class com.almasb.fxgl.app.services.SystemBundleService
00:33:37.054 [FXGL Background Thread 3 ] DEBUG Engine               - class com.almasb.fxgl.profile.SaveLoadService
00:33:37.054 [FXGL Background Thread 3 ] DEBUG Engine               - class com.almasb.fxgl.ui.FXGLUIFactoryServiceProvider
00:33:37.054 [FXGL Background Thread 3 ] DEBUG Engine               - class com.almasb.fxgl.ui.FXGLDialogFactoryServiceProvider
00:33:37.054 [FXGL Background Thread 3 ] DEBUG Engine               - class com.almasb.fxgl.audio.AudioPlayer
00:33:37.054 [FXGL Background Thread 3 ] DEBUG Engine               - class com.almasb.fxgl.notification.impl.NotificationServiceProvider
00:33:37.054 [FXGL Background Thread 3 ] DEBUG Engine               - class com.almasb.fxgl.achievement.AchievementService
00:33:37.054 [FXGL Background Thread 3 ] DEBUG Engine               - class com.almasb.fxgl.cutscene.CutsceneService
00:33:37.054 [FXGL Background Thread 3 ] DEBUG Engine               - class com.almasb.fxgl.minigames.MiniGameService
00:33:37.054 [FXGL Background Thread 3 ] DEBUG Engine               - class com.almasb.fxgl.net.NetService
00:33:37.054 [FXGL Background Thread 3 ] DEBUG Engine               - class com.almasb.fxgl.app.services.UpdaterService
00:33:37.054 [FXGL Background Thread 3 ] DEBUG Engine               - class com.almasb.fxgl.dev.DevService
00:33:37.204 [JavaFX Application Thread] DEBUG FXGLAssetLoaderServi - Loading from file system: file:/D:/UNIVERSITY/2/AP/tamrins/T3/CupHead/target/classes/assets/sounds/collision.wav
00:33:37.303 [JavaFX Application Thread] DEBUG FXGLAssetLoaderServi - Loading from file system: file:/D:/UNIVERSITY/2/AP/tamrins/T3/CupHead/target/classes/assets/textures/boss2.png
00:33:38.031 [JavaFX Application Thread] DEBUG FXGLAssetLoaderServi - Loading from file system: file:/D:/UNIVERSITY/2/AP/tamrins/T3/CupHead/target/classes/assets/textures/miniFly.png
00:33:39.125 [JavaFX Application Thread] DEBUG FXGLAssetLoaderServi - Loading from file system: file:/D:/UNIVERSITY/2/AP/tamrins/T3/CupHead/target/classes/assets/textures/egg.png
00:33:39.127 [JavaFX Application Thread] DEBUG FXGLAssetLoaderServi - Loading from file system: file:/D:/UNIVERSITY/2/AP/tamrins/T3/CupHead/target/classes/assets/sounds/egg.wav
00:33:56.887 [JavaFX Application Thread] DEBUG FXGLApplication      - Exiting FXGL
00:33:56.887 [JavaFX Application Thread] DEBUG LoopRunner           - Stopping loop
00:33:56.887 [JavaFX Application Thread] DEBUG SystemBundleService  - Saving FXGL system data
00:33:56.888 [JavaFX Application Thread] DEBUG FileSystemAccess     - Writing to: D:\UNIVERSITY\2\AP\tamrins\T3\CupHead\system\fxgl.bundle
00:33:56.890 [JavaFX Application Thread] DEBUG Async                - Shutting down background threads
00:33:56.890 [JavaFX Application Thread] DEBUG PrimaryStageWindow   - Closing main window
00:33:56.901 [JavaFX Application Thread] DEBUG Logger               - Closing Logger
