00:45:20.362 [main                     ] DEBUG Logger               - Configured Logger
00:45:20.380 [main                     ] DEBUG GameApplication      - Logging settings
Title: CupHead
Version: 0.0
Width: 1000
Height: 600
Fullscreen: false
Intro: false
Profiling: false
Single step:false
App Mode: DEVELOPER
Menu Key: ESCAPE
Stage Style: DECORATED
Scene Factory: class Views.BasicGameApp$1

00:45:20.715 [JavaFX Application Thread] DEBUG FXGLApplication      - Initializing FXGL
00:45:20.716 [JavaFX Application Thread] INFO  Engine               - FXGL-11.17 (16.07.2021 15.46) on WINDOWS (J:11.0.15 FX:17.0.1)
00:45:20.717 [JavaFX Application Thread] DEBUG Engine               - JRE Vendor Name: Amazon.com Inc.
00:45:20.717 [JavaFX Application Thread] DEBUG Engine               - Running on OS: Windows 10 version 10.0
00:45:20.717 [JavaFX Application Thread] DEBUG Engine               - Architecture: amd64
00:45:20.717 [JavaFX Application Thread] INFO  Engine               - Source code and latest versions at: https://github.com/AlmasB/FXGL
00:45:20.717 [JavaFX Application Thread] INFO  Engine               -              Join the FXGL chat at: https://gitter.im/AlmasB/FXGL
00:45:20.818 [JavaFX Application Thread] DEBUG PrimaryStageWindow   - Creating a JavaFX scene
00:45:20.868 [JavaFX Application Thread] DEBUG PrimaryStageWindow   - Target settings size: 1000.0 x 600.0
00:45:20.869 [JavaFX Application Thread] DEBUG PrimaryStageWindow   - Scaled scene size:    1000.0 x 600.0
00:45:20.869 [JavaFX Application Thread] DEBUG PrimaryStageWindow   - Scaled ratio: (1.0, 1.0)
00:45:20.870 [JavaFX Application Thread] DEBUG PrimaryStageWindow   - Set initial scene to FXGLStartupScene
00:45:20.877 [JavaFX Application Thread] DEBUG PrimaryStageWindow   - Opening main window
00:45:20.979 [JavaFX Application Thread] DEBUG PrimaryStageWindow   - Window border size: (14.4000244140625, 37.5999755859375)
00:45:20.979 [JavaFX Application Thread] DEBUG PrimaryStageWindow   - Scaled size: 1000.0 x 600.0
00:45:20.979 [JavaFX Application Thread] DEBUG PrimaryStageWindow   - Scaled ratio: (1.0, 1.0)
00:45:20.979 [JavaFX Application Thread] DEBUG PrimaryStageWindow   - Scene size: 1000.0 x 600.0
00:45:20.979 [JavaFX Application Thread] DEBUG PrimaryStageWindow   - Stage size: 1014.4000244140625 x 637.5999755859375
00:45:20.987 [FXGL Background Thread 1 ] DEBUG Engine               - Initializing environment variables
00:45:21.048 [FXGL Background Thread 1 ] DEBUG FXGLAssetLoaderServi - User app class for loading assets: class Views.BasicGameApp
00:45:21.048 [FXGL Background Thread 1 ] DEBUG GameApplicationServi - Applying CSS: fxgl_dark.css
00:45:21.048 [FXGL Background Thread 1 ] DEBUG FXGLAssetLoaderServi - Loading from file system: jar:file:/C:/Users/PARSA/.m2/repository/com/github/almasb/fxgl/11.17/fxgl-11.17.jar!/fxglassets/ui/css/fxgl_dark.css
00:45:21.087 [FXGL Background Thread 1 ] DEBUG GameApplicationServi - Initializing application scenes
00:45:21.137 [FXGL Background Thread 1 ] DEBUG GameWorld            - Game world initialized
00:45:21.201 [FXGL Background Thread 1 ] DEBUG PhysicsWorld         - Physics world initialized: appHeight=600, physics.ppm=50.0
00:45:21.202 [FXGL Background Thread 1 ] DEBUG PhysicsWorld         - Using strategy: BRUTE_FORCE
00:45:21.204 [FXGL Background Thread 1 ] DEBUG GameScene            - Game scene initialized: 1000x600
00:45:21.298 [FXGL Background Thread 1 ] DEBUG FXGL.DefaultMenu     - createMenuBodyGameMenu()
00:45:21.311 [FXGL Background Thread 1 ] DEBUG FXGL.DefaultMenu     - createOptionsMenu()
00:45:21.319 [FXGL Background Thread 1 ] DEBUG FXGLAssetLoaderServi - Loading from file system: jar:file:/C:/Users/PARSA/.m2/repository/com/github/almasb/fxgl/11.17/fxgl-11.17.jar!/fxglassets/textures/particles/smoke.png
00:45:21.386 [FXGL Background Thread 1 ] DEBUG FXGLAssetLoaderServi - Loading from file system: jar:file:/C:/Users/PARSA/.m2/repository/com/github/almasb/fxgl/11.17/fxgl-11.17.jar!/fxglassets/textures/particles/trace_horizontal.png
00:45:21.403 [FXGL Background Thread 1 ] DEBUG GameApplicationServi - Application scenes initialized
00:45:21.411 [FXGL Background Thread 1 ] DEBUG SystemBundleService  - Loading FXGL system data
00:45:21.413 [FXGL Background Thread 1 ] DEBUG FileSystemAccess     - Reading from: D:\UNIVERSITY\2\AP\tamrins\T3\CupHead\system\fxgl.bundle
00:45:21.418 [FXGL Background Thread 1 ] DEBUG SystemBundleService  - Bundle FXGL: {}
00:45:21.418 [FXGL Background Thread 1 ] DEBUG UpdaterService       - Checking for updates
00:45:21.445 [FXGL Background Thread 4 ] DEBUG FXGLApplication      - Loading fonts
00:45:21.446 [FXGL Background Thread 4 ] DEBUG FXGLAssetLoaderServi - Loading from file system: jar:file:/C:/Users/PARSA/.m2/repository/com/github/almasb/fxgl/11.17/fxgl-11.17.jar!/fxglassets/ui/fonts/VarelaRound-Regular.ttf
00:45:21.446 [FXGL Background Thread 1 ] DEBUG FXGLApplication      - Loading default localization
00:45:21.447 [FXGL Background Thread 1 ] DEBUG FXGLAssetLoaderServi - Loading from file system: jar:file:/C:/Users/PARSA/.m2/repository/com/github/almasb/fxgl/11.17/fxgl-11.17.jar!/fxglassets/languages/english.lang
00:45:21.462 [FXGL Background Thread 1 ] INFO  FXGLApplication      - FXGL initialization took: 0.474 sec
00:45:21.474 [JavaFX Application Thread] DEBUG Input                - Registered new binding: action0 - D
00:45:21.474 [JavaFX Application Thread] DEBUG Input                - Registered new binding: action1 - A
00:45:21.475 [JavaFX Application Thread] DEBUG Input                - Registered new binding: action2 - W
00:45:21.475 [JavaFX Application Thread] DEBUG Input                - Registered new binding: action3 - S
00:45:21.476 [JavaFX Application Thread] DEBUG Input                - Registered new binding: changeShootState - Tab
00:45:21.476 [JavaFX Application Thread] DEBUG Input                - Registered new binding: shoot - Space
00:45:21.477 [JavaFX Application Thread] DEBUG FXGLAssetLoaderServi - Loading from file system: jar:file:/C:/Users/PARSA/.m2/repository/com/github/almasb/fxgl/11.17/fxgl-11.17.jar!/fxglassets/textures/fxgl_icon.png
00:45:21.496 [JavaFX Application Thread] DEBUG FXGLAssetLoaderServi - Loading from file system: jar:file:/C:/Users/PARSA/.m2/repository/com/github/almasb/fxgl/11.17/fxgl-11.17.jar!/fxglassets/textures/fxgl_default_cursor.png
00:45:21.500 [JavaFX Application Thread] DEBUG Input                - Registered new binding: Screenshot - CTRL+8
00:45:21.501 [JavaFX Application Thread] DEBUG Input                - Registered new binding: Dev Options - 1
00:45:21.502 [JavaFX Application Thread] DEBUG Input                - Registered new binding: Dev Console - 2
00:45:21.503 [JavaFX Application Thread] DEBUG Input                - Registered new binding: System info dump - CTRL+9
00:45:21.504 [JavaFX Application Thread] DEBUG Input                - Registered new binding: Restart - CTRL+R
00:45:21.506 [JavaFX Application Thread] DEBUG Input                - Registered new binding: Toggle Debug Camera - CTRL+C
00:45:21.511 [JavaFX Application Thread] DEBUG LoopRunner           - Starting loop
00:45:21.523 [JavaFX Application Thread] DEBUG LoopRunner           - Initializing JavaFX AnimationTimerLoop
00:45:21.528 [JavaFX Application Thread] DEBUG Input                - Clearing active input actions
00:45:21.536 [JavaFX Application Thread] DEBUG GameApplicationServi - Removing overlay from FXGLStartupScene and adding to FXGLMainMenuDummyScene
00:45:21.545 [JavaFX Application Thread] DEBUG PrimaryStageWindow   - FXGLStartupScene -> FXGLMainMenuDummyScene
00:45:21.545 [JavaFX Application Thread] DEBUG PrimaryStageWindow   - Push state: CupHeadMainMenu
00:45:21.546 [JavaFX Application Thread] DEBUG FXGLAssetLoaderServi - Loading from file system: file:/D:/UNIVERSITY/2/AP/tamrins/T3/CupHead/target/classes/assets/music/menuMusic.wav
00:45:21.683 [JavaFX Application Thread] DEBUG AudioPlayer          - Playing music com.almasb.fxgl.audio.Music@2181de21
00:45:21.683 [JavaFX Application Thread] DEBUG Input                - Clearing active input actions
00:45:21.687 [JavaFX Application Thread] DEBUG GameApplicationServi - Removing overlay from FXGLMainMenuDummyScene and adding to CupHeadMainMenu
00:45:21.687 [JavaFX Application Thread] DEBUG PrimaryStageWindow   - FXGLMainMenuDummyScene -> CupHeadMainMenu
00:45:21.871 [FXGL Background Thread 4 ] DEBUG FXGLAssetLoaderServi - Loading from file system: jar:file:/C:/Users/PARSA/.m2/repository/com/github/almasb/fxgl/11.17/fxgl-11.17.jar!/fxglassets/ui/fonts/Abel-Regular.ttf
00:45:21.881 [FXGL Background Thread 4 ] DEBUG FXGLAssetLoaderServi - Loading from file system: jar:file:/C:/Users/PARSA/.m2/repository/com/github/almasb/fxgl/11.17/fxgl-11.17.jar!/fxglassets/ui/fonts/lucida_console.ttf
00:45:21.890 [FXGL Background Thread 4 ] DEBUG FXGLAssetLoaderServi - Loading from file system: jar:file:/C:/Users/PARSA/.m2/repository/com/github/almasb/fxgl/11.17/fxgl-11.17.jar!/fxglassets/ui/fonts/Courier-Prime.ttf
00:45:21.899 [JavaFX Application Thread] DEBUG FXGLApplication      - Registering font factories with UI factory
00:45:22.385 [FXGL Background Thread 2 ] INFO  UpdaterService       - Your current version:  11.17
00:45:22.386 [FXGL Background Thread 2 ] INFO  UpdaterService       - Latest stable version: 17.1
00:45:22.551 [JavaFX Application Thread] DEBUG Menu                 - fireNewGame()
00:45:22.551 [JavaFX Application Thread] DEBUG GameApplicationServi - Starting new game
00:45:22.551 [JavaFX Application Thread] DEBUG AudioPlayer          - Stopping music com.almasb.fxgl.audio.Music@2181de21
00:45:22.552 [JavaFX Application Thread] DEBUG PrimaryStageWindow   - Pop state: CupHeadMainMenu
00:45:22.553 [JavaFX Application Thread] DEBUG Input                - Clearing active input actions
00:45:22.553 [JavaFX Application Thread] DEBUG GameApplicationServi - Removing overlay from CupHeadMainMenu and adding to FXGLMainMenuDummyScene
00:45:22.554 [JavaFX Application Thread] DEBUG PrimaryStageWindow   - FXGLMainMenuDummyScene <- CupHeadMainMenu
00:45:22.554 [JavaFX Application Thread] DEBUG Input                - Clearing active input actions
00:45:22.559 [JavaFX Application Thread] DEBUG GameApplicationServi - Removing overlay from FXGLMainMenuDummyScene and adding to FXGLLoadingScene
00:45:22.559 [JavaFX Application Thread] DEBUG PrimaryStageWindow   - FXGLMainMenuDummyScene -> FXGLLoadingScene
00:45:22.559 [JavaFX Application Thread] DEBUG GameApplicationServi - Clearing previous game
00:45:22.559 [JavaFX Application Thread] DEBUG GameScene            - Clearing game scene
00:45:22.559 [JavaFX Application Thread] DEBUG GameWorld            - Clearing game world
00:45:22.560 [JavaFX Application Thread] DEBUG PhysicsWorld         - Clearing physics world
00:45:22.561 [FXGL Background Thread 2 ] DEBUG FXGLApplication      - Initializing game
00:45:22.563 [FXGL Background Thread 2 ] DEBUG FXGLAssetLoaderServi - Loading from file system: file:/D:/UNIVERSITY/2/AP/tamrins/T3/CupHead/target/classes/assets/textures/img.png
00:45:22.594 [FXGL Background Thread 2 ] DEBUG FXGLAssetLoaderServi - Loading from file system: file:/D:/UNIVERSITY/2/AP/tamrins/T3/CupHead/target/classes/assets/music/background.mp3
00:45:22.600 [FXGL Background Thread 2 ] DEBUG AudioPlayer          - Playing music com.almasb.fxgl.audio.Music@528e1667
00:45:22.636 [FXGL Background Thread 2 ] DEBUG FXGLAssetLoaderServi - Loading from file system: file:/D:/UNIVERSITY/2/AP/tamrins/T3/CupHead/target/classes/assets/textures/bossFly1.png
00:45:22.656 [FXGL Background Thread 2 ] DEBUG FXGLAssetLoaderServi - Loading from file system: file:/D:/UNIVERSITY/2/AP/tamrins/T3/CupHead/target/classes/assets/textures/red.png
00:45:22.660 [FXGL Background Thread 2 ] DEBUG FXGLAssetLoaderServi - Loading from file system: file:/D:/UNIVERSITY/2/AP/tamrins/T3/CupHead/target/classes/assets/textures/bulletIcon.png
00:45:22.683 [FXGL Background Thread 2 ] INFO  FXGLApplication      - Game initialization took: 0.122 sec
00:45:22.684 [JavaFX Application Thread] DEBUG Input                - Clearing active input actions
00:45:22.689 [JavaFX Application Thread] DEBUG GameApplicationServi - Removing overlay from FXGLLoadingScene and adding to GameScene
00:45:22.692 [JavaFX Application Thread] DEBUG PrimaryStageWindow   - FXGLLoadingScene -> GameScene
00:45:22.746 [JavaFX Application Thread] DEBUG PrimaryStageWindow   - Push state: DialogSubScene
00:45:22.746 [JavaFX Application Thread] DEBUG Input                - Clearing active input actions
00:45:22.748 [JavaFX Application Thread] DEBUG GameApplicationServi - Removing overlay from GameScene and adding to DialogSubScene
00:45:22.748 [JavaFX Application Thread] DEBUG PrimaryStageWindow   - GameScene -> DialogSubScene
00:45:23.719 [JavaFX Application Thread] DEBUG GameApplicationServi - Starting new game
00:45:23.719 [JavaFX Application Thread] DEBUG PrimaryStageWindow   - Pop state: DialogSubScene
00:45:23.719 [JavaFX Application Thread] DEBUG Input                - Clearing active input actions
00:45:23.720 [JavaFX Application Thread] DEBUG GameApplicationServi - Removing overlay from DialogSubScene and adding to GameScene
00:45:23.721 [JavaFX Application Thread] DEBUG PrimaryStageWindow   - GameScene <- DialogSubScene
00:45:23.721 [JavaFX Application Thread] DEBUG Input                - Clearing active input actions
00:45:23.724 [JavaFX Application Thread] DEBUG GameApplicationServi - Removing overlay from GameScene and adding to FXGLLoadingScene
00:45:23.724 [JavaFX Application Thread] DEBUG PrimaryStageWindow   - GameScene -> FXGLLoadingScene
00:45:23.724 [JavaFX Application Thread] DEBUG GameApplicationServi - Clearing previous game
00:45:23.724 [JavaFX Application Thread] DEBUG GameScene            - Clearing game scene
00:45:23.724 [JavaFX Application Thread] DEBUG GameWorld            - Clearing game world
00:45:23.726 [JavaFX Application Thread] DEBUG PhysicsWorld         - Clearing physics world
00:45:23.726 [FXGL Background Thread 2 ] DEBUG FXGLApplication      - Initializing game
00:45:23.727 [FXGL Background Thread 2 ] DEBUG AudioPlayer          - Playing music com.almasb.fxgl.audio.Music@528e1667
00:45:23.732 [FXGL Background Thread 2 ] INFO  FXGLApplication      - Game initialization took: 0.006 sec
00:45:23.740 [JavaFX Application Thread] DEBUG Input                - Clearing active input actions
00:45:23.744 [JavaFX Application Thread] DEBUG GameApplicationServi - Removing overlay from FXGLLoadingScene and adding to GameScene
00:45:23.745 [JavaFX Application Thread] DEBUG PrimaryStageWindow   - FXGLLoadingScene -> GameScene
00:45:24.444 [FXGL Background Thread 3 ] DEBUG Engine               - Logging environment variables
00:45:24.444 [FXGL Background Thread 3 ] DEBUG Engine               - achievements: []
00:45:24.444 [FXGL Background Thread 3 ] DEBUG Engine               - actualHeight: 600.0
00:45:24.445 [FXGL Background Thread 3 ] DEBUG Engine               - actualHeightProperty: ReadOnlyDoubleProperty [value: 600.0]
00:45:24.445 [FXGL Background Thread 3 ] DEBUG Engine               - actualWidth: 1000.0
00:45:24.445 [FXGL Background Thread 3 ] DEBUG Engine               - actualWidthProperty: ReadOnlyDoubleProperty [value: 1000.0]
00:45:24.445 [FXGL Background Thread 3 ] DEBUG Engine               - appIcon: fxgl_icon.png
00:45:24.445 [FXGL Background Thread 3 ] DEBUG Engine               - applicationMode: DEVELOPER
00:45:24.445 [FXGL Background Thread 3 ] DEBUG Engine               - cSSList: [fxgl_dark.css]
00:45:24.445 [FXGL Background Thread 3 ] DEBUG Engine               - collisionDetectionStrategy: BRUTE_FORCE
00:45:24.445 [FXGL Background Thread 3 ] DEBUG Engine               - configClass: Optional.empty
00:45:24.445 [FXGL Background Thread 3 ] DEBUG Engine               - credits: []
00:45:24.446 [FXGL Background Thread 3 ] DEBUG Engine               - defaultCursor: CursorInfo(imageName=fxgl_default_cursor.png, hotspotX=7.0, hotspotY=6.0)
00:45:24.446 [FXGL Background Thread 3 ] DEBUG Engine               - devBBoxColorProperty: ObjectProperty [value: 0xff0000ff]
00:45:24.446 [FXGL Background Thread 3 ] DEBUG Engine               - devEnableDebugCameraProperty: BooleanProperty [value: false]
00:45:24.446 [FXGL Background Thread 3 ] DEBUG Engine               - devSensorColorProperty: ObjectProperty [value: 0xffff00ff]
00:45:24.446 [FXGL Background Thread 3 ] DEBUG Engine               - devShowBBoxProperty: BooleanProperty [value: false]
00:45:24.446 [FXGL Background Thread 3 ] DEBUG Engine               - devShowPositionProperty: BooleanProperty [value: false]
00:45:24.446 [FXGL Background Thread 3 ] DEBUG Engine               - enabledMenuItems: []
00:45:24.446 [FXGL Background Thread 3 ] DEBUG Engine               - engineServices: [class com.almasb.fxgl.app.services.FXGLAssetLoaderService, class com.almasb.fxgl.app.FXGLApplication$GameApplicationService, class com.almasb.fxgl.app.services.FXGLDialogService, class com.almasb.fxgl.app.services.IOTaskExecutorService, class com.almasb.fxgl.io.FileSystemService, class com.almasb.fxgl.localization.LocalizationService, class com.almasb.fxgl.app.services.SystemBundleService, class com.almasb.fxgl.profile.SaveLoadService, class com.almasb.fxgl.ui.FXGLUIFactoryServiceProvider, class com.almasb.fxgl.ui.FXGLDialogFactoryServiceProvider, class com.almasb.fxgl.audio.AudioPlayer, class com.almasb.fxgl.notification.impl.NotificationServiceProvider, class com.almasb.fxgl.achievement.AchievementService, class com.almasb.fxgl.cutscene.CutsceneService, class com.almasb.fxgl.minigames.MiniGameService, class com.almasb.fxgl.net.NetService, class com.almasb.fxgl.app.services.UpdaterService, class com.almasb.fxgl.dev.DevService]
00:45:24.446 [FXGL Background Thread 3 ] DEBUG Engine               - fontGame: Abel-Regular.ttf
00:45:24.446 [FXGL Background Thread 3 ] DEBUG Engine               - fontMono: lucida_console.ttf
00:45:24.446 [FXGL Background Thread 3 ] DEBUG Engine               - fontText: Courier-Prime.ttf
00:45:24.446 [FXGL Background Thread 3 ] DEBUG Engine               - fontUI: VarelaRound-Regular.ttf
00:45:24.446 [FXGL Background Thread 3 ] DEBUG Engine               - fullScreen: BooleanProperty [value: false]
00:45:24.446 [FXGL Background Thread 3 ] DEBUG Engine               - gameDifficulty: MEDIUM
00:45:24.446 [FXGL Background Thread 3 ] DEBUG Engine               - gameDifficultyProperty: ObjectProperty [value: MEDIUM]
00:45:24.446 [FXGL Background Thread 3 ] DEBUG Engine               - globalMusicVolume: 0.5
00:45:24.446 [FXGL Background Thread 3 ] DEBUG Engine               - globalMusicVolumeProperty: DoubleProperty [value: 80.0]
00:45:24.447 [FXGL Background Thread 3 ] DEBUG Engine               - globalSoundVolume: 0.5
00:45:24.447 [FXGL Background Thread 3 ] DEBUG Engine               - globalSoundVolumeProperty: DoubleProperty [value: 0.5]
00:45:24.447 [FXGL Background Thread 3 ] DEBUG Engine               - height: 600
00:45:24.447 [FXGL Background Thread 3 ] DEBUG Engine               - is3D: false
00:45:24.447 [FXGL Background Thread 3 ] DEBUG Engine               - isAndroid: false
00:45:24.447 [FXGL Background Thread 3 ] DEBUG Engine               - isBrowser: false
00:45:24.447 [FXGL Background Thread 3 ] DEBUG Engine               - isClickFeedbackEnabled: false
00:45:24.447 [FXGL Background Thread 3 ] DEBUG Engine               - isCloseConfirmation: false
00:45:24.447 [FXGL Background Thread 3 ] DEBUG Engine               - isDesktop: true
00:45:24.447 [FXGL Background Thread 3 ] DEBUG Engine               - isDeveloperMenuEnabled: true
00:45:24.447 [FXGL Background Thread 3 ] DEBUG Engine               - isEntityPreloadEnabled: true
00:45:24.447 [FXGL Background Thread 3 ] DEBUG Engine               - isExperimentalTiledLargeMap: false
00:45:24.447 [FXGL Background Thread 3 ] DEBUG Engine               - isFileSystemWriteAllowed: true
00:45:24.447 [FXGL Background Thread 3 ] DEBUG Engine               - isFullScreenAllowed: false
00:45:24.447 [FXGL Background Thread 3 ] DEBUG Engine               - isFullScreenFromStart: false
00:45:24.447 [FXGL Background Thread 3 ] DEBUG Engine               - isGameMenuEnabled: true
00:45:24.447 [FXGL Background Thread 3 ] DEBUG Engine               - isIOS: false
00:45:24.447 [FXGL Background Thread 3 ] DEBUG Engine               - isIntroEnabled: false
00:45:24.447 [FXGL Background Thread 3 ] DEBUG Engine               - isLinux: false
00:45:24.447 [FXGL Background Thread 3 ] DEBUG Engine               - isMac: false
00:45:24.447 [FXGL Background Thread 3 ] DEBUG Engine               - isMainMenuEnabled: true
00:45:24.447 [FXGL Background Thread 3 ] DEBUG Engine               - isManualResizeEnabled: false
00:45:24.447 [FXGL Background Thread 3 ] DEBUG Engine               - isMobile: false
00:45:24.447 [FXGL Background Thread 3 ] DEBUG Engine               - isNative: false
00:45:24.447 [FXGL Background Thread 3 ] DEBUG Engine               - isPauseMusicWhenMinimized: true
00:45:24.447 [FXGL Background Thread 3 ] DEBUG Engine               - isPreserveResizeRatio: false
00:45:24.447 [FXGL Background Thread 3 ] DEBUG Engine               - isProfilingEnabled: false
00:45:24.447 [FXGL Background Thread 3 ] DEBUG Engine               - isScaleAffectedOnResize: true
00:45:24.447 [FXGL Background Thread 3 ] DEBUG Engine               - isSingleStep: false
00:45:24.447 [FXGL Background Thread 3 ] DEBUG Engine               - isUserProfileEnabled: true
00:45:24.447 [FXGL Background Thread 3 ] DEBUG Engine               - isWindows: true
00:45:24.448 [FXGL Background Thread 3 ] DEBUG Engine               - language: ObjectProperty [value: ENGLISH]
00:45:24.448 [FXGL Background Thread 3 ] DEBUG Engine               - menuKey: ESCAPE
00:45:24.448 [FXGL Background Thread 3 ] DEBUG Engine               - mouseSensitivity: 0.2
00:45:24.448 [FXGL Background Thread 3 ] DEBUG Engine               - notificationViewClass: class com.almasb.fxgl.notification.view.XboxNotificationView
00:45:24.448 [FXGL Background Thread 3 ] DEBUG Engine               - pixelsPerMeter: 50.0
00:45:24.448 [FXGL Background Thread 3 ] DEBUG Engine               - platform: WINDOWS
00:45:24.448 [FXGL Background Thread 3 ] DEBUG Engine               - prefHeightProperty: ReadOnlyDoubleProperty [value: 600.0]
00:45:24.448 [FXGL Background Thread 3 ] DEBUG Engine               - prefWidthProperty: ReadOnlyDoubleProperty [value: 1000.0]
00:45:24.448 [FXGL Background Thread 3 ] DEBUG Engine               - profileDir: profiles/
00:45:24.448 [FXGL Background Thread 3 ] DEBUG Engine               - profileName: StringProperty [value: DEFAULT]
00:45:24.448 [FXGL Background Thread 3 ] DEBUG Engine               - randomSeed: -1
00:45:24.448 [FXGL Background Thread 3 ] DEBUG Engine               - runtimeInfo: RuntimeInfo(platform=WINDOWS, version=11.17, build=16.07.2021 15.46)
00:45:24.448 [FXGL Background Thread 3 ] DEBUG Engine               - saveFileExt: sav
00:45:24.448 [FXGL Background Thread 3 ] DEBUG Engine               - scaledHeightProp$fxgl: DoubleProperty [bound, value: 600.0]
00:45:24.448 [FXGL Background Thread 3 ] DEBUG Engine               - scaledWidthProp$fxgl: DoubleProperty [bound, value: 1000.0]
00:45:24.448 [FXGL Background Thread 3 ] DEBUG Engine               - sceneFactory: Views.BasicGameApp$1@7bfda629
00:45:24.448 [FXGL Background Thread 3 ] DEBUG Engine               - secondsIn24h: 60
00:45:24.448 [FXGL Background Thread 3 ] DEBUG Engine               - soundMenuBack: menu/back.wav
00:45:24.448 [FXGL Background Thread 3 ] DEBUG Engine               - soundMenuPress: menu/press.wav
00:45:24.448 [FXGL Background Thread 3 ] DEBUG Engine               - soundMenuSelect: menu/select.wav
00:45:24.448 [FXGL Background Thread 3 ] DEBUG Engine               - soundNotification: core/notification.wav
00:45:24.448 [FXGL Background Thread 3 ] DEBUG Engine               - stageStyle: DECORATED
00:45:24.449 [FXGL Background Thread 3 ] DEBUG Engine               - supportedLanguages: [ENGLISH, FRENCH, GERMAN, HUNGARIAN, RUSSIAN]
00:45:24.449 [FXGL Background Thread 3 ] DEBUG Engine               - ticksPerSecond: -1
00:45:24.449 [FXGL Background Thread 3 ] DEBUG Engine               - title: CupHead
00:45:24.449 [FXGL Background Thread 3 ] DEBUG Engine               - urlGithub: https://github.com/AlmasB/FXGL
00:45:24.449 [FXGL Background Thread 3 ] DEBUG Engine               - urlLeaderboard: http://fxgl-top.herokuapp.com/
00:45:24.449 [FXGL Background Thread 3 ] DEBUG Engine               - urlPOM: https://raw.githubusercontent.com/AlmasB/FXGL/release/README.md
00:45:24.449 [FXGL Background Thread 3 ] DEBUG Engine               - userAppClass: class Views.BasicGameApp
00:45:24.449 [FXGL Background Thread 3 ] DEBUG Engine               - version: 0.0
00:45:24.449 [FXGL Background Thread 3 ] DEBUG Engine               - versionCheckDays: 7
00:45:24.449 [FXGL Background Thread 3 ] DEBUG Engine               - width: 1000
00:45:24.449 [FXGL Background Thread 3 ] DEBUG Engine               - Logging services
00:45:24.449 [FXGL Background Thread 3 ] DEBUG Engine               - class com.almasb.fxgl.app.services.FXGLAssetLoaderService
00:45:24.449 [FXGL Background Thread 3 ] DEBUG Engine               - class com.almasb.fxgl.app.FXGLApplication$GameApplicationService
00:45:24.449 [FXGL Background Thread 3 ] DEBUG Engine               - class com.almasb.fxgl.app.services.FXGLDialogService
00:45:24.449 [FXGL Background Thread 3 ] DEBUG Engine               - class com.almasb.fxgl.app.services.IOTaskExecutorService
00:45:24.449 [FXGL Background Thread 3 ] DEBUG Engine               - class com.almasb.fxgl.io.FileSystemService
00:45:24.449 [FXGL Background Thread 3 ] DEBUG Engine               - class com.almasb.fxgl.localization.LocalizationService
00:45:24.449 [FXGL Background Thread 3 ] DEBUG Engine               - class com.almasb.fxgl.app.services.SystemBundleService
00:45:24.449 [FXGL Background Thread 3 ] DEBUG Engine               - class com.almasb.fxgl.profile.SaveLoadService
00:45:24.449 [FXGL Background Thread 3 ] DEBUG Engine               - class com.almasb.fxgl.ui.FXGLUIFactoryServiceProvider
00:45:24.449 [FXGL Background Thread 3 ] DEBUG Engine               - class com.almasb.fxgl.ui.FXGLDialogFactoryServiceProvider
00:45:24.449 [FXGL Background Thread 3 ] DEBUG Engine               - class com.almasb.fxgl.audio.AudioPlayer
00:45:24.449 [FXGL Background Thread 3 ] DEBUG Engine               - class com.almasb.fxgl.notification.impl.NotificationServiceProvider
00:45:24.449 [FXGL Background Thread 3 ] DEBUG Engine               - class com.almasb.fxgl.achievement.AchievementService
00:45:24.449 [FXGL Background Thread 3 ] DEBUG Engine               - class com.almasb.fxgl.cutscene.CutsceneService
00:45:24.450 [FXGL Background Thread 3 ] DEBUG Engine               - class com.almasb.fxgl.minigames.MiniGameService
00:45:24.450 [FXGL Background Thread 3 ] DEBUG Engine               - class com.almasb.fxgl.net.NetService
00:45:24.450 [FXGL Background Thread 3 ] DEBUG Engine               - class com.almasb.fxgl.app.services.UpdaterService
00:45:24.450 [FXGL Background Thread 3 ] DEBUG Engine               - class com.almasb.fxgl.dev.DevService
00:45:24.880 [JavaFX Application Thread] DEBUG FXGLAssetLoaderServi - Loading from file system: file:/D:/UNIVERSITY/2/AP/tamrins/T3/CupHead/target/classes/assets/textures/bullet.png
00:45:24.882 [JavaFX Application Thread] DEBUG FXGLAssetLoaderServi - Loading from file system: file:/D:/UNIVERSITY/2/AP/tamrins/T3/CupHead/target/classes/assets/sounds/bullet.wav
00:45:25.297 [JavaFX Application Thread] DEBUG FXGLAssetLoaderServi - Loading from file system: file:/D:/UNIVERSITY/2/AP/tamrins/T3/CupHead/target/classes/assets/textures/miniFly.png
00:45:25.407 [JavaFX Application Thread] DEBUG FXGLAssetLoaderServi - Loading from file system: file:/D:/UNIVERSITY/2/AP/tamrins/T3/CupHead/target/classes/assets/sounds/collision.wav
00:45:26.301 [JavaFX Application Thread] DEBUG FXGLAssetLoaderServi - Loading from file system: file:/D:/UNIVERSITY/2/AP/tamrins/T3/CupHead/target/classes/assets/textures/egg.png
00:45:26.302 [JavaFX Application Thread] DEBUG FXGLAssetLoaderServi - Loading from file system: file:/D:/UNIVERSITY/2/AP/tamrins/T3/CupHead/target/classes/assets/sounds/egg.wav
00:45:34.654 [JavaFX Application Thread] DEBUG FXGLApplication      - Exiting FXGL
00:45:34.654 [JavaFX Application Thread] DEBUG LoopRunner           - Stopping loop
00:45:34.654 [JavaFX Application Thread] DEBUG SystemBundleService  - Saving FXGL system data
00:45:34.655 [JavaFX Application Thread] DEBUG FileSystemAccess     - Writing to: D:\UNIVERSITY\2\AP\tamrins\T3\CupHead\system\fxgl.bundle
00:45:34.657 [JavaFX Application Thread] DEBUG Async                - Shutting down background threads
00:45:34.657 [JavaFX Application Thread] DEBUG PrimaryStageWindow   - Closing main window
00:45:34.670 [JavaFX Application Thread] DEBUG Logger               - Closing Logger
